NUM. THETA             : 750
NUM. RHO               : 512
NUM. X PIXELS          : 512
NUM. Y PIXELS          : 512

NUM. OF PIXELS         : 262144
NUM. OF RAYS           : 384000

NUM. ITERATIONS        : 24

SPATIAL TILE SIZE      : 32
SPECTRAL TILE SIZE     : 32

NUMBER OF X TILES      : 16
NUMBER OF Y TILES      : 16
NUM. OF THETA TILES    : 24
NUM. OF RHO TILES      : 16

NUM. SPATIAL TILES     : 256
NUM. SPECTRAL TILES    : 384

NUM. OF X PIXELS (EXT) : 512
NUM. OF Y PIXELS (EXT) : 512
NUM. OF ANGLES (EXT)   : 768
NUM. OF RHOS (EXT)     : 512

NUM. OF PIXELS (EXT)   : 262144
NUM. OF RAYS (EXT)     : 393216

NUMBER OF PROCESSES    : 1
NUMBER OF THRD./PROC.  : 32

INTEGER: 4, FLOAT: 4, LONG: 8, SHORT: 2, POINTER: 8
APPROX. MEMORY     TOTAL: 4.394531e+00 GB
APPROX. MEMORY PER PROC.: 4.394531e+00 GB

X START       : -2.560000e+02
Y START       : -2.560000e+02
PIXEL SIZE    : 1.000000e+00
RHO START     : -2.560000e+02
RAY LENGTH    : 1.024000e+03

SPATIAL INDEXING       : 5
SPECTRAL INDEXING      : 5
 1: CARTESIAN, NATURAL
 2: CARTESIAN, TRANSPOSED
 3: MORTON, NATURAL
 4: MORTON, TRANSPOSED
PROJECTION BLOCK SIZE      : 128
BACKPROJECTION BLOCK SIZE  : 128
PROJECTION BUFFER SIZE      : 8 KB
BACKPROJECTION BUFFER SIZE  : 8 KB

SINOGRAM FILE : /home/ccuser/MemXCT/MemXCT_datasets/CDS1_sinogram.bin
   THETA FILE : /home/ccuser/MemXCT/MemXCT_datasets/CDS1_theta.bin
  OUTPUT FILE : /home/ccuser/MemXCT/recon_CDS1.bin


PLACE TILES
lspat 16 lspatdim 16
lspec 24 lspecdim 32
MPI PARTITIONING
proc: 0 numspats: 256 numpixs: 262144 numspecs: 384 numrays: 393216
maxnumpix: 262144 maxnumray: 393216
FILL PIXELS AND RAYS
INPUT THETA DATA
DOMAIN PARTITIONING
myid 0 raynuminc 384000/384000 raynumout 384000/384000

CONSTRUCT PROJECTION MATRIX
CSR STORAGE: 235011239 (1.750970 GB) rownzmax 1022
RAY-TRACING TIME: 1.920251e+01
CONSTRUCT BACKPROJECTION MATRIX
CSR STORAGE: 235011239 (1.750970 GB) rownzmax 1092
TRANSPOSITION TIME: 4.505227e+00

BLOCKING PROJECTION MATRIX
NUMBER OF BLOCKS: 3000 BUFFSIZE: 2048
NUMBER OF BUFFERS: 14528 AVERAGE BUFF/BLOCK: 4.842667 MAX BUFF/BLOCK: 8
BUFF MAP: 29753344 (0.110840 GB)
ELLPACK STORAGE: 289671040 (1.618663 GB) buffnzmax: 313 STORAGE EFFICIENCY: 1.216956 DATA REUSE: 8.914956
BLOCKING TIME: 6.344754e+00
BLOCKING BACKPROJECTION MATRIX
NUMBER OF BLOCKS: 2048 BUFFSIZE: 2048
NUMBER OF BUFFERS: 11662 AVERAGE BUFF/BLOCK: 5.694336 MAX BUFF/BLOCK: 6
BUFF MAP: 23883776 (0.088974 GB)
ELLPACK STORAGE: 275149312 (1.537517 GB) buffnzmax: 455 STORAGE EFFICIENCY: 1.281184 DATA REUSE: 10.667490
BLOCKING TIME: 7.601282e+00

FILL PROJECTION MATRIX
TIME: 1.542562e+01
FILL BACKPROJECTION MATRIX
TIME: 1.792856e+01
REDUCTION MAPPINGS
PREPROCESSING TIME: 7.101190e+01
myid: 0 device: 0

Device Count: 2
Device 0 name: 970327920
Computational Capabilities: 3, 7
Maximum global memory size: 11996954624
Maximum constant memory size: 65536
Maximum shared memory size per block: 49152
Maximum block dimensions: 1024x1024x64
Maximum grid dimensions: 2147483647x65535x65535
Maximum threads per block: 1024
Warp size: 32

PROC 0 TOTAL GPU MEMORY: 4.733236 GB
INPUT MEASUREMENT DATA
INPUT ENDS
GRADIENT-DESCENT OPTIMIZATION
iter: 0 error: 4.959043e+04 gradnorm: 1.560968e+10
iter: 1 error: 5.316521e+03 gradnorm: 4.760839e+08
iter: 2 error: 5.074595e+02 gradnorm: 1.604490e+07
iter: 3 error: 2.940097e+02 gradnorm: 8.082406e+06
iter: 4 error: 1.716273e+02 gradnorm: 1.353846e+06
iter: 5 error: 1.154529e+02 gradnorm: 6.253219e+05
iter: 6 error: 8.898356e+01 gradnorm: 6.373764e+05
iter: 7 error: 7.424175e+01 gradnorm: 4.577937e+05
iter: 8 error: 6.658984e+01 gradnorm: 1.301598e+06
iter: 9 error: 5.776342e+01 gradnorm: 2.322222e+05
iter: 10 error: 4.873879e+01 gradnorm: 1.924822e+05
iter: 11 error: 4.171460e+01 gradnorm: 1.086465e+05
iter: 12 error: 3.749839e+01 gradnorm: 1.865215e+05
iter: 13 error: 3.463581e+01 gradnorm: 1.062638e+05
iter: 14 error: 3.152691e+01 gradnorm: 7.948759e+04
iter: 15 error: 3.074913e+01 gradnorm: 1.594017e+05
iter: 16 error: 2.842379e+01 gradnorm: 5.517568e+04
iter: 17 error: 2.682884e+01 gradnorm: 4.563062e+04
iter: 18 error: 2.524188e+01 gradnorm: 2.666370e+04
iter: 19 error: 2.394850e+01 gradnorm: 2.564216e+04
iter: 20 error: 2.289089e+01 gradnorm: 1.594179e+04
iter: 21 error: 2.245251e+01 gradnorm: 8.285528e+04
iter: 22 error: 2.188784e+01 gradnorm: 1.229761e+04
iter: 23 error: 2.120809e+01 gradnorm: 9.583484e+03
iter: 24 error: 2.074038e+01 gradnorm: 1.417194e+04
recon: 1.148199e+00 proj: 7.192299e-01 (6.553608e-01 3.512712e-02 1.536160e-02) backproj: 3.497309e-01 (7.892050e-03 1.948272e-02 3.148603e-01) ctime: 7.899860e-02 wtime: 1.917020e-04
numproj: 49 numback: 25
proj: 6.553608e-01 s (35.142630 GFLOPS) backproj: 3.148603e-01 s (37.319927 GFLOPS) avGFLOPS: 35.849216 totGFLOPS: 35.849216
proj: 138.847098 GB/s back: 138.667148 GB/s av: 138.788700 GB/s tot: 138.788700 GB/s
Total Time: 7.745710e+01
NUM. THETA             : 750
NUM. RHO               : 512
NUM. X PIXELS          : 512
NUM. Y PIXELS          : 512

NUM. OF PIXELS         : 262144
NUM. OF RAYS           : 384000

NUM. ITERATIONS        : 24

SPATIAL TILE SIZE      : 32
SPECTRAL TILE SIZE     : 32

NUMBER OF X TILES      : 16
NUMBER OF Y TILES      : 16
NUM. OF THETA TILES    : 24
NUM. OF RHO TILES      : 16

NUM. SPATIAL TILES     : 256
NUM. SPECTRAL TILES    : 384

NUM. OF X PIXELS (EXT) : 512
NUM. OF Y PIXELS (EXT) : 512
NUM. OF ANGLES (EXT)   : 768
NUM. OF RHOS (EXT)     : 512

NUM. OF PIXELS (EXT)   : 262144
NUM. OF RAYS (EXT)     : 393216

NUMBER OF PROCESSES    : 1
NUMBER OF THRD./PROC.  : 32

INTEGER: 4, FLOAT: 4, LONG: 8, SHORT: 2, POINTER: 8
APPROX. MEMORY     TOTAL: 4.394531e+00 GB
APPROX. MEMORY PER PROC.: 4.394531e+00 GB

X START       : -2.560000e+02
Y START       : -2.560000e+02
PIXEL SIZE    : 1.000000e+00
RHO START     : -2.560000e+02
RAY LENGTH    : 1.024000e+03

SPATIAL INDEXING       : 5
SPECTRAL INDEXING      : 5
 1: CARTESIAN, NATURAL
 2: CARTESIAN, TRANSPOSED
 3: MORTON, NATURAL
 4: MORTON, TRANSPOSED
PROJECTION BLOCK SIZE      : 128
BACKPROJECTION BLOCK SIZE  : 128
PROJECTION BUFFER SIZE      : 8 KB
BACKPROJECTION BUFFER SIZE  : 8 KB

SINOGRAM FILE : /home/ccuser/MemXCT/MemXCT_datasets/CDS1_sinogram.bin
   THETA FILE : /home/ccuser/MemXCT/MemXCT_datasets/CDS1_theta.bin
  OUTPUT FILE : /home/ccuser/MemXCT/recon_CDS1.bin


PLACE TILES
lspat 16 lspatdim 16
lspec 24 lspecdim 32
MPI PARTITIONING
proc: 0 numspats: 256 numpixs: 262144 numspecs: 384 numrays: 393216
maxnumpix: 262144 maxnumray: 393216
FILL PIXELS AND RAYS
INPUT THETA DATA
DOMAIN PARTITIONING
myid 0 raynuminc 384000/384000 raynumout 384000/384000

CONSTRUCT PROJECTION MATRIX
CSR STORAGE: 235011239 (1.750970 GB) rownzmax 1022
RAY-TRACING TIME: 1.920846e+01
CONSTRUCT BACKPROJECTION MATRIX
CSR STORAGE: 235011239 (1.750970 GB) rownzmax 1092
TRANSPOSITION TIME: 3.857437e+00

BLOCKING PROJECTION MATRIX
NUMBER OF BLOCKS: 3000 BUFFSIZE: 2048
NUMBER OF BUFFERS: 14528 AVERAGE BUFF/BLOCK: 4.842667 MAX BUFF/BLOCK: 8
BUFF MAP: 29753344 (0.110840 GB)
ELLPACK STORAGE: 289671040 (1.618663 GB) buffnzmax: 313 STORAGE EFFICIENCY: 1.216956 DATA REUSE: 8.914956
BLOCKING TIME: 6.410877e+00
BLOCKING BACKPROJECTION MATRIX
NUMBER OF BLOCKS: 2048 BUFFSIZE: 2048
NUMBER OF BUFFERS: 11662 AVERAGE BUFF/BLOCK: 5.694336 MAX BUFF/BLOCK: 6
BUFF MAP: 23883776 (0.088974 GB)
ELLPACK STORAGE: 275149312 (1.537517 GB) buffnzmax: 455 STORAGE EFFICIENCY: 1.281184 DATA REUSE: 10.667490
BLOCKING TIME: 7.581233e+00

FILL PROJECTION MATRIX
TIME: 1.546274e+01
FILL BACKPROJECTION MATRIX
TIME: 1.779943e+01
REDUCTION MAPPINGS
PREPROCESSING TIME: 7.032422e+01
myid: 0 device: 0

Device Count: 2
Device 0 name: 1986479120
Computational Capabilities: 3, 7
Maximum global memory size: 11996954624
Maximum constant memory size: 65536
Maximum shared memory size per block: 49152
Maximum block dimensions: 1024x1024x64
Maximum grid dimensions: 2147483647x65535x65535
Maximum threads per block: 1024
Warp size: 32

PROC 0 TOTAL GPU MEMORY: 4.733236 GB
INPUT MEASUREMENT DATA
INPUT ENDS
GRADIENT-DESCENT OPTIMIZATION
iter: 0 error: 4.959043e+04 gradnorm: 1.560967e+10
iter: 1 error: 5.316520e+03 gradnorm: 4.760839e+08
iter: 2 error: 5.074595e+02 gradnorm: 1.604489e+07
iter: 3 error: 2.940097e+02 gradnorm: 8.082414e+06
iter: 4 error: 1.716273e+02 gradnorm: 1.353847e+06
iter: 5 error: 1.154529e+02 gradnorm: 6.253624e+05
iter: 6 error: 8.900687e+01 gradnorm: 6.447279e+05
iter: 7 error: 7.525153e+01 gradnorm: 7.306582e+05
iter: 8 error: 7.071480e+01 gradnorm: 6.713024e+05
iter: 9 error: 5.778219e+01 gradnorm: 2.263510e+05
iter: 10 error: 4.873887e+01 gradnorm: 1.924552e+05
iter: 11 error: 4.171453e+01 gradnorm: 1.086373e+05
iter: 12 error: 3.749696e+01 gradnorm: 1.864529e+05
iter: 13 error: 3.463488e+01 gradnorm: 1.061404e+05
iter: 14 error: 3.148841e+01 gradnorm: 6.737284e+04
iter: 15 error: 3.029734e+01 gradnorm: 2.308571e+05
iter: 16 error: 2.842027e+01 gradnorm: 5.619684e+04
iter: 17 error: 2.682879e+01 gradnorm: 4.564023e+04
iter: 18 error: 2.524187e+01 gradnorm: 2.666373e+04
iter: 19 error: 2.394850e+01 gradnorm: 2.564108e+04
iter: 20 error: 2.289033e+01 gradnorm: 1.575525e+04
iter: 21 error: 2.240526e+01 gradnorm: 8.453753e+04
iter: 22 error: 2.188758e+01 gradnorm: 1.236998e+04
iter: 23 error: 2.120664e+01 gradnorm: 9.411049e+03
iter: 24 error: 2.068789e+01 gradnorm: 9.146843e+03
recon: 1.145718e+00 proj: 7.188543e-01 (6.557232e-01 3.796993e-02 1.495499e-02) backproj: 3.457579e-01 (7.897649e-03 1.796321e-02 3.147073e-01) ctime: 8.084531e-02 wtime: 1.995000e-04
numproj: 49 numback: 25
proj: 6.557232e-01 s (35.123206 GFLOPS) backproj: 3.147073e-01 s (37.338063 GFLOPS) avGFLOPS: 35.841477 totGFLOPS: 35.841477
proj: 138.770354 GB/s back: 138.734534 GB/s av: 138.758738 GB/s tot: 138.758738 GB/s
Total Time: 7.679611e+01
NUM. THETA             : 750
NUM. RHO               : 512
NUM. X PIXELS          : 512
NUM. Y PIXELS          : 512

NUM. OF PIXELS         : 262144
NUM. OF RAYS           : 384000

NUM. ITERATIONS        : 24

SPATIAL TILE SIZE      : 32
SPECTRAL TILE SIZE     : 32

NUMBER OF X TILES      : 16
NUMBER OF Y TILES      : 16
NUM. OF THETA TILES    : 24
NUM. OF RHO TILES      : 16

NUM. SPATIAL TILES     : 256
NUM. SPECTRAL TILES    : 384

NUM. OF X PIXELS (EXT) : 512
NUM. OF Y PIXELS (EXT) : 512
NUM. OF ANGLES (EXT)   : 768
NUM. OF RHOS (EXT)     : 512

NUM. OF PIXELS (EXT)   : 262144
NUM. OF RAYS (EXT)     : 393216

NUMBER OF PROCESSES    : 1
NUMBER OF THRD./PROC.  : 32

INTEGER: 4, FLOAT: 4, LONG: 8, SHORT: 2, POINTER: 8
APPROX. MEMORY     TOTAL: 4.394531e+00 GB
APPROX. MEMORY PER PROC.: 4.394531e+00 GB

X START       : -2.560000e+02
Y START       : -2.560000e+02
PIXEL SIZE    : 1.000000e+00
RHO START     : -2.560000e+02
RAY LENGTH    : 1.024000e+03

SPATIAL INDEXING       : 5
SPECTRAL INDEXING      : 5
 1: CARTESIAN, NATURAL
 2: CARTESIAN, TRANSPOSED
 3: MORTON, NATURAL
 4: MORTON, TRANSPOSED
PROJECTION BLOCK SIZE      : 128
BACKPROJECTION BLOCK SIZE  : 128
PROJECTION BUFFER SIZE      : 8 KB
BACKPROJECTION BUFFER SIZE  : 8 KB

SINOGRAM FILE : /home/ccuser/MemXCT/MemXCT_datasets/CDS1_sinogram.bin
   THETA FILE : /home/ccuser/MemXCT/MemXCT_datasets/CDS1_theta.bin
  OUTPUT FILE : /home/ccuser/MemXCT/recon_CDS1.bin


PLACE TILES
lspat 16 lspatdim 16
lspec 24 lspecdim 32
MPI PARTITIONING
proc: 0 numspats: 256 numpixs: 262144 numspecs: 384 numrays: 393216
maxnumpix: 262144 maxnumray: 393216
FILL PIXELS AND RAYS
INPUT THETA DATA
DOMAIN PARTITIONING
myid 0 raynuminc 384000/384000 raynumout 384000/384000

CONSTRUCT PROJECTION MATRIX
CSR STORAGE: 235011239 (1.750970 GB) rownzmax 1022
RAY-TRACING TIME: 1.927980e+01
CONSTRUCT BACKPROJECTION MATRIX
CSR STORAGE: 235011239 (1.750970 GB) rownzmax 1092
TRANSPOSITION TIME: 4.488831e+00

BLOCKING PROJECTION MATRIX
NUMBER OF BLOCKS: 3000 BUFFSIZE: 2048
NUMBER OF BUFFERS: 14528 AVERAGE BUFF/BLOCK: 4.842667 MAX BUFF/BLOCK: 8
BUFF MAP: 29753344 (0.110840 GB)
ELLPACK STORAGE: 289671040 (1.618663 GB) buffnzmax: 313 STORAGE EFFICIENCY: 1.216956 DATA REUSE: 8.914956
BLOCKING TIME: 6.318318e+00
BLOCKING BACKPROJECTION MATRIX
NUMBER OF BLOCKS: 2048 BUFFSIZE: 2048
NUMBER OF BUFFERS: 11662 AVERAGE BUFF/BLOCK: 5.694336 MAX BUFF/BLOCK: 6
BUFF MAP: 23883776 (0.088974 GB)
ELLPACK STORAGE: 275149312 (1.537517 GB) buffnzmax: 455 STORAGE EFFICIENCY: 1.281184 DATA REUSE: 10.667490
BLOCKING TIME: 7.621477e+00

FILL PROJECTION MATRIX
TIME: 1.548034e+01
FILL BACKPROJECTION MATRIX
TIME: 1.794006e+01
REDUCTION MAPPINGS
PREPROCESSING TIME: 7.113278e+01
myid: 0 device: 0

Device Count: 2
Device 0 name: 456374016
Computational Capabilities: 3, 7
Maximum global memory size: 11996954624
Maximum constant memory size: 65536
Maximum shared memory size per block: 49152
Maximum block dimensions: 1024x1024x64
Maximum grid dimensions: 2147483647x65535x65535
Maximum threads per block: 1024
Warp size: 32

PROC 0 TOTAL GPU MEMORY: 4.733236 GB
INPUT MEASUREMENT DATA
INPUT ENDS
GRADIENT-DESCENT OPTIMIZATION
iter: 0 error: 4.959043e+04 gradnorm: 1.560967e+10
iter: 1 error: 5.316521e+03 gradnorm: 4.760840e+08
iter: 2 error: 5.074595e+02 gradnorm: 1.604490e+07
iter: 3 error: 2.940097e+02 gradnorm: 8.082409e+06
iter: 4 error: 1.716273e+02 gradnorm: 1.353847e+06
iter: 5 error: 1.154529e+02 gradnorm: 6.253610e+05
iter: 6 error: 8.900635e+01 gradnorm: 6.445678e+05
iter: 7 error: 7.523145e+01 gradnorm: 7.257496e+05
iter: 8 error: 7.069838e+01 gradnorm: 6.755415e+05
iter: 9 error: 5.778214e+01 gradnorm: 2.263659e+05
iter: 10 error: 4.873887e+01 gradnorm: 1.924552e+05
iter: 11 error: 4.171451e+01 gradnorm: 1.086362e+05
iter: 12 error: 3.749682e+01 gradnorm: 1.864490e+05
iter: 13 error: 3.463499e+01 gradnorm: 1.061776e+05
iter: 14 error: 3.149745e+01 gradnorm: 7.026218e+04
iter: 15 error: 3.047952e+01 gradnorm: 2.087165e+05
iter: 16 error: 2.842187e+01 gradnorm: 5.572048e+04
iter: 17 error: 2.682879e+01 gradnorm: 4.563613e+04
iter: 18 error: 2.524189e+01 gradnorm: 2.666382e+04
iter: 19 error: 2.394848e+01 gradnorm: 2.563739e+04
iter: 20 error: 2.288829e+01 gradnorm: 1.507139e+04
iter: 21 error: 2.202000e+01 gradnorm: 3.186136e+04
iter: 22 error: 2.187290e+01 gradnorm: 1.709481e+04
iter: 23 error: 2.120642e+01 gradnorm: 9.396259e+03
iter: 24 error: 2.067963e+01 gradnorm: 8.212541e+03
recon: 1.145024e+00 proj: 7.176059e-01 (6.556895e-01 3.682703e-02 1.511630e-02) backproj: 3.455418e-01 (7.935449e-03 1.801311e-02 3.146441e-01) ctime: 8.161951e-02 wtime: 1.959020e-04
numproj: 49 numback: 25
proj: 6.556895e-01 s (35.125010 GFLOPS) backproj: 3.146441e-01 s (37.345567 GFLOPS) avGFLOPS: 35.845056 totGFLOPS: 35.845056
proj: 138.777480 GB/s back: 138.762416 GB/s av: 138.772595 GB/s tot: 138.772595 GB/s
Total Time: 7.759731e+01
NUM. THETA             : 750
NUM. RHO               : 512
NUM. X PIXELS          : 512
NUM. Y PIXELS          : 512

NUM. OF PIXELS         : 262144
NUM. OF RAYS           : 384000

NUM. ITERATIONS        : 24

SPATIAL TILE SIZE      : 32
SPECTRAL TILE SIZE     : 32

NUMBER OF X TILES      : 16
NUMBER OF Y TILES      : 16
NUM. OF THETA TILES    : 24
NUM. OF RHO TILES      : 16

NUM. SPATIAL TILES     : 256
NUM. SPECTRAL TILES    : 384

NUM. OF X PIXELS (EXT) : 512
NUM. OF Y PIXELS (EXT) : 512
NUM. OF ANGLES (EXT)   : 768
NUM. OF RHOS (EXT)     : 512

NUM. OF PIXELS (EXT)   : 262144
NUM. OF RAYS (EXT)     : 393216

NUMBER OF PROCESSES    : 1
NUMBER OF THRD./PROC.  : 32

INTEGER: 4, FLOAT: 4, LONG: 8, SHORT: 2, POINTER: 8
APPROX. MEMORY     TOTAL: 4.394531e+00 GB
APPROX. MEMORY PER PROC.: 4.394531e+00 GB

X START       : -2.560000e+02
Y START       : -2.560000e+02
PIXEL SIZE    : 1.000000e+00
RHO START     : -2.560000e+02
RAY LENGTH    : 1.024000e+03

SPATIAL INDEXING       : 5
SPECTRAL INDEXING      : 5
 1: CARTESIAN, NATURAL
 2: CARTESIAN, TRANSPOSED
 3: MORTON, NATURAL
 4: MORTON, TRANSPOSED
PROJECTION BLOCK SIZE      : 128
BACKPROJECTION BLOCK SIZE  : 128
PROJECTION BUFFER SIZE      : 8 KB
BACKPROJECTION BUFFER SIZE  : 8 KB

SINOGRAM FILE : /home/ccuser/MemXCT/MemXCT_datasets/CDS1_sinogram.bin
   THETA FILE : /home/ccuser/MemXCT/MemXCT_datasets/CDS1_theta.bin
  OUTPUT FILE : /home/ccuser/MemXCT/recon_CDS1.bin


PLACE TILES
lspat 16 lspatdim 16
lspec 24 lspecdim 32
MPI PARTITIONING
proc: 0 numspats: 256 numpixs: 262144 numspecs: 384 numrays: 393216
maxnumpix: 262144 maxnumray: 393216
FILL PIXELS AND RAYS
INPUT THETA DATA
DOMAIN PARTITIONING
myid 0 raynuminc 384000/384000 raynumout 384000/384000

CONSTRUCT PROJECTION MATRIX
CSR STORAGE: 235011239 (1.750970 GB) rownzmax 1022
RAY-TRACING TIME: 1.928049e+01
CONSTRUCT BACKPROJECTION MATRIX
CSR STORAGE: 235011239 (1.750970 GB) rownzmax 1092
TRANSPOSITION TIME: 3.813287e+00

BLOCKING PROJECTION MATRIX
NUMBER OF BLOCKS: 3000 BUFFSIZE: 2048
NUMBER OF BUFFERS: 14528 AVERAGE BUFF/BLOCK: 4.842667 MAX BUFF/BLOCK: 8
BUFF MAP: 29753344 (0.110840 GB)
ELLPACK STORAGE: 289671040 (1.618663 GB) buffnzmax: 313 STORAGE EFFICIENCY: 1.216956 DATA REUSE: 8.914956
BLOCKING TIME: 6.352646e+00
BLOCKING BACKPROJECTION MATRIX
NUMBER OF BLOCKS: 2048 BUFFSIZE: 2048
NUMBER OF BUFFERS: 11662 AVERAGE BUFF/BLOCK: 5.694336 MAX BUFF/BLOCK: 6
BUFF MAP: 23883776 (0.088974 GB)
ELLPACK STORAGE: 275149312 (1.537517 GB) buffnzmax: 455 STORAGE EFFICIENCY: 1.281184 DATA REUSE: 10.667490
BLOCKING TIME: 7.661250e+00

FILL PROJECTION MATRIX
TIME: 1.543973e+01
FILL BACKPROJECTION MATRIX
TIME: 1.790758e+01
REDUCTION MAPPINGS
PREPROCESSING TIME: 7.045894e+01
myid: 0 device: 0

Device Count: 2
Device 0 name: 1230041728
Computational Capabilities: 3, 7
Maximum global memory size: 11996954624
Maximum constant memory size: 65536
Maximum shared memory size per block: 49152
Maximum block dimensions: 1024x1024x64
Maximum grid dimensions: 2147483647x65535x65535
Maximum threads per block: 1024
Warp size: 32

PROC 0 TOTAL GPU MEMORY: 4.733236 GB
INPUT MEASUREMENT DATA
INPUT ENDS
GRADIENT-DESCENT OPTIMIZATION
iter: 0 error: 4.959042e+04 gradnorm: 1.560967e+10
iter: 1 error: 5.316520e+03 gradnorm: 4.760838e+08
iter: 2 error: 5.074596e+02 gradnorm: 1.604490e+07
iter: 3 error: 2.940097e+02 gradnorm: 8.082412e+06
iter: 4 error: 1.716273e+02 gradnorm: 1.353845e+06
iter: 5 error: 1.154529e+02 gradnorm: 6.253212e+05
iter: 6 error: 8.898335e+01 gradnorm: 6.373168e+05
iter: 7 error: 7.423250e+01 gradnorm: 4.550359e+05
iter: 8 error: 6.639014e+01 gradnorm: 1.310104e+06
iter: 9 error: 5.776199e+01 gradnorm: 2.326729e+05
iter: 10 error: 4.873879e+01 gradnorm: 1.924840e+05
iter: 11 error: 4.171463e+01 gradnorm: 1.086454e+05
iter: 12 error: 3.749825e+01 gradnorm: 1.865169e+05
iter: 13 error: 3.463585e+01 gradnorm: 1.062917e+05
iter: 14 error: 3.153338e+01 gradnorm: 8.150173e+04
iter: 15 error: 3.078107e+01 gradnorm: 1.522455e+05
iter: 16 error: 2.842394e+01 gradnorm: 5.511923e+04
iter: 17 error: 2.682882e+01 gradnorm: 4.563077e+04
iter: 18 error: 2.524187e+01 gradnorm: 2.666385e+04
iter: 19 error: 2.394852e+01 gradnorm: 2.564565e+04
iter: 20 error: 2.289276e+01 gradnorm: 1.656878e+04
iter: 21 error: 2.255299e+01 gradnorm: 7.337818e+04
iter: 22 error: 2.188820e+01 gradnorm: 1.217186e+04
iter: 23 error: 2.120691e+01 gradnorm: 9.443435e+03
iter: 24 error: 2.069930e+01 gradnorm: 1.039464e+04
recon: 1.142813e+00 proj: 7.172569e-01 (6.555671e-01 3.614587e-02 1.493152e-02) backproj: 3.453726e-01 (7.893017e-03 1.792893e-02 3.146399e-01) ctime: 7.993375e-02 wtime: 1.920000e-04
numproj: 49 numback: 25
proj: 6.555671e-01 s (35.131570 GFLOPS) backproj: 3.146399e-01 s (37.346060 GFLOPS) avGFLOPS: 35.849733 totGFLOPS: 35.849733
proj: 138.803398 GB/s back: 138.764250 GB/s av: 138.790702 GB/s tot: 138.790702 GB/s
Total Time: 7.689989e+01
NUM. THETA             : 750
NUM. RHO               : 512
NUM. X PIXELS          : 512
NUM. Y PIXELS          : 512

NUM. OF PIXELS         : 262144
NUM. OF RAYS           : 384000

NUM. ITERATIONS        : 24

SPATIAL TILE SIZE      : 32
SPECTRAL TILE SIZE     : 32

NUMBER OF X TILES      : 16
NUMBER OF Y TILES      : 16
NUM. OF THETA TILES    : 24
NUM. OF RHO TILES      : 16

NUM. SPATIAL TILES     : 256
NUM. SPECTRAL TILES    : 384

NUM. OF X PIXELS (EXT) : 512
NUM. OF Y PIXELS (EXT) : 512
NUM. OF ANGLES (EXT)   : 768
NUM. OF RHOS (EXT)     : 512

NUM. OF PIXELS (EXT)   : 262144
NUM. OF RAYS (EXT)     : 393216

NUMBER OF PROCESSES    : 1
NUMBER OF THRD./PROC.  : 32

INTEGER: 4, FLOAT: 4, LONG: 8, SHORT: 2, POINTER: 8
APPROX. MEMORY     TOTAL: 4.394531e+00 GB
APPROX. MEMORY PER PROC.: 4.394531e+00 GB

X START       : -2.560000e+02
Y START       : -2.560000e+02
PIXEL SIZE    : 1.000000e+00
RHO START     : -2.560000e+02
RAY LENGTH    : 1.024000e+03

SPATIAL INDEXING       : 5
SPECTRAL INDEXING      : 5
 1: CARTESIAN, NATURAL
 2: CARTESIAN, TRANSPOSED
 3: MORTON, NATURAL
 4: MORTON, TRANSPOSED
PROJECTION BLOCK SIZE      : 128
BACKPROJECTION BLOCK SIZE  : 128
PROJECTION BUFFER SIZE      : 8 KB
BACKPROJECTION BUFFER SIZE  : 8 KB

SINOGRAM FILE : /home/ccuser/MemXCT/MemXCT_datasets/CDS1_sinogram.bin
   THETA FILE : /home/ccuser/MemXCT/MemXCT_datasets/CDS1_theta.bin
  OUTPUT FILE : /home/ccuser/MemXCT/recon_CDS1.bin


PLACE TILES
lspat 16 lspatdim 16
lspec 24 lspecdim 32
MPI PARTITIONING
proc: 0 numspats: 256 numpixs: 262144 numspecs: 384 numrays: 393216
maxnumpix: 262144 maxnumray: 393216
FILL PIXELS AND RAYS
INPUT THETA DATA
DOMAIN PARTITIONING
myid 0 raynuminc 384000/384000 raynumout 384000/384000

CONSTRUCT PROJECTION MATRIX
CSR STORAGE: 235011239 (1.750970 GB) rownzmax 1022
RAY-TRACING TIME: 1.924584e+01
CONSTRUCT BACKPROJECTION MATRIX
CSR STORAGE: 235011239 (1.750970 GB) rownzmax 1092
TRANSPOSITION TIME: 4.458327e+00

BLOCKING PROJECTION MATRIX
NUMBER OF BLOCKS: 3000 BUFFSIZE: 2048
NUMBER OF BUFFERS: 14528 AVERAGE BUFF/BLOCK: 4.842667 MAX BUFF/BLOCK: 8
BUFF MAP: 29753344 (0.110840 GB)
ELLPACK STORAGE: 289671040 (1.618663 GB) buffnzmax: 313 STORAGE EFFICIENCY: 1.216956 DATA REUSE: 8.914956
BLOCKING TIME: 6.326290e+00
BLOCKING BACKPROJECTION MATRIX
NUMBER OF BLOCKS: 2048 BUFFSIZE: 2048
NUMBER OF BUFFERS: 11662 AVERAGE BUFF/BLOCK: 5.694336 MAX BUFF/BLOCK: 6
BUFF MAP: 23883776 (0.088974 GB)
ELLPACK STORAGE: 275149312 (1.537517 GB) buffnzmax: 455 STORAGE EFFICIENCY: 1.281184 DATA REUSE: 10.667490
BLOCKING TIME: 7.649737e+00

FILL PROJECTION MATRIX
TIME: 1.536692e+01
FILL BACKPROJECTION MATRIX
TIME: 1.790660e+01
REDUCTION MAPPINGS
PREPROCESSING TIME: 7.095775e+01
myid: 0 device: 0

Device Count: 2
Device 0 name: 1847487216
Computational Capabilities: 3, 7
Maximum global memory size: 11996954624
Maximum constant memory size: 65536
Maximum shared memory size per block: 49152
Maximum block dimensions: 1024x1024x64
Maximum grid dimensions: 2147483647x65535x65535
Maximum threads per block: 1024
Warp size: 32

PROC 0 TOTAL GPU MEMORY: 4.733236 GB
INPUT MEASUREMENT DATA
INPUT ENDS
GRADIENT-DESCENT OPTIMIZATION
iter: 0 error: 4.959042e+04 gradnorm: 1.560967e+10
iter: 1 error: 5.316521e+03 gradnorm: 4.760838e+08
iter: 2 error: 5.074595e+02 gradnorm: 1.604489e+07
iter: 3 error: 2.940097e+02 gradnorm: 8.082406e+06
iter: 4 error: 1.716273e+02 gradnorm: 1.353846e+06
iter: 5 error: 1.154529e+02 gradnorm: 6.253268e+05
iter: 6 error: 8.898668e+01 gradnorm: 6.383634e+05
iter: 7 error: 7.438826e+01 gradnorm: 5.006454e+05
iter: 8 error: 6.849545e+01 gradnorm: 1.118194e+06
iter: 9 error: 5.777412e+01 gradnorm: 2.288742e+05
iter: 10 error: 4.873884e+01 gradnorm: 1.924655e+05
iter: 11 error: 4.171439e+01 gradnorm: 1.086233e+05
iter: 12 error: 3.749482e+01 gradnorm: 1.863591e+05
iter: 13 error: 3.463413e+01 gradnorm: 1.061009e+05
iter: 14 error: 3.146795e+01 gradnorm: 6.080077e+04
iter: 15 error: 2.887121e+01 gradnorm: 9.220017e+04
iter: 16 error: 2.824215e+01 gradnorm: 1.007149e+05
iter: 17 error: 2.682702e+01 gradnorm: 4.618490e+04
iter: 18 error: 2.524190e+01 gradnorm: 2.666527e+04
iter: 19 error: 2.394847e+01 gradnorm: 2.563721e+04
iter: 20 error: 2.288814e+01 gradnorm: 1.501971e+04
iter: 21 error: 2.195846e+01 gradnorm: 1.249754e+04
iter: 22 error: 2.141704e+01 gradnorm: 4.946967e+04
iter: 23 error: 2.120336e+01 gradnorm: 1.044629e+04
iter: 24 error: 2.068456e+01 gradnorm: 8.781036e+03
recon: 1.140249e+00 proj: 7.163338e-01 (6.556791e-01 3.558132e-02 1.495410e-02) backproj: 3.452556e-01 (7.863206e-03 1.811001e-02 3.146057e-01) ctime: 7.843144e-02 wtime: 1.792000e-04
numproj: 49 numback: 25
proj: 6.556791e-01 s (35.125567 GFLOPS) backproj: 3.146057e-01 s (37.350121 GFLOPS) avGFLOPS: 35.846858 totGFLOPS: 35.846858
proj: 138.779680 GB/s back: 138.779337 GB/s av: 138.779569 GB/s tot: 138.779569 GB/s
Total Time: 7.739732e+01
NUM. THETA             : 375
NUM. RHO               : 1024
NUM. X PIXELS          : 1024
NUM. Y PIXELS          : 1024

NUM. OF PIXELS         : 1048576
NUM. OF RAYS           : 384000

NUM. ITERATIONS        : 24

SPATIAL TILE SIZE      : 32
SPECTRAL TILE SIZE     : 32

NUMBER OF X TILES      : 32
NUMBER OF Y TILES      : 32
NUM. OF THETA TILES    : 12
NUM. OF RHO TILES      : 32

NUM. SPATIAL TILES     : 1024
NUM. SPECTRAL TILES    : 384

NUM. OF X PIXELS (EXT) : 1024
NUM. OF Y PIXELS (EXT) : 1024
NUM. OF ANGLES (EXT)   : 384
NUM. OF RHOS (EXT)     : 1024

NUM. OF PIXELS (EXT)   : 1048576
NUM. OF RAYS (EXT)     : 393216

NUMBER OF PROCESSES    : 1
NUMBER OF THRD./PROC.  : 32

INTEGER: 4, FLOAT: 4, LONG: 8, SHORT: 2, POINTER: 8
APPROX. MEMORY     TOTAL: 8.789062e+00 GB
APPROX. MEMORY PER PROC.: 8.789062e+00 GB

X START       : -5.120000e+02
Y START       : -5.120000e+02
PIXEL SIZE    : 1.000000e+00
RHO START     : -5.120000e+02
RAY LENGTH    : 2.048000e+03

SPATIAL INDEXING       : 5
SPECTRAL INDEXING      : 5
 1: CARTESIAN, NATURAL
 2: CARTESIAN, TRANSPOSED
 3: MORTON, NATURAL
 4: MORTON, TRANSPOSED
PROJECTION BLOCK SIZE      : 128
BACKPROJECTION BLOCK SIZE  : 128
PROJECTION BUFFER SIZE      : 8 KB
BACKPROJECTION BUFFER SIZE  : 8 KB

SINOGRAM FILE : /home/ccuser/MemXCT/MemXCT_datasets/CDS2_sinogram.bin
   THETA FILE : /home/ccuser/MemXCT/MemXCT_datasets/CDS2_theta.bin
  OUTPUT FILE : /home/ccuser/MemXCT/recon_CDS2.bin


PLACE TILES
lspat 32 lspatdim 32
lspec 32 lspecdim 32
MPI PARTITIONING
proc: 0 numspats: 1024 numpixs: 1048576 numspecs: 384 numrays: 393216
maxnumpix: 1048576 maxnumray: 393216
FILL PIXELS AND RAYS
INPUT THETA DATA
DOMAIN PARTITIONING
myid 0 raynuminc 384000/384000 raynumout 384000/384000

CONSTRUCT PROJECTION MATRIX
CSR STORAGE: 470024162 (3.501953 GB) rownzmax 2046
RAY-TRACING TIME: 5.576107e+01
CONSTRUCT BACKPROJECTION MATRIX
CSR STORAGE: 470024162 (3.501953 GB) rownzmax 607
TRANSPOSITION TIME: 8.739640e+00

BLOCKING PROJECTION MATRIX
NUMBER OF BLOCKS: 3000 BUFFSIZE: 2048
NUMBER OF BUFFERS: 35674 AVERAGE BUFF/BLOCK: 11.891334 MAX BUFF/BLOCK: 22
BUFF MAP: 73060352 (0.272171 GB)
ELLPACK STORAGE: 649310848 (3.628307 GB) buffnzmax: 354 STORAGE EFFICIENCY: 1.085822 DATA REUSE: 6.710654
BLOCKING TIME: 2.372685e+01
BLOCKING BACKPROJECTION MATRIX
NUMBER OF BLOCKS: 8192 BUFFSIZE: 2048
NUMBER OF BUFFERS: 23450 AVERAGE BUFF/BLOCK: 2.862549 MAX BUFF/BLOCK: 3
BUFF MAP: 48025600 (0.178909 GB)
ELLPACK STORAGE: 532339456 (2.974679 GB) buffnzmax: 426 STORAGE EFFICIENCY: 1.324411 DATA REUSE: 10.666677
BLOCKING TIME: 1.783491e+01

FILL PROJECTION MATRIX
TIME: 3.231448e+01
FILL BACKPROJECTION MATRIX
TIME: 3.411533e+01
REDUCTION MAPPINGS
PREPROCESSING TIME: 1.724964e+02
myid: 0 device: 0

Device Count: 2
Device 0 name: -1768523488
Computational Capabilities: 3, 7
Maximum global memory size: 11996954624
Maximum constant memory size: 65536
Maximum shared memory size per block: 49152
Maximum block dimensions: 1024x1024x64
Maximum grid dimensions: 2147483647x65535x65535
Maximum threads per block: 1024
Warp size: 32

PROC 0 TOTAL GPU MEMORY: 9.937828 GB
INPUT MEASUREMENT DATA
INPUT ENDS
GRADIENT-DESCENT OPTIMIZATION
iter: 0 error: 5.498392e+04 gradnorm: 1.963865e+10
iter: 1 error: 3.375404e+03 gradnorm: 2.933230e+08
iter: 2 error: 1.127916e+03 gradnorm: 5.687502e+07
iter: 3 error: 4.702573e+02 gradnorm: 1.895911e+07
iter: 4 error: 3.071321e+02 gradnorm: 8.957474e+06
iter: 5 error: 2.100911e+02 gradnorm: 2.580075e+06
iter: 6 error: 1.482710e+02 gradnorm: 1.226158e+06
iter: 7 error: 1.195129e+02 gradnorm: 1.056246e+06
iter: 8 error: 9.870666e+01 gradnorm: 8.672686e+05
iter: 9 error: 9.046397e+01 gradnorm: 1.534458e+06
iter: 10 error: 7.637701e+01 gradnorm: 4.643582e+05
iter: 11 error: 6.296089e+01 gradnorm: 3.333401e+05
iter: 12 error: 5.227446e+01 gradnorm: 2.613891e+05
iter: 13 error: 4.614018e+01 gradnorm: 2.712177e+05
iter: 14 error: 4.012891e+01 gradnorm: 1.308488e+05
iter: 15 error: 3.548834e+01 gradnorm: 2.449546e+05
iter: 16 error: 3.383798e+01 gradnorm: 1.848111e+05
iter: 17 error: 3.200101e+01 gradnorm: 2.130033e+05
iter: 18 error: 3.022195e+01 gradnorm: 8.678217e+04
iter: 19 error: 2.745301e+01 gradnorm: 5.623408e+04
iter: 20 error: 2.607986e+01 gradnorm: 6.393246e+04
iter: 21 error: 2.469661e+01 gradnorm: 4.173355e+04
iter: 22 error: 2.379299e+01 gradnorm: 4.272977e+04
iter: 23 error: 2.316201e+01 gradnorm: 2.849840e+04
iter: 24 error: 2.232681e+01 gradnorm: 2.220467e+04
recon: 2.379841e+00 proj: 1.589134e+00 (1.503410e+00 3.605819e-02 1.490452e-02) backproj: 6.449694e-01 (7.920764e-03 1.774514e-02 6.028480e-01) ctime: 1.454603e-01 wtime: 2.186040e-04
numproj: 49 numback: 25
proj: 1.503410e+00 s (30.638586 GFLOPS) backproj: 6.028480e-01 s (38.983638 GFLOPS) avGFLOPS: 33.027085 totGFLOPS: 33.027085
proj: 136.501131 GB/s back: 140.422591 GB/s av: 137.623521 GB/s tot: 137.623521 GB/s
Total Time: 1.935514e+02
NUM. THETA             : 375
NUM. RHO               : 1024
NUM. X PIXELS          : 1024
NUM. Y PIXELS          : 1024

NUM. OF PIXELS         : 1048576
NUM. OF RAYS           : 384000

NUM. ITERATIONS        : 24

SPATIAL TILE SIZE      : 32
SPECTRAL TILE SIZE     : 32

NUMBER OF X TILES      : 32
NUMBER OF Y TILES      : 32
NUM. OF THETA TILES    : 12
NUM. OF RHO TILES      : 32

NUM. SPATIAL TILES     : 1024
NUM. SPECTRAL TILES    : 384

NUM. OF X PIXELS (EXT) : 1024
NUM. OF Y PIXELS (EXT) : 1024
NUM. OF ANGLES (EXT)   : 384
NUM. OF RHOS (EXT)     : 1024

NUM. OF PIXELS (EXT)   : 1048576
NUM. OF RAYS (EXT)     : 393216

NUMBER OF PROCESSES    : 1
NUMBER OF THRD./PROC.  : 32

INTEGER: 4, FLOAT: 4, LONG: 8, SHORT: 2, POINTER: 8
APPROX. MEMORY     TOTAL: 8.789062e+00 GB
APPROX. MEMORY PER PROC.: 8.789062e+00 GB

X START       : -5.120000e+02
Y START       : -5.120000e+02
PIXEL SIZE    : 1.000000e+00
RHO START     : -5.120000e+02
RAY LENGTH    : 2.048000e+03

SPATIAL INDEXING       : 5
SPECTRAL INDEXING      : 5
 1: CARTESIAN, NATURAL
 2: CARTESIAN, TRANSPOSED
 3: MORTON, NATURAL
 4: MORTON, TRANSPOSED
PROJECTION BLOCK SIZE      : 128
BACKPROJECTION BLOCK SIZE  : 128
PROJECTION BUFFER SIZE      : 8 KB
BACKPROJECTION BUFFER SIZE  : 8 KB

SINOGRAM FILE : /home/ccuser/MemXCT/MemXCT_datasets/CDS2_sinogram.bin
   THETA FILE : /home/ccuser/MemXCT/MemXCT_datasets/CDS2_theta.bin
  OUTPUT FILE : /home/ccuser/MemXCT/recon_CDS2.bin


PLACE TILES
lspat 32 lspatdim 32
lspec 32 lspecdim 32
MPI PARTITIONING
proc: 0 numspats: 1024 numpixs: 1048576 numspecs: 384 numrays: 393216
maxnumpix: 1048576 maxnumray: 393216
FILL PIXELS AND RAYS
INPUT THETA DATA
DOMAIN PARTITIONING
myid 0 raynuminc 384000/384000 raynumout 384000/384000

CONSTRUCT PROJECTION MATRIX
CSR STORAGE: 470024162 (3.501953 GB) rownzmax 2046
RAY-TRACING TIME: 5.560969e+01
CONSTRUCT BACKPROJECTION MATRIX
CSR STORAGE: 470024162 (3.501953 GB) rownzmax 607
TRANSPOSITION TIME: 8.915974e+00

BLOCKING PROJECTION MATRIX
NUMBER OF BLOCKS: 3000 BUFFSIZE: 2048
NUMBER OF BUFFERS: 35674 AVERAGE BUFF/BLOCK: 11.891334 MAX BUFF/BLOCK: 22
BUFF MAP: 73060352 (0.272171 GB)
ELLPACK STORAGE: 649310848 (3.628307 GB) buffnzmax: 354 STORAGE EFFICIENCY: 1.085822 DATA REUSE: 6.710654
BLOCKING TIME: 2.369521e+01
BLOCKING BACKPROJECTION MATRIX
NUMBER OF BLOCKS: 8192 BUFFSIZE: 2048
NUMBER OF BUFFERS: 23450 AVERAGE BUFF/BLOCK: 2.862549 MAX BUFF/BLOCK: 3
BUFF MAP: 48025600 (0.178909 GB)
ELLPACK STORAGE: 532339456 (2.974679 GB) buffnzmax: 426 STORAGE EFFICIENCY: 1.324411 DATA REUSE: 10.666677
BLOCKING TIME: 1.784912e+01

FILL PROJECTION MATRIX
TIME: 3.161294e+01
FILL BACKPROJECTION MATRIX
TIME: 3.383382e+01
REDUCTION MAPPINGS
PREPROCESSING TIME: 1.715208e+02
myid: 0 device: 0

Device Count: 2
Device 0 name: -715272496
Computational Capabilities: 3, 7
Maximum global memory size: 11996954624
Maximum constant memory size: 65536
Maximum shared memory size per block: 49152
Maximum block dimensions: 1024x1024x64
Maximum grid dimensions: 2147483647x65535x65535
Maximum threads per block: 1024
Warp size: 32

PROC 0 TOTAL GPU MEMORY: 9.937828 GB
INPUT MEASUREMENT DATA
INPUT ENDS
GRADIENT-DESCENT OPTIMIZATION
iter: 0 error: 5.498392e+04 gradnorm: 1.963865e+10
iter: 1 error: 3.375404e+03 gradnorm: 2.933230e+08
iter: 2 error: 1.127916e+03 gradnorm: 5.687506e+07
iter: 3 error: 4.702573e+02 gradnorm: 1.895910e+07
iter: 4 error: 3.071321e+02 gradnorm: 8.957478e+06
iter: 5 error: 2.100911e+02 gradnorm: 2.580076e+06
iter: 6 error: 1.482710e+02 gradnorm: 1.226164e+06
iter: 7 error: 1.195136e+02 gradnorm: 1.056449e+06
iter: 8 error: 9.872946e+01 gradnorm: 8.739158e+05
iter: 9 error: 9.057502e+01 gradnorm: 1.517629e+06
iter: 10 error: 7.637821e+01 gradnorm: 4.639884e+05
iter: 11 error: 6.296092e+01 gradnorm: 3.333387e+05
iter: 12 error: 5.227448e+01 gradnorm: 2.613818e+05
iter: 13 error: 4.613945e+01 gradnorm: 2.711109e+05
iter: 14 error: 4.012043e+01 gradnorm: 1.291272e+05
iter: 15 error: 3.496657e+01 gradnorm: 1.465769e+05
iter: 16 error: 3.312661e+01 gradnorm: 2.817736e+05
iter: 17 error: 3.115277e+01 gradnorm: 1.237174e+05
iter: 18 error: 2.990554e+01 gradnorm: 1.352903e+05
iter: 19 error: 2.744729e+01 gradnorm: 5.684434e+04
iter: 20 error: 2.607430e+01 gradnorm: 6.375645e+04
iter: 21 error: 2.468612e+01 gradnorm: 4.095227e+04
iter: 22 error: 2.376003e+01 gradnorm: 4.168870e+04
iter: 23 error: 2.315291e+01 gradnorm: 2.930372e+04
iter: 24 error: 2.231035e+01 gradnorm: 1.673751e+04
recon: 2.379814e+00 proj: 1.589265e+00 (1.503636e+00 3.590264e-02 1.495750e-02) backproj: 6.450037e-01 (7.989152e-03 1.779942e-02 6.027589e-01) ctime: 1.452820e-01 wtime: 1.928000e-04
numproj: 49 numback: 25
proj: 1.503636e+00 s (30.633987 GFLOPS) backproj: 6.027589e-01 s (38.989404 GFLOPS) avGFLOPS: 33.024945 totGFLOPS: 33.024945
proj: 136.480644 GB/s back: 140.443360 GB/s av: 137.614601 GB/s tot: 137.614601 GB/s
Total Time: 1.925918e+02
NUM. THETA             : 375
NUM. RHO               : 1024
NUM. X PIXELS          : 1024
NUM. Y PIXELS          : 1024

NUM. OF PIXELS         : 1048576
NUM. OF RAYS           : 384000

NUM. ITERATIONS        : 24

SPATIAL TILE SIZE      : 32
SPECTRAL TILE SIZE     : 32

NUMBER OF X TILES      : 32
NUMBER OF Y TILES      : 32
NUM. OF THETA TILES    : 12
NUM. OF RHO TILES      : 32

NUM. SPATIAL TILES     : 1024
NUM. SPECTRAL TILES    : 384

NUM. OF X PIXELS (EXT) : 1024
NUM. OF Y PIXELS (EXT) : 1024
NUM. OF ANGLES (EXT)   : 384
NUM. OF RHOS (EXT)     : 1024

NUM. OF PIXELS (EXT)   : 1048576
NUM. OF RAYS (EXT)     : 393216

NUMBER OF PROCESSES    : 1
NUMBER OF THRD./PROC.  : 32

INTEGER: 4, FLOAT: 4, LONG: 8, SHORT: 2, POINTER: 8
APPROX. MEMORY     TOTAL: 8.789062e+00 GB
APPROX. MEMORY PER PROC.: 8.789062e+00 GB

X START       : -5.120000e+02
Y START       : -5.120000e+02
PIXEL SIZE    : 1.000000e+00
RHO START     : -5.120000e+02
RAY LENGTH    : 2.048000e+03

SPATIAL INDEXING       : 5
SPECTRAL INDEXING      : 5
 1: CARTESIAN, NATURAL
 2: CARTESIAN, TRANSPOSED
 3: MORTON, NATURAL
 4: MORTON, TRANSPOSED
PROJECTION BLOCK SIZE      : 128
BACKPROJECTION BLOCK SIZE  : 128
PROJECTION BUFFER SIZE      : 8 KB
BACKPROJECTION BUFFER SIZE  : 8 KB

SINOGRAM FILE : /home/ccuser/MemXCT/MemXCT_datasets/CDS2_sinogram.bin
   THETA FILE : /home/ccuser/MemXCT/MemXCT_datasets/CDS2_theta.bin
  OUTPUT FILE : /home/ccuser/MemXCT/recon_CDS2.bin


PLACE TILES
lspat 32 lspatdim 32
lspec 32 lspecdim 32
MPI PARTITIONING
proc: 0 numspats: 1024 numpixs: 1048576 numspecs: 384 numrays: 393216
maxnumpix: 1048576 maxnumray: 393216
FILL PIXELS AND RAYS
INPUT THETA DATA
DOMAIN PARTITIONING
myid 0 raynuminc 384000/384000 raynumout 384000/384000

CONSTRUCT PROJECTION MATRIX
CSR STORAGE: 470024162 (3.501953 GB) rownzmax 2046
RAY-TRACING TIME: 5.579901e+01
CONSTRUCT BACKPROJECTION MATRIX
CSR STORAGE: 470024162 (3.501953 GB) rownzmax 607
TRANSPOSITION TIME: 8.855746e+00

BLOCKING PROJECTION MATRIX
NUMBER OF BLOCKS: 3000 BUFFSIZE: 2048
NUMBER OF BUFFERS: 35674 AVERAGE BUFF/BLOCK: 11.891334 MAX BUFF/BLOCK: 22
BUFF MAP: 73060352 (0.272171 GB)
ELLPACK STORAGE: 649310848 (3.628307 GB) buffnzmax: 354 STORAGE EFFICIENCY: 1.085822 DATA REUSE: 6.710654
BLOCKING TIME: 2.363501e+01
BLOCKING BACKPROJECTION MATRIX
NUMBER OF BLOCKS: 8192 BUFFSIZE: 2048
NUMBER OF BUFFERS: 23450 AVERAGE BUFF/BLOCK: 2.862549 MAX BUFF/BLOCK: 3
BUFF MAP: 48025600 (0.178909 GB)
ELLPACK STORAGE: 532339456 (2.974679 GB) buffnzmax: 426 STORAGE EFFICIENCY: 1.324411 DATA REUSE: 10.666677
BLOCKING TIME: 1.785353e+01

FILL PROJECTION MATRIX
TIME: 3.164676e+01
FILL BACKPROJECTION MATRIX
TIME: 3.382889e+01
REDUCTION MAPPINGS
PREPROCESSING TIME: 1.716229e+02
myid: 0 device: 0

Device Count: 2
Device 0 name: -1643539264
Computational Capabilities: 3, 7
Maximum global memory size: 11996954624
Maximum constant memory size: 65536
Maximum shared memory size per block: 49152
Maximum block dimensions: 1024x1024x64
Maximum grid dimensions: 2147483647x65535x65535
Maximum threads per block: 1024
Warp size: 32

PROC 0 TOTAL GPU MEMORY: 9.937828 GB
INPUT MEASUREMENT DATA
INPUT ENDS
GRADIENT-DESCENT OPTIMIZATION
iter: 0 error: 5.498392e+04 gradnorm: 1.963865e+10
iter: 1 error: 3.375405e+03 gradnorm: 2.933230e+08
iter: 2 error: 1.127916e+03 gradnorm: 5.687501e+07
iter: 3 error: 4.702573e+02 gradnorm: 1.895910e+07
iter: 4 error: 3.071321e+02 gradnorm: 8.957475e+06
iter: 5 error: 2.100911e+02 gradnorm: 2.580077e+06
iter: 6 error: 1.482710e+02 gradnorm: 1.226164e+06
iter: 7 error: 1.195136e+02 gradnorm: 1.056453e+06
iter: 8 error: 9.872981e+01 gradnorm: 8.740198e+05
iter: 9 error: 9.057669e+01 gradnorm: 1.517370e+06
iter: 10 error: 7.637820e+01 gradnorm: 4.639827e+05
iter: 11 error: 6.296091e+01 gradnorm: 3.333390e+05
iter: 12 error: 5.227446e+01 gradnorm: 2.613858e+05
iter: 13 error: 4.613987e+01 gradnorm: 2.711681e+05
iter: 14 error: 4.012466e+01 gradnorm: 1.298948e+05
iter: 15 error: 3.517686e+01 gradnorm: 1.772908e+05
iter: 16 error: 3.326376e+01 gradnorm: 1.741994e+05
iter: 17 error: 3.071960e+01 gradnorm: 9.040473e+04
iter: 18 error: 2.930669e+01 gradnorm: 2.664559e+05
iter: 19 error: 2.744530e+01 gradnorm: 5.771663e+04
iter: 20 error: 2.606662e+01 gradnorm: 6.332464e+04
iter: 21 error: 2.466843e+01 gradnorm: 3.954722e+04
iter: 22 error: 2.368790e+01 gradnorm: 3.807235e+04
iter: 23 error: 2.312202e+01 gradnorm: 3.207538e+04
iter: 24 error: 2.231089e+01 gradnorm: 1.730336e+04
recon: 2.379550e+00 proj: 1.589716e+00 (1.503580e+00 3.626183e-02 1.499890e-02) backproj: 6.459413e-01 (7.952351e-03 1.797671e-02 6.027920e-01) ctime: 1.436095e-01 wtime: 2.215020e-04
numproj: 49 numback: 25
proj: 1.503580e+00 s (30.635129 GFLOPS) backproj: 6.027920e-01 s (38.987257 GFLOPS) avGFLOPS: 33.025303 totGFLOPS: 33.025303
proj: 136.485730 GB/s back: 140.435627 GB/s av: 137.616093 GB/s tot: 137.616093 GB/s
Total Time: 1.927306e+02
NUM. THETA             : 375
NUM. RHO               : 1024
NUM. X PIXELS          : 1024
NUM. Y PIXELS          : 1024

NUM. OF PIXELS         : 1048576
NUM. OF RAYS           : 384000

NUM. ITERATIONS        : 24

SPATIAL TILE SIZE      : 32
SPECTRAL TILE SIZE     : 32

NUMBER OF X TILES      : 32
NUMBER OF Y TILES      : 32
NUM. OF THETA TILES    : 12
NUM. OF RHO TILES      : 32

NUM. SPATIAL TILES     : 1024
NUM. SPECTRAL TILES    : 384

NUM. OF X PIXELS (EXT) : 1024
NUM. OF Y PIXELS (EXT) : 1024
NUM. OF ANGLES (EXT)   : 384
NUM. OF RHOS (EXT)     : 1024

NUM. OF PIXELS (EXT)   : 1048576
NUM. OF RAYS (EXT)     : 393216

NUMBER OF PROCESSES    : 1
NUMBER OF THRD./PROC.  : 32

INTEGER: 4, FLOAT: 4, LONG: 8, SHORT: 2, POINTER: 8
APPROX. MEMORY     TOTAL: 8.789062e+00 GB
APPROX. MEMORY PER PROC.: 8.789062e+00 GB

X START       : -5.120000e+02
Y START       : -5.120000e+02
PIXEL SIZE    : 1.000000e+00
RHO START     : -5.120000e+02
RAY LENGTH    : 2.048000e+03

SPATIAL INDEXING       : 5
SPECTRAL INDEXING      : 5
 1: CARTESIAN, NATURAL
 2: CARTESIAN, TRANSPOSED
 3: MORTON, NATURAL
 4: MORTON, TRANSPOSED
PROJECTION BLOCK SIZE      : 128
BACKPROJECTION BLOCK SIZE  : 128
PROJECTION BUFFER SIZE      : 8 KB
BACKPROJECTION BUFFER SIZE  : 8 KB

SINOGRAM FILE : /home/ccuser/MemXCT/MemXCT_datasets/CDS2_sinogram.bin
   THETA FILE : /home/ccuser/MemXCT/MemXCT_datasets/CDS2_theta.bin
  OUTPUT FILE : /home/ccuser/MemXCT/recon_CDS2.bin


PLACE TILES
lspat 32 lspatdim 32
lspec 32 lspecdim 32
MPI PARTITIONING
proc: 0 numspats: 1024 numpixs: 1048576 numspecs: 384 numrays: 393216
maxnumpix: 1048576 maxnumray: 393216
FILL PIXELS AND RAYS
INPUT THETA DATA
DOMAIN PARTITIONING
myid 0 raynuminc 384000/384000 raynumout 384000/384000

CONSTRUCT PROJECTION MATRIX
CSR STORAGE: 470024162 (3.501953 GB) rownzmax 2046
RAY-TRACING TIME: 5.570266e+01
CONSTRUCT BACKPROJECTION MATRIX
CSR STORAGE: 470024162 (3.501953 GB) rownzmax 607
TRANSPOSITION TIME: 8.873466e+00

BLOCKING PROJECTION MATRIX
NUMBER OF BLOCKS: 3000 BUFFSIZE: 2048
NUMBER OF BUFFERS: 35674 AVERAGE BUFF/BLOCK: 11.891334 MAX BUFF/BLOCK: 22
BUFF MAP: 73060352 (0.272171 GB)
ELLPACK STORAGE: 649310848 (3.628307 GB) buffnzmax: 354 STORAGE EFFICIENCY: 1.085822 DATA REUSE: 6.710654
BLOCKING TIME: 2.369507e+01
BLOCKING BACKPROJECTION MATRIX
NUMBER OF BLOCKS: 8192 BUFFSIZE: 2048
NUMBER OF BUFFERS: 23450 AVERAGE BUFF/BLOCK: 2.862549 MAX BUFF/BLOCK: 3
BUFF MAP: 48025600 (0.178909 GB)
ELLPACK STORAGE: 532339456 (2.974679 GB) buffnzmax: 426 STORAGE EFFICIENCY: 1.324411 DATA REUSE: 10.666677
BLOCKING TIME: 1.779770e+01

FILL PROJECTION MATRIX
TIME: 3.167798e+01
FILL BACKPROJECTION MATRIX
TIME: 3.384306e+01
REDUCTION MAPPINGS
PREPROCESSING TIME: 1.715941e+02
myid: 0 device: 0

Device Count: 2
Device 0 name: 2099239584
Computational Capabilities: 3, 7
Maximum global memory size: 11996954624
Maximum constant memory size: 65536
Maximum shared memory size per block: 49152
Maximum block dimensions: 1024x1024x64
Maximum grid dimensions: 2147483647x65535x65535
Maximum threads per block: 1024
Warp size: 32

PROC 0 TOTAL GPU MEMORY: 9.937828 GB
INPUT MEASUREMENT DATA
INPUT ENDS
GRADIENT-DESCENT OPTIMIZATION
iter: 0 error: 5.498392e+04 gradnorm: 1.963865e+10
iter: 1 error: 3.375405e+03 gradnorm: 2.933229e+08
iter: 2 error: 1.127916e+03 gradnorm: 5.687499e+07
iter: 3 error: 4.702574e+02 gradnorm: 1.895912e+07
iter: 4 error: 3.071320e+02 gradnorm: 8.957464e+06
iter: 5 error: 2.100912e+02 gradnorm: 2.580081e+06
iter: 6 error: 1.482708e+02 gradnorm: 1.226089e+06
iter: 7 error: 1.195012e+02 gradnorm: 1.052676e+06
iter: 8 error: 9.829689e+01 gradnorm: 7.444349e+05
iter: 9 error: 8.617629e+01 gradnorm: 1.786249e+06
iter: 10 error: 7.630441e+01 gradnorm: 4.870758e+05
iter: 11 error: 6.296054e+01 gradnorm: 3.334781e+05
iter: 12 error: 5.227537e+01 gradnorm: 2.615640e+05
iter: 13 error: 4.615547e+01 gradnorm: 2.732692e+05
iter: 14 error: 4.027901e+01 gradnorm: 1.578244e+05
iter: 15 error: 3.777438e+01 gradnorm: 2.848665e+05
iter: 16 error: 3.375901e+01 gradnorm: 1.119321e+05
iter: 17 error: 3.071535e+01 gradnorm: 8.350370e+04
iter: 18 error: 2.889385e+01 gradnorm: 2.738764e+05
iter: 19 error: 2.745025e+01 gradnorm: 6.096235e+04
iter: 20 error: 2.614240e+01 gradnorm: 6.663468e+04
iter: 21 error: 2.479753e+01 gradnorm: 4.756921e+04
iter: 22 error: 2.395346e+01 gradnorm: 4.227991e+04
iter: 23 error: 2.318636e+01 gradnorm: 2.591374e+04
iter: 24 error: 2.231205e+01 gradnorm: 1.695040e+04
recon: 2.382379e+00 proj: 1.589663e+00 (1.503569e+00 3.593353e-02 1.529970e-02) backproj: 6.450631e-01 (7.962053e-03 1.773641e-02 6.028145e-01) ctime: 1.473295e-01 wtime: 2.619000e-04
numproj: 49 numback: 25
proj: 1.503569e+00 s (30.635348 GFLOPS) backproj: 6.028145e-01 s (38.985807 GFLOPS) avGFLOPS: 33.025120 totGFLOPS: 33.025120
proj: 136.486706 GB/s back: 140.430403 GB/s av: 137.615331 GB/s tot: 137.615331 GB/s
Total Time: 1.927069e+02
NUM. THETA             : 375
NUM. RHO               : 1024
NUM. X PIXELS          : 1024
NUM. Y PIXELS          : 1024

NUM. OF PIXELS         : 1048576
NUM. OF RAYS           : 384000

NUM. ITERATIONS        : 24

SPATIAL TILE SIZE      : 32
SPECTRAL TILE SIZE     : 32

NUMBER OF X TILES      : 32
NUMBER OF Y TILES      : 32
NUM. OF THETA TILES    : 12
NUM. OF RHO TILES      : 32

NUM. SPATIAL TILES     : 1024
NUM. SPECTRAL TILES    : 384

NUM. OF X PIXELS (EXT) : 1024
NUM. OF Y PIXELS (EXT) : 1024
NUM. OF ANGLES (EXT)   : 384
NUM. OF RHOS (EXT)     : 1024

NUM. OF PIXELS (EXT)   : 1048576
NUM. OF RAYS (EXT)     : 393216

NUMBER OF PROCESSES    : 1
NUMBER OF THRD./PROC.  : 32

INTEGER: 4, FLOAT: 4, LONG: 8, SHORT: 2, POINTER: 8
APPROX. MEMORY     TOTAL: 8.789062e+00 GB
APPROX. MEMORY PER PROC.: 8.789062e+00 GB

X START       : -5.120000e+02
Y START       : -5.120000e+02
PIXEL SIZE    : 1.000000e+00
RHO START     : -5.120000e+02
RAY LENGTH    : 2.048000e+03

SPATIAL INDEXING       : 5
SPECTRAL INDEXING      : 5
 1: CARTESIAN, NATURAL
 2: CARTESIAN, TRANSPOSED
 3: MORTON, NATURAL
 4: MORTON, TRANSPOSED
PROJECTION BLOCK SIZE      : 128
BACKPROJECTION BLOCK SIZE  : 128
PROJECTION BUFFER SIZE      : 8 KB
BACKPROJECTION BUFFER SIZE  : 8 KB

SINOGRAM FILE : /home/ccuser/MemXCT/MemXCT_datasets/CDS2_sinogram.bin
   THETA FILE : /home/ccuser/MemXCT/MemXCT_datasets/CDS2_theta.bin
  OUTPUT FILE : /home/ccuser/MemXCT/recon_CDS2.bin


PLACE TILES
lspat 32 lspatdim 32
lspec 32 lspecdim 32
MPI PARTITIONING
proc: 0 numspats: 1024 numpixs: 1048576 numspecs: 384 numrays: 393216
maxnumpix: 1048576 maxnumray: 393216
FILL PIXELS AND RAYS
INPUT THETA DATA
DOMAIN PARTITIONING
myid 0 raynuminc 384000/384000 raynumout 384000/384000

CONSTRUCT PROJECTION MATRIX
CSR STORAGE: 470024162 (3.501953 GB) rownzmax 2046
RAY-TRACING TIME: 5.562007e+01
CONSTRUCT BACKPROJECTION MATRIX
CSR STORAGE: 470024162 (3.501953 GB) rownzmax 607
TRANSPOSITION TIME: 8.900691e+00

BLOCKING PROJECTION MATRIX
NUMBER OF BLOCKS: 3000 BUFFSIZE: 2048
NUMBER OF BUFFERS: 35674 AVERAGE BUFF/BLOCK: 11.891334 MAX BUFF/BLOCK: 22
BUFF MAP: 73060352 (0.272171 GB)
ELLPACK STORAGE: 649310848 (3.628307 GB) buffnzmax: 354 STORAGE EFFICIENCY: 1.085822 DATA REUSE: 6.710654
BLOCKING TIME: 2.353177e+01
BLOCKING BACKPROJECTION MATRIX
NUMBER OF BLOCKS: 8192 BUFFSIZE: 2048
NUMBER OF BUFFERS: 23450 AVERAGE BUFF/BLOCK: 2.862549 MAX BUFF/BLOCK: 3
BUFF MAP: 48025600 (0.178909 GB)
ELLPACK STORAGE: 532339456 (2.974679 GB) buffnzmax: 426 STORAGE EFFICIENCY: 1.324411 DATA REUSE: 10.666677
BLOCKING TIME: 1.778250e+01

FILL PROJECTION MATRIX
TIME: 3.168758e+01
FILL BACKPROJECTION MATRIX
TIME: 3.374317e+01
REDUCTION MAPPINGS
PREPROCESSING TIME: 1.712698e+02
myid: 0 device: 0

Device Count: 2
Device 0 name: -179279952
Computational Capabilities: 3, 7
Maximum global memory size: 11996954624
Maximum constant memory size: 65536
Maximum shared memory size per block: 49152
Maximum block dimensions: 1024x1024x64
Maximum grid dimensions: 2147483647x65535x65535
Maximum threads per block: 1024
Warp size: 32

PROC 0 TOTAL GPU MEMORY: 9.937828 GB
INPUT MEASUREMENT DATA
INPUT ENDS
GRADIENT-DESCENT OPTIMIZATION
iter: 0 error: 5.498391e+04 gradnorm: 1.963865e+10
iter: 1 error: 3.375404e+03 gradnorm: 2.933228e+08
iter: 2 error: 1.127916e+03 gradnorm: 5.687499e+07
iter: 3 error: 4.702574e+02 gradnorm: 1.895912e+07
iter: 4 error: 3.071320e+02 gradnorm: 8.957468e+06
iter: 5 error: 2.100911e+02 gradnorm: 2.580078e+06
iter: 6 error: 1.482707e+02 gradnorm: 1.226072e+06
iter: 7 error: 1.194981e+02 gradnorm: 1.051709e+06
iter: 8 error: 9.818211e+01 gradnorm: 7.088701e+05
iter: 9 error: 8.256585e+01 gradnorm: 1.396785e+06
iter: 10 error: 7.611202e+01 gradnorm: 5.458656e+05
iter: 11 error: 6.295940e+01 gradnorm: 3.338365e+05
iter: 12 error: 5.227513e+01 gradnorm: 2.615182e+05
iter: 13 error: 4.615120e+01 gradnorm: 2.726955e+05
iter: 14 error: 4.023806e+01 gradnorm: 1.506340e+05
iter: 15 error: 3.750520e+01 gradnorm: 3.031536e+05
iter: 16 error: 3.375175e+01 gradnorm: 1.131991e+05
iter: 17 error: 3.073043e+01 gradnorm: 8.860578e+04
iter: 18 error: 2.937217e+01 gradnorm: 2.642932e+05
iter: 19 error: 2.745331e+01 gradnorm: 5.845015e+04
iter: 20 error: 2.611677e+01 gradnorm: 6.560473e+04
iter: 21 error: 2.476163e+01 gradnorm: 4.584978e+04
iter: 22 error: 2.391599e+01 gradnorm: 4.320204e+04
iter: 23 error: 2.318238e+01 gradnorm: 2.634438e+04
iter: 24 error: 2.231272e+01 gradnorm: 1.719153e+04
recon: 2.382386e+00 proj: 1.590041e+00 (1.503502e+00 3.667824e-02 1.497810e-02) backproj: 6.451063e-01 (7.962450e-03 1.795042e-02 6.027098e-01) ctime: 1.469163e-01 wtime: 2.607030e-04
numproj: 49 numback: 25
proj: 1.503502e+00 s (30.636715 GFLOPS) backproj: 6.027098e-01 s (38.992577 GFLOPS) avGFLOPS: 33.027813 totGFLOPS: 33.027813
proj: 136.492795 GB/s back: 140.454791 GB/s av: 137.626553 GB/s tot: 137.626553 GB/s
Total Time: 1.923971e+02
