NUM. THETA             : 750
NUM. RHO               : 512
NUM. X PIXELS          : 512
NUM. Y PIXELS          : 512

NUM. OF PIXELS         : 262144
NUM. OF RAYS           : 384000

NUM. ITERATIONS        : 24

SPATIAL TILE SIZE      : 32
SPECTRAL TILE SIZE     : 32

NUMBER OF X TILES      : 16
NUMBER OF Y TILES      : 16
NUM. OF THETA TILES    : 24
NUM. OF RHO TILES      : 16

NUM. SPATIAL TILES     : 256
NUM. SPECTRAL TILES    : 384

NUM. OF X PIXELS (EXT) : 512
NUM. OF Y PIXELS (EXT) : 512
NUM. OF ANGLES (EXT)   : 768
NUM. OF RHOS (EXT)     : 512

NUM. OF PIXELS (EXT)   : 262144
NUM. OF RAYS (EXT)     : 393216

NUMBER OF PROCESSES    : 1
NUMBER OF THRD./PROC.  : 32

INTEGER: 4, FLOAT: 4, LONG: 8, SHORT: 2, POINTER: 8
APPROX. MEMORY     TOTAL: 4.394531e+00 GB
APPROX. MEMORY PER PROC.: 4.394531e+00 GB

X START       : -2.560000e+02
Y START       : -2.560000e+02
PIXEL SIZE    : 1.000000e+00
RHO START     : -2.560000e+02
RAY LENGTH    : 1.024000e+03

SPATIAL INDEXING       : 5
SPECTRAL INDEXING      : 5
 1: CARTESIAN, NATURAL
 2: CARTESIAN, TRANSPOSED
 3: MORTON, NATURAL
 4: MORTON, TRANSPOSED
PROJECTION BLOCK SIZE      : 128
BACKPROJECTION BLOCK SIZE  : 128
PROJECTION BUFFER SIZE      : 8 KB
BACKPROJECTION BUFFER SIZE  : 8 KB

SINOGRAM FILE : /home/ccuser/MemXCT/MemXCT_datasets/CDS1_sinogram.bin
   THETA FILE : /home/ccuser/MemXCT/MemXCT_datasets/CDS1_theta.bin
  OUTPUT FILE : /home/ccuser/MemXCT/recon_CDS1.bin


PLACE TILES
lspat 16 lspatdim 16
lspec 24 lspecdim 32
MPI PARTITIONING
proc: 0 numspats: 256 numpixs: 262144 numspecs: 384 numrays: 393216
maxnumpix: 262144 maxnumray: 393216
FILL PIXELS AND RAYS
INPUT THETA DATA
DOMAIN PARTITIONING
myid 0 raynuminc 384000/384000 raynumout 384000/384000

CONSTRUCT PROJECTION MATRIX
CSR STORAGE: 235011239 (1.750970 GB) rownzmax 1022
RAY-TRACING TIME: 1.606339e+01
CONSTRUCT BACKPROJECTION MATRIX
CSR STORAGE: 235011239 (1.750970 GB) rownzmax 1092
TRANSPOSITION TIME: 4.203973e+00

BLOCKING PROJECTION MATRIX
NUMBER OF BLOCKS: 3000 BUFFSIZE: 2048
NUMBER OF BUFFERS: 14528 AVERAGE BUFF/BLOCK: 4.842667 MAX BUFF/BLOCK: 8
BUFF MAP: 29753344 (0.110840 GB)
ELLPACK STORAGE: 289671040 (1.618663 GB) buffnzmax: 313 STORAGE EFFICIENCY: 1.216956 DATA REUSE: 8.914956
BLOCKING TIME: 6.329252e+00
BLOCKING BACKPROJECTION MATRIX
NUMBER OF BLOCKS: 2048 BUFFSIZE: 2048
NUMBER OF BUFFERS: 11662 AVERAGE BUFF/BLOCK: 5.694336 MAX BUFF/BLOCK: 6
BUFF MAP: 23883776 (0.088974 GB)
ELLPACK STORAGE: 275149312 (1.537517 GB) buffnzmax: 455 STORAGE EFFICIENCY: 1.281184 DATA REUSE: 10.667490
BLOCKING TIME: 7.479279e+00

FILL PROJECTION MATRIX
TIME: 1.367247e+01
FILL BACKPROJECTION MATRIX
TIME: 1.523902e+01
REDUCTION MAPPINGS
PREPROCESSING TIME: 6.299141e+01
myid: 0 device: 0

Device Count: 2
Device 0 name: -1050810992
Computational Capabilities: 6, 0
Maximum global memory size: 17071734784
Maximum constant memory size: 65536
Maximum shared memory size per block: 49152
Maximum block dimensions: 1024x1024x64
Maximum grid dimensions: 2147483647x65535x65535
Maximum threads per block: 1024
Warp size: 32

PROC 0 TOTAL GPU MEMORY: 4.733236 GB
INPUT MEASUREMENT DATA
INPUT ENDS
GRADIENT-DESCENT OPTIMIZATION
iter: 0 error: 4.959043e+04 gradnorm: 1.560967e+10
iter: 1 error: 5.316521e+03 gradnorm: 4.760840e+08
iter: 2 error: 5.074595e+02 gradnorm: 1.604490e+07
iter: 3 error: 2.940097e+02 gradnorm: 8.082412e+06
iter: 4 error: 1.716273e+02 gradnorm: 1.353847e+06
iter: 5 error: 1.154529e+02 gradnorm: 6.253609e+05
iter: 6 error: 8.900571e+01 gradnorm: 6.443617e+05
iter: 7 error: 7.520551e+01 gradnorm: 7.193666e+05
iter: 8 error: 7.067625e+01 gradnorm: 6.812117e+05
iter: 9 error: 5.778204e+01 gradnorm: 2.263869e+05
iter: 10 error: 4.873887e+01 gradnorm: 1.924551e+05
iter: 11 error: 4.171448e+01 gradnorm: 1.086314e+05
iter: 12 error: 3.749609e+01 gradnorm: 1.864207e+05
iter: 13 error: 3.463499e+01 gradnorm: 1.062333e+05
iter: 14 error: 3.150864e+01 gradnorm: 7.379619e+04
iter: 15 error: 3.061756e+01 gradnorm: 1.859316e+05
iter: 16 error: 2.842291e+01 gradnorm: 5.542185e+04
iter: 17 error: 2.682880e+01 gradnorm: 4.563323e+04
iter: 18 error: 2.524189e+01 gradnorm: 2.666380e+04
iter: 19 error: 2.394850e+01 gradnorm: 2.563810e+04
iter: 20 error: 2.288868e+01 gradnorm: 1.519814e+04
iter: 21 error: 2.213873e+01 gradnorm: 6.068895e+04
iter: 22 error: 2.188405e+01 gradnorm: 1.353763e+04
iter: 23 error: 2.120731e+01 gradnorm: 9.480063e+03
iter: 24 error: 2.070763e+01 gradnorm: 1.104327e+04
recon: 4.146729e-01 proj: 2.283309e-01 (1.868341e-01 2.794200e-02 7.807046e-03) backproj: 1.107893e-01 (4.229165e-03 1.391945e-02 9.004845e-02) ctime: 7.535745e-02 wtime: 1.513920e-04
numproj: 49 numback: 25
proj: 1.868341e-01 s (123.270323 GFLOPS) backproj: 9.004845e-02 s (130.491554 GFLOPS) avGFLOPS: 125.618830 totGFLOPS: 125.618830
proj: 487.036014 GB/s back: 484.858711 GB/s av: 486.327906 GB/s tot: 486.327906 GB/s
Total Time: 6.798214e+01
NUM. THETA             : 750
NUM. RHO               : 512
NUM. X PIXELS          : 512
NUM. Y PIXELS          : 512

NUM. OF PIXELS         : 262144
NUM. OF RAYS           : 384000

NUM. ITERATIONS        : 24

SPATIAL TILE SIZE      : 32
SPECTRAL TILE SIZE     : 32

NUMBER OF X TILES      : 16
NUMBER OF Y TILES      : 16
NUM. OF THETA TILES    : 24
NUM. OF RHO TILES      : 16

NUM. SPATIAL TILES     : 256
NUM. SPECTRAL TILES    : 384

NUM. OF X PIXELS (EXT) : 512
NUM. OF Y PIXELS (EXT) : 512
NUM. OF ANGLES (EXT)   : 768
NUM. OF RHOS (EXT)     : 512

NUM. OF PIXELS (EXT)   : 262144
NUM. OF RAYS (EXT)     : 393216

NUMBER OF PROCESSES    : 1
NUMBER OF THRD./PROC.  : 32

INTEGER: 4, FLOAT: 4, LONG: 8, SHORT: 2, POINTER: 8
APPROX. MEMORY     TOTAL: 4.394531e+00 GB
APPROX. MEMORY PER PROC.: 4.394531e+00 GB

X START       : -2.560000e+02
Y START       : -2.560000e+02
PIXEL SIZE    : 1.000000e+00
RHO START     : -2.560000e+02
RAY LENGTH    : 1.024000e+03

SPATIAL INDEXING       : 5
SPECTRAL INDEXING      : 5
 1: CARTESIAN, NATURAL
 2: CARTESIAN, TRANSPOSED
 3: MORTON, NATURAL
 4: MORTON, TRANSPOSED
PROJECTION BLOCK SIZE      : 128
BACKPROJECTION BLOCK SIZE  : 128
PROJECTION BUFFER SIZE      : 8 KB
BACKPROJECTION BUFFER SIZE  : 8 KB

SINOGRAM FILE : /home/ccuser/MemXCT/MemXCT_datasets/CDS1_sinogram.bin
   THETA FILE : /home/ccuser/MemXCT/MemXCT_datasets/CDS1_theta.bin
  OUTPUT FILE : /home/ccuser/MemXCT/recon_CDS1.bin


PLACE TILES
lspat 16 lspatdim 16
lspec 24 lspecdim 32
MPI PARTITIONING
proc: 0 numspats: 256 numpixs: 262144 numspecs: 384 numrays: 393216
maxnumpix: 262144 maxnumray: 393216
FILL PIXELS AND RAYS
INPUT THETA DATA
DOMAIN PARTITIONING
myid 0 raynuminc 384000/384000 raynumout 384000/384000

CONSTRUCT PROJECTION MATRIX
CSR STORAGE: 235011239 (1.750970 GB) rownzmax 1022
RAY-TRACING TIME: 1.606584e+01
CONSTRUCT BACKPROJECTION MATRIX
CSR STORAGE: 235011239 (1.750970 GB) rownzmax 1092
TRANSPOSITION TIME: 4.174874e+00

BLOCKING PROJECTION MATRIX
NUMBER OF BLOCKS: 3000 BUFFSIZE: 2048
NUMBER OF BUFFERS: 14528 AVERAGE BUFF/BLOCK: 4.842667 MAX BUFF/BLOCK: 8
BUFF MAP: 29753344 (0.110840 GB)
ELLPACK STORAGE: 289671040 (1.618663 GB) buffnzmax: 313 STORAGE EFFICIENCY: 1.216956 DATA REUSE: 8.914956
BLOCKING TIME: 6.336547e+00
BLOCKING BACKPROJECTION MATRIX
NUMBER OF BLOCKS: 2048 BUFFSIZE: 2048
NUMBER OF BUFFERS: 11662 AVERAGE BUFF/BLOCK: 5.694336 MAX BUFF/BLOCK: 6
BUFF MAP: 23883776 (0.088974 GB)
ELLPACK STORAGE: 275149312 (1.537517 GB) buffnzmax: 455 STORAGE EFFICIENCY: 1.281184 DATA REUSE: 10.667490
BLOCKING TIME: 7.482700e+00

FILL PROJECTION MATRIX
TIME: 1.365557e+01
FILL BACKPROJECTION MATRIX
TIME: 1.525455e+01
REDUCTION MAPPINGS
PREPROCESSING TIME: 6.297404e+01
myid: 0 device: 0

Device Count: 2
Device 0 name: 596881840
Computational Capabilities: 6, 0
Maximum global memory size: 17071734784
Maximum constant memory size: 65536
Maximum shared memory size per block: 49152
Maximum block dimensions: 1024x1024x64
Maximum grid dimensions: 2147483647x65535x65535
Maximum threads per block: 1024
Warp size: 32

PROC 0 TOTAL GPU MEMORY: 4.733236 GB
INPUT MEASUREMENT DATA
INPUT ENDS
GRADIENT-DESCENT OPTIMIZATION
iter: 0 error: 4.959043e+04 gradnorm: 1.560967e+10
iter: 1 error: 5.316521e+03 gradnorm: 4.760838e+08
iter: 2 error: 5.074596e+02 gradnorm: 1.604489e+07
iter: 3 error: 2.940097e+02 gradnorm: 8.082411e+06
iter: 4 error: 1.716273e+02 gradnorm: 1.353847e+06
iter: 5 error: 1.154529e+02 gradnorm: 6.253246e+05
iter: 6 error: 8.898556e+01 gradnorm: 6.379929e+05
iter: 7 error: 7.433356e+01 gradnorm: 4.847726e+05
iter: 8 error: 6.797564e+01 gradnorm: 1.186584e+06
iter: 9 error: 5.777165e+01 gradnorm: 2.296461e+05
iter: 10 error: 4.873884e+01 gradnorm: 1.924697e+05
iter: 11 error: 4.171449e+01 gradnorm: 1.086341e+05
iter: 12 error: 3.749649e+01 gradnorm: 1.864303e+05
iter: 13 error: 3.463461e+01 gradnorm: 1.060891e+05
iter: 14 error: 3.147267e+01 gradnorm: 6.232464e+04
iter: 15 error: 2.951128e+01 gradnorm: 2.228658e+05
iter: 16 error: 2.840424e+01 gradnorm: 6.078139e+04
iter: 17 error: 2.682865e+01 gradnorm: 4.568319e+04
iter: 18 error: 2.524190e+01 gradnorm: 2.666382e+04
iter: 19 error: 2.394849e+01 gradnorm: 2.563716e+04
iter: 20 error: 2.288816e+01 gradnorm: 1.502282e+04
iter: 21 error: 2.196247e+01 gradnorm: 1.385275e+04
iter: 22 error: 2.171729e+01 gradnorm: 5.304750e+04
iter: 23 error: 2.120594e+01 gradnorm: 9.503788e+03
iter: 24 error: 2.067455e+01 gradnorm: 7.627238e+03
recon: 4.158128e-01 proj: 2.280467e-01 (1.867549e-01 2.798009e-02 7.641353e-03) backproj: 1.110393e-01 (4.230658e-03 1.399805e-02 9.019782e-02) ctime: 7.653223e-02 wtime: 1.538940e-04
numproj: 49 numback: 25
proj: 1.867549e-01 s (123.322622 GFLOPS) backproj: 9.019782e-02 s (130.275448 GFLOPS) avGFLOPS: 125.587015 totGFLOPS: 125.587015
proj: 487.242642 GB/s back: 484.055740 GB/s av: 486.204733 GB/s tot: 486.204733 GB/s
Total Time: 6.795260e+01
NUM. THETA             : 750
NUM. RHO               : 512
NUM. X PIXELS          : 512
NUM. Y PIXELS          : 512

NUM. OF PIXELS         : 262144
NUM. OF RAYS           : 384000

NUM. ITERATIONS        : 24

SPATIAL TILE SIZE      : 32
SPECTRAL TILE SIZE     : 32

NUMBER OF X TILES      : 16
NUMBER OF Y TILES      : 16
NUM. OF THETA TILES    : 24
NUM. OF RHO TILES      : 16

NUM. SPATIAL TILES     : 256
NUM. SPECTRAL TILES    : 384

NUM. OF X PIXELS (EXT) : 512
NUM. OF Y PIXELS (EXT) : 512
NUM. OF ANGLES (EXT)   : 768
NUM. OF RHOS (EXT)     : 512

NUM. OF PIXELS (EXT)   : 262144
NUM. OF RAYS (EXT)     : 393216

NUMBER OF PROCESSES    : 1
NUMBER OF THRD./PROC.  : 32

INTEGER: 4, FLOAT: 4, LONG: 8, SHORT: 2, POINTER: 8
APPROX. MEMORY     TOTAL: 4.394531e+00 GB
APPROX. MEMORY PER PROC.: 4.394531e+00 GB

X START       : -2.560000e+02
Y START       : -2.560000e+02
PIXEL SIZE    : 1.000000e+00
RHO START     : -2.560000e+02
RAY LENGTH    : 1.024000e+03

SPATIAL INDEXING       : 5
SPECTRAL INDEXING      : 5
 1: CARTESIAN, NATURAL
 2: CARTESIAN, TRANSPOSED
 3: MORTON, NATURAL
 4: MORTON, TRANSPOSED
PROJECTION BLOCK SIZE      : 128
BACKPROJECTION BLOCK SIZE  : 128
PROJECTION BUFFER SIZE      : 8 KB
BACKPROJECTION BUFFER SIZE  : 8 KB

SINOGRAM FILE : /home/ccuser/MemXCT/MemXCT_datasets/CDS1_sinogram.bin
   THETA FILE : /home/ccuser/MemXCT/MemXCT_datasets/CDS1_theta.bin
  OUTPUT FILE : /home/ccuser/MemXCT/recon_CDS1.bin


PLACE TILES
lspat 16 lspatdim 16
lspec 24 lspecdim 32
MPI PARTITIONING
proc: 0 numspats: 256 numpixs: 262144 numspecs: 384 numrays: 393216
maxnumpix: 262144 maxnumray: 393216
FILL PIXELS AND RAYS
INPUT THETA DATA
DOMAIN PARTITIONING
myid 0 raynuminc 384000/384000 raynumout 384000/384000

CONSTRUCT PROJECTION MATRIX
CSR STORAGE: 235011239 (1.750970 GB) rownzmax 1022
RAY-TRACING TIME: 1.604747e+01
CONSTRUCT BACKPROJECTION MATRIX
CSR STORAGE: 235011239 (1.750970 GB) rownzmax 1092
TRANSPOSITION TIME: 5.694339e+00

BLOCKING PROJECTION MATRIX
NUMBER OF BLOCKS: 3000 BUFFSIZE: 2048
NUMBER OF BUFFERS: 14528 AVERAGE BUFF/BLOCK: 4.842667 MAX BUFF/BLOCK: 8
BUFF MAP: 29753344 (0.110840 GB)
ELLPACK STORAGE: 289671040 (1.618663 GB) buffnzmax: 313 STORAGE EFFICIENCY: 1.216956 DATA REUSE: 8.914956
BLOCKING TIME: 6.310824e+00
BLOCKING BACKPROJECTION MATRIX
NUMBER OF BLOCKS: 2048 BUFFSIZE: 2048
NUMBER OF BUFFERS: 11662 AVERAGE BUFF/BLOCK: 5.694336 MAX BUFF/BLOCK: 6
BUFF MAP: 23883776 (0.088974 GB)
ELLPACK STORAGE: 275149312 (1.537517 GB) buffnzmax: 455 STORAGE EFFICIENCY: 1.281184 DATA REUSE: 10.667490
BLOCKING TIME: 7.498230e+00

FILL PROJECTION MATRIX
TIME: 1.367371e+01
FILL BACKPROJECTION MATRIX
TIME: 1.524928e+01
REDUCTION MAPPINGS
PREPROCESSING TIME: 6.447814e+01
myid: 0 device: 0

Device Count: 2
Device 0 name: -1246651456
Computational Capabilities: 6, 0
Maximum global memory size: 17071734784
Maximum constant memory size: 65536
Maximum shared memory size per block: 49152
Maximum block dimensions: 1024x1024x64
Maximum grid dimensions: 2147483647x65535x65535
Maximum threads per block: 1024
Warp size: 32

PROC 0 TOTAL GPU MEMORY: 4.733236 GB
INPUT MEASUREMENT DATA
INPUT ENDS
GRADIENT-DESCENT OPTIMIZATION
iter: 0 error: 4.959043e+04 gradnorm: 1.560967e+10
iter: 1 error: 5.316521e+03 gradnorm: 4.760837e+08
iter: 2 error: 5.074595e+02 gradnorm: 1.604489e+07
iter: 3 error: 2.940097e+02 gradnorm: 8.082406e+06
iter: 4 error: 1.716273e+02 gradnorm: 1.353846e+06
iter: 5 error: 1.154530e+02 gradnorm: 6.253729e+05
iter: 6 error: 8.901355e+01 gradnorm: 6.468251e+05
iter: 7 error: 7.550749e+01 gradnorm: 7.914858e+05
iter: 8 error: 7.088663e+01 gradnorm: 6.262442e+05
iter: 9 error: 5.778268e+01 gradnorm: 2.261950e+05
iter: 10 error: 4.873888e+01 gradnorm: 1.924549e+05
iter: 11 error: 4.171449e+01 gradnorm: 1.086363e+05
iter: 12 error: 3.749681e+01 gradnorm: 1.864431e+05
iter: 13 error: 3.463462e+01 gradnorm: 1.060722e+05
iter: 14 error: 3.146963e+01 gradnorm: 6.133562e+04
iter: 15 error: 2.914666e+01 gradnorm: 1.620882e+05
iter: 16 error: 2.837550e+01 gradnorm: 6.873555e+04
iter: 17 error: 2.682840e+01 gradnorm: 4.576283e+04
iter: 18 error: 2.524191e+01 gradnorm: 2.666404e+04
iter: 19 error: 2.394848e+01 gradnorm: 2.563721e+04
iter: 20 error: 2.288817e+01 gradnorm: 1.502955e+04
iter: 21 error: 2.197057e+01 gradnorm: 1.650501e+04
iter: 22 error: 2.181320e+01 gradnorm: 3.391111e+04
iter: 23 error: 2.121011e+01 gradnorm: 9.900342e+03
iter: 24 error: 2.079876e+01 gradnorm: 1.790630e+04
recon: 4.138866e-01 proj: 2.277242e-01 (1.867794e-01 2.755801e-02 7.549454e-03) backproj: 1.108040e-01 (4.213463e-03 1.398435e-02 8.998739e-02) ctime: 7.517216e-02 wtime: 1.452970e-04
numproj: 49 numback: 25
proj: 1.867794e-01 s (123.306416 GFLOPS) backproj: 8.998739e-02 s (130.580092 GFLOPS) avGFLOPS: 125.671364 totGFLOPS: 125.671364
proj: 487.178615 GB/s back: 485.187683 GB/s av: 486.531287 GB/s tot: 486.531287 GB/s
Total Time: 6.953091e+01
NUM. THETA             : 750
NUM. RHO               : 512
NUM. X PIXELS          : 512
NUM. Y PIXELS          : 512

NUM. OF PIXELS         : 262144
NUM. OF RAYS           : 384000

NUM. ITERATIONS        : 24

SPATIAL TILE SIZE      : 32
SPECTRAL TILE SIZE     : 32

NUMBER OF X TILES      : 16
NUMBER OF Y TILES      : 16
NUM. OF THETA TILES    : 24
NUM. OF RHO TILES      : 16

NUM. SPATIAL TILES     : 256
NUM. SPECTRAL TILES    : 384

NUM. OF X PIXELS (EXT) : 512
NUM. OF Y PIXELS (EXT) : 512
NUM. OF ANGLES (EXT)   : 768
NUM. OF RHOS (EXT)     : 512

NUM. OF PIXELS (EXT)   : 262144
NUM. OF RAYS (EXT)     : 393216

NUMBER OF PROCESSES    : 1
NUMBER OF THRD./PROC.  : 32

INTEGER: 4, FLOAT: 4, LONG: 8, SHORT: 2, POINTER: 8
APPROX. MEMORY     TOTAL: 4.394531e+00 GB
APPROX. MEMORY PER PROC.: 4.394531e+00 GB

X START       : -2.560000e+02
Y START       : -2.560000e+02
PIXEL SIZE    : 1.000000e+00
RHO START     : -2.560000e+02
RAY LENGTH    : 1.024000e+03

SPATIAL INDEXING       : 5
SPECTRAL INDEXING      : 5
 1: CARTESIAN, NATURAL
 2: CARTESIAN, TRANSPOSED
 3: MORTON, NATURAL
 4: MORTON, TRANSPOSED
PROJECTION BLOCK SIZE      : 128
BACKPROJECTION BLOCK SIZE  : 128
PROJECTION BUFFER SIZE      : 8 KB
BACKPROJECTION BUFFER SIZE  : 8 KB

SINOGRAM FILE : /home/ccuser/MemXCT/MemXCT_datasets/CDS1_sinogram.bin
   THETA FILE : /home/ccuser/MemXCT/MemXCT_datasets/CDS1_theta.bin
  OUTPUT FILE : /home/ccuser/MemXCT/recon_CDS1.bin


PLACE TILES
lspat 16 lspatdim 16
lspec 24 lspecdim 32
MPI PARTITIONING
proc: 0 numspats: 256 numpixs: 262144 numspecs: 384 numrays: 393216
maxnumpix: 262144 maxnumray: 393216
FILL PIXELS AND RAYS
INPUT THETA DATA
DOMAIN PARTITIONING
myid 0 raynuminc 384000/384000 raynumout 384000/384000

CONSTRUCT PROJECTION MATRIX
CSR STORAGE: 235011239 (1.750970 GB) rownzmax 1022
RAY-TRACING TIME: 1.606184e+01
CONSTRUCT BACKPROJECTION MATRIX
CSR STORAGE: 235011239 (1.750970 GB) rownzmax 1092
TRANSPOSITION TIME: 4.225066e+00

BLOCKING PROJECTION MATRIX
NUMBER OF BLOCKS: 3000 BUFFSIZE: 2048
NUMBER OF BUFFERS: 14528 AVERAGE BUFF/BLOCK: 4.842667 MAX BUFF/BLOCK: 8
BUFF MAP: 29753344 (0.110840 GB)
ELLPACK STORAGE: 289671040 (1.618663 GB) buffnzmax: 313 STORAGE EFFICIENCY: 1.216956 DATA REUSE: 8.914956
BLOCKING TIME: 6.382684e+00
BLOCKING BACKPROJECTION MATRIX
NUMBER OF BLOCKS: 2048 BUFFSIZE: 2048
NUMBER OF BUFFERS: 11662 AVERAGE BUFF/BLOCK: 5.694336 MAX BUFF/BLOCK: 6
BUFF MAP: 23883776 (0.088974 GB)
ELLPACK STORAGE: 275149312 (1.537517 GB) buffnzmax: 455 STORAGE EFFICIENCY: 1.281184 DATA REUSE: 10.667490
BLOCKING TIME: 7.570568e+00

FILL PROJECTION MATRIX
TIME: 1.379892e+01
FILL BACKPROJECTION MATRIX
TIME: 1.532044e+01
REDUCTION MAPPINGS
PREPROCESSING TIME: 6.336342e+01
myid: 0 device: 0

Device Count: 2
Device 0 name: -594796608
Computational Capabilities: 6, 0
Maximum global memory size: 17071734784
Maximum constant memory size: 65536
Maximum shared memory size per block: 49152
Maximum block dimensions: 1024x1024x64
Maximum grid dimensions: 2147483647x65535x65535
Maximum threads per block: 1024
Warp size: 32

PROC 0 TOTAL GPU MEMORY: 4.733236 GB
INPUT MEASUREMENT DATA
INPUT ENDS
GRADIENT-DESCENT OPTIMIZATION
iter: 0 error: 4.959043e+04 gradnorm: 1.560967e+10
iter: 1 error: 5.316521e+03 gradnorm: 4.760839e+08
iter: 2 error: 5.074595e+02 gradnorm: 1.604490e+07
iter: 3 error: 2.940097e+02 gradnorm: 8.082407e+06
iter: 4 error: 1.716273e+02 gradnorm: 1.353846e+06
iter: 5 error: 1.154529e+02 gradnorm: 6.253188e+05
iter: 6 error: 8.898205e+01 gradnorm: 6.369049e+05
iter: 7 error: 7.417016e+01 gradnorm: 4.364525e+05
iter: 8 error: 6.451248e+01 gradnorm: 1.290674e+06
iter: 9 error: 5.774323e+01 gradnorm: 2.385208e+05
iter: 10 error: 4.873872e+01 gradnorm: 1.925109e+05
iter: 11 error: 4.171463e+01 gradnorm: 1.086506e+05
iter: 12 error: 3.749898e+01 gradnorm: 1.865371e+05
iter: 13 error: 3.463535e+01 gradnorm: 1.060882e+05
iter: 14 error: 3.148389e+01 gradnorm: 6.592685e+04
iter: 15 error: 3.016245e+01 gradnorm: 2.414355e+05
iter: 16 error: 2.841877e+01 gradnorm: 5.662669e+04
iter: 17 error: 2.682877e+01 gradnorm: 4.564410e+04
iter: 18 error: 2.524189e+01 gradnorm: 2.666381e+04
iter: 19 error: 2.394849e+01 gradnorm: 2.563751e+04
iter: 20 error: 2.288836e+01 gradnorm: 1.509744e+04
iter: 21 error: 2.204773e+01 gradnorm: 3.959636e+04
iter: 22 error: 2.187808e+01 gradnorm: 1.545524e+04
iter: 23 error: 2.120674e+01 gradnorm: 9.427782e+03
iter: 24 error: 2.069134e+01 gradnorm: 9.491707e+03
recon: 4.186647e-01 proj: 2.282675e-01 (1.866677e-01 2.807019e-02 7.617153e-03) backproj: 1.110406e-01 (4.249161e-03 1.405254e-02 9.009632e-02) ctime: 7.914833e-02 wtime: 1.586980e-04
numproj: 49 numback: 25
proj: 1.866677e-01 s (123.380231 GFLOPS) backproj: 9.009632e-02 s (130.422219 GFLOPS) avGFLOPS: 125.672643 totGFLOPS: 125.672643
proj: 487.470253 GB/s back: 484.601087 GB/s av: 486.536239 GB/s tot: 486.536239 GB/s
Total Time: 6.837756e+01
NUM. THETA             : 750
NUM. RHO               : 512
NUM. X PIXELS          : 512
NUM. Y PIXELS          : 512

NUM. OF PIXELS         : 262144
NUM. OF RAYS           : 384000

NUM. ITERATIONS        : 24

SPATIAL TILE SIZE      : 32
SPECTRAL TILE SIZE     : 32

NUMBER OF X TILES      : 16
NUMBER OF Y TILES      : 16
NUM. OF THETA TILES    : 24
NUM. OF RHO TILES      : 16

NUM. SPATIAL TILES     : 256
NUM. SPECTRAL TILES    : 384

NUM. OF X PIXELS (EXT) : 512
NUM. OF Y PIXELS (EXT) : 512
NUM. OF ANGLES (EXT)   : 768
NUM. OF RHOS (EXT)     : 512

NUM. OF PIXELS (EXT)   : 262144
NUM. OF RAYS (EXT)     : 393216

NUMBER OF PROCESSES    : 1
NUMBER OF THRD./PROC.  : 32

INTEGER: 4, FLOAT: 4, LONG: 8, SHORT: 2, POINTER: 8
APPROX. MEMORY     TOTAL: 4.394531e+00 GB
APPROX. MEMORY PER PROC.: 4.394531e+00 GB

X START       : -2.560000e+02
Y START       : -2.560000e+02
PIXEL SIZE    : 1.000000e+00
RHO START     : -2.560000e+02
RAY LENGTH    : 1.024000e+03

SPATIAL INDEXING       : 5
SPECTRAL INDEXING      : 5
 1: CARTESIAN, NATURAL
 2: CARTESIAN, TRANSPOSED
 3: MORTON, NATURAL
 4: MORTON, TRANSPOSED
PROJECTION BLOCK SIZE      : 128
BACKPROJECTION BLOCK SIZE  : 128
PROJECTION BUFFER SIZE      : 8 KB
BACKPROJECTION BUFFER SIZE  : 8 KB

SINOGRAM FILE : /home/ccuser/MemXCT/MemXCT_datasets/CDS1_sinogram.bin
   THETA FILE : /home/ccuser/MemXCT/MemXCT_datasets/CDS1_theta.bin
  OUTPUT FILE : /home/ccuser/MemXCT/recon_CDS1.bin


PLACE TILES
lspat 16 lspatdim 16
lspec 24 lspecdim 32
MPI PARTITIONING
proc: 0 numspats: 256 numpixs: 262144 numspecs: 384 numrays: 393216
maxnumpix: 262144 maxnumray: 393216
FILL PIXELS AND RAYS
INPUT THETA DATA
DOMAIN PARTITIONING
myid 0 raynuminc 384000/384000 raynumout 384000/384000

CONSTRUCT PROJECTION MATRIX
CSR STORAGE: 235011239 (1.750970 GB) rownzmax 1022
RAY-TRACING TIME: 1.605279e+01
CONSTRUCT BACKPROJECTION MATRIX
CSR STORAGE: 235011239 (1.750970 GB) rownzmax 1092
TRANSPOSITION TIME: 4.191745e+00

BLOCKING PROJECTION MATRIX
NUMBER OF BLOCKS: 3000 BUFFSIZE: 2048
NUMBER OF BUFFERS: 14528 AVERAGE BUFF/BLOCK: 4.842667 MAX BUFF/BLOCK: 8
BUFF MAP: 29753344 (0.110840 GB)
ELLPACK STORAGE: 289671040 (1.618663 GB) buffnzmax: 313 STORAGE EFFICIENCY: 1.216956 DATA REUSE: 8.914956
BLOCKING TIME: 6.354696e+00
BLOCKING BACKPROJECTION MATRIX
NUMBER OF BLOCKS: 2048 BUFFSIZE: 2048
NUMBER OF BUFFERS: 11662 AVERAGE BUFF/BLOCK: 5.694336 MAX BUFF/BLOCK: 6
BUFF MAP: 23883776 (0.088974 GB)
ELLPACK STORAGE: 275149312 (1.537517 GB) buffnzmax: 455 STORAGE EFFICIENCY: 1.281184 DATA REUSE: 10.667490
BLOCKING TIME: 7.474523e+00

FILL PROJECTION MATRIX
TIME: 1.374023e+01
FILL BACKPROJECTION MATRIX
TIME: 1.526214e+01
REDUCTION MAPPINGS
PREPROCESSING TIME: 6.308007e+01
myid: 0 device: 0

Device Count: 2
Device 0 name: -114419392
Computational Capabilities: 6, 0
Maximum global memory size: 17071734784
Maximum constant memory size: 65536
Maximum shared memory size per block: 49152
Maximum block dimensions: 1024x1024x64
Maximum grid dimensions: 2147483647x65535x65535
Maximum threads per block: 1024
Warp size: 32

PROC 0 TOTAL GPU MEMORY: 4.733236 GB
INPUT MEASUREMENT DATA
INPUT ENDS
GRADIENT-DESCENT OPTIMIZATION
iter: 0 error: 4.959043e+04 gradnorm: 1.560967e+10
iter: 1 error: 5.316521e+03 gradnorm: 4.760839e+08
iter: 2 error: 5.074595e+02 gradnorm: 1.604490e+07
iter: 3 error: 2.940097e+02 gradnorm: 8.082412e+06
iter: 4 error: 1.716272e+02 gradnorm: 1.353846e+06
iter: 5 error: 1.154529e+02 gradnorm: 6.253209e+05
iter: 6 error: 8.898277e+01 gradnorm: 6.371221e+05
iter: 7 error: 7.420312e+01 gradnorm: 4.463151e+05
iter: 8 error: 6.564516e+01 gradnorm: 1.323896e+06
iter: 9 error: 5.775583e+01 gradnorm: 2.345958e+05
iter: 10 error: 4.873874e+01 gradnorm: 1.924929e+05
iter: 11 error: 4.171459e+01 gradnorm: 1.086445e+05
iter: 12 error: 3.749807e+01 gradnorm: 1.864996e+05
iter: 13 error: 3.463518e+01 gradnorm: 1.061169e+05
iter: 14 error: 3.148738e+01 gradnorm: 6.704879e+04
iter: 15 error: 3.027051e+01 gradnorm: 2.333575e+05
iter: 16 error: 2.841999e+01 gradnorm: 5.627665e+04
iter: 17 error: 2.682879e+01 gradnorm: 4.564078e+04
iter: 18 error: 2.524189e+01 gradnorm: 2.666371e+04
iter: 19 error: 2.394849e+01 gradnorm: 2.563930e+04
iter: 20 error: 2.288935e+01 gradnorm: 1.542159e+04
iter: 21 error: 2.227922e+01 gradnorm: 8.031643e+04
iter: 22 error: 2.188665e+01 gradnorm: 1.268220e+04
iter: 23 error: 2.120657e+01 gradnorm: 9.403856e+03
iter: 24 error: 2.068528e+01 gradnorm: 8.862972e+03
recon: 4.148284e-01 proj: 2.273327e-01 (1.866445e-01 2.743781e-02 7.671652e-03) backproj: 1.110524e-01 (4.240363e-03 1.407175e-02 9.011178e-02) ctime: 7.626763e-02 wtime: 1.286940e-04
numproj: 49 numback: 25
proj: 1.866445e-01 s (123.395546 GFLOPS) backproj: 9.011178e-02 s (130.399849 GFLOPS) avGFLOPS: 125.676145 totGFLOPS: 125.676145
proj: 487.530762 GB/s back: 484.517966 GB/s av: 486.549796 GB/s tot: 486.549796 GB/s
Total Time: 6.805999e+01
NUM. THETA             : 375
NUM. RHO               : 1024
NUM. X PIXELS          : 1024
NUM. Y PIXELS          : 1024

NUM. OF PIXELS         : 1048576
NUM. OF RAYS           : 384000

NUM. ITERATIONS        : 24

SPATIAL TILE SIZE      : 32
SPECTRAL TILE SIZE     : 32

NUMBER OF X TILES      : 32
NUMBER OF Y TILES      : 32
NUM. OF THETA TILES    : 12
NUM. OF RHO TILES      : 32

NUM. SPATIAL TILES     : 1024
NUM. SPECTRAL TILES    : 384

NUM. OF X PIXELS (EXT) : 1024
NUM. OF Y PIXELS (EXT) : 1024
NUM. OF ANGLES (EXT)   : 384
NUM. OF RHOS (EXT)     : 1024

NUM. OF PIXELS (EXT)   : 1048576
NUM. OF RAYS (EXT)     : 393216

NUMBER OF PROCESSES    : 1
NUMBER OF THRD./PROC.  : 32

INTEGER: 4, FLOAT: 4, LONG: 8, SHORT: 2, POINTER: 8
APPROX. MEMORY     TOTAL: 8.789062e+00 GB
APPROX. MEMORY PER PROC.: 8.789062e+00 GB

X START       : -5.120000e+02
Y START       : -5.120000e+02
PIXEL SIZE    : 1.000000e+00
RHO START     : -5.120000e+02
RAY LENGTH    : 2.048000e+03

SPATIAL INDEXING       : 5
SPECTRAL INDEXING      : 5
 1: CARTESIAN, NATURAL
 2: CARTESIAN, TRANSPOSED
 3: MORTON, NATURAL
 4: MORTON, TRANSPOSED
PROJECTION BLOCK SIZE      : 128
BACKPROJECTION BLOCK SIZE  : 128
PROJECTION BUFFER SIZE      : 8 KB
BACKPROJECTION BUFFER SIZE  : 8 KB

SINOGRAM FILE : /home/ccuser/MemXCT/MemXCT_datasets/CDS2_sinogram.bin
   THETA FILE : /home/ccuser/MemXCT/MemXCT_datasets/CDS2_theta.bin
  OUTPUT FILE : /home/ccuser/MemXCT/recon_CDS2.bin


PLACE TILES
lspat 32 lspatdim 32
lspec 32 lspecdim 32
MPI PARTITIONING
proc: 0 numspats: 1024 numpixs: 1048576 numspecs: 384 numrays: 393216
maxnumpix: 1048576 maxnumray: 393216
FILL PIXELS AND RAYS
INPUT THETA DATA
DOMAIN PARTITIONING
myid 0 raynuminc 384000/384000 raynumout 384000/384000

CONSTRUCT PROJECTION MATRIX
CSR STORAGE: 470024162 (3.501953 GB) rownzmax 2046
RAY-TRACING TIME: 4.752835e+01
CONSTRUCT BACKPROJECTION MATRIX
CSR STORAGE: 470024162 (3.501953 GB) rownzmax 607
TRANSPOSITION TIME: 9.496405e+00

BLOCKING PROJECTION MATRIX
NUMBER OF BLOCKS: 3000 BUFFSIZE: 2048
NUMBER OF BUFFERS: 35674 AVERAGE BUFF/BLOCK: 11.891334 MAX BUFF/BLOCK: 22
BUFF MAP: 73060352 (0.272171 GB)
ELLPACK STORAGE: 649310848 (3.628307 GB) buffnzmax: 354 STORAGE EFFICIENCY: 1.085822 DATA REUSE: 6.710654
BLOCKING TIME: 2.291001e+01
BLOCKING BACKPROJECTION MATRIX
NUMBER OF BLOCKS: 8192 BUFFSIZE: 2048
NUMBER OF BUFFERS: 23450 AVERAGE BUFF/BLOCK: 2.862549 MAX BUFF/BLOCK: 3
BUFF MAP: 48025600 (0.178909 GB)
ELLPACK STORAGE: 532339456 (2.974679 GB) buffnzmax: 426 STORAGE EFFICIENCY: 1.324411 DATA REUSE: 10.666677
BLOCKING TIME: 1.696861e+01

FILL PROJECTION MATRIX
TIME: 2.878780e+01
FILL BACKPROJECTION MATRIX
TIME: 2.903783e+01
REDUCTION MAPPINGS
PREPROCESSING TIME: 1.547330e+02
myid: 0 device: 0

Device Count: 2
Device 0 name: 2069339216
Computational Capabilities: 6, 0
Maximum global memory size: 17071734784
Maximum constant memory size: 65536
Maximum shared memory size per block: 49152
Maximum block dimensions: 1024x1024x64
Maximum grid dimensions: 2147483647x65535x65535
Maximum threads per block: 1024
Warp size: 32

PROC 0 TOTAL GPU MEMORY: 9.937828 GB
INPUT MEASUREMENT DATA
INPUT ENDS
GRADIENT-DESCENT OPTIMIZATION
iter: 0 error: 5.498392e+04 gradnorm: 1.963865e+10
iter: 1 error: 3.375405e+03 gradnorm: 2.933230e+08
iter: 2 error: 1.127916e+03 gradnorm: 5.687502e+07
iter: 3 error: 4.702574e+02 gradnorm: 1.895910e+07
iter: 4 error: 3.071321e+02 gradnorm: 8.957477e+06
iter: 5 error: 2.100911e+02 gradnorm: 2.580078e+06
iter: 6 error: 1.482710e+02 gradnorm: 1.226164e+06
iter: 7 error: 1.195136e+02 gradnorm: 1.056448e+06
iter: 8 error: 9.872939e+01 gradnorm: 8.738909e+05
iter: 9 error: 9.057460e+01 gradnorm: 1.517695e+06
iter: 10 error: 7.637819e+01 gradnorm: 4.639903e+05
iter: 11 error: 6.296091e+01 gradnorm: 3.333386e+05
iter: 12 error: 5.227444e+01 gradnorm: 2.613845e+05
iter: 13 error: 4.613974e+01 gradnorm: 2.711477e+05
iter: 14 error: 4.012326e+01 gradnorm: 1.296659e+05
iter: 15 error: 3.512824e+01 gradnorm: 1.748884e+05
iter: 16 error: 3.341520e+01 gradnorm: 2.149562e+05
iter: 17 error: 3.143980e+01 gradnorm: 1.909807e+05
iter: 18 error: 3.015975e+01 gradnorm: 9.926010e+04
iter: 19 error: 2.745044e+01 gradnorm: 5.611330e+04
iter: 20 error: 2.606617e+01 gradnorm: 6.326284e+04
iter: 21 error: 2.466723e+01 gradnorm: 3.944688e+04
iter: 22 error: 2.368196e+01 gradnorm: 3.770579e+04
iter: 23 error: 2.311925e+01 gradnorm: 3.262057e+04
iter: 24 error: 2.235369e+01 gradnorm: 3.097280e+04
recon: 8.007275e-01 proj: 4.779449e-01 (4.231066e-01 2.781091e-02 7.618854e-03) backproj: 1.957878e-01 (4.272958e-03 1.393155e-02 1.689289e-01) ctime: 1.267850e-01 wtime: 1.600940e-04
numproj: 49 numback: 25
proj: 4.231066e-01 s (108.867053 GFLOPS) backproj: 1.689289e-01 s (139.118963 GFLOPS) avGFLOPS: 117.499004 totGFLOPS: 117.499004
proj: 485.024866 GB/s back: 501.119094 GB/s av: 489.617125 GB/s tot: 489.617125 GB/s
Total Time: 1.718911e+02
NUM. THETA             : 375
NUM. RHO               : 1024
NUM. X PIXELS          : 1024
NUM. Y PIXELS          : 1024

NUM. OF PIXELS         : 1048576
NUM. OF RAYS           : 384000

NUM. ITERATIONS        : 24

SPATIAL TILE SIZE      : 32
SPECTRAL TILE SIZE     : 32

NUMBER OF X TILES      : 32
NUMBER OF Y TILES      : 32
NUM. OF THETA TILES    : 12
NUM. OF RHO TILES      : 32

NUM. SPATIAL TILES     : 1024
NUM. SPECTRAL TILES    : 384

NUM. OF X PIXELS (EXT) : 1024
NUM. OF Y PIXELS (EXT) : 1024
NUM. OF ANGLES (EXT)   : 384
NUM. OF RHOS (EXT)     : 1024

NUM. OF PIXELS (EXT)   : 1048576
NUM. OF RAYS (EXT)     : 393216

NUMBER OF PROCESSES    : 1
NUMBER OF THRD./PROC.  : 32

INTEGER: 4, FLOAT: 4, LONG: 8, SHORT: 2, POINTER: 8
APPROX. MEMORY     TOTAL: 8.789062e+00 GB
APPROX. MEMORY PER PROC.: 8.789062e+00 GB

X START       : -5.120000e+02
Y START       : -5.120000e+02
PIXEL SIZE    : 1.000000e+00
RHO START     : -5.120000e+02
RAY LENGTH    : 2.048000e+03

SPATIAL INDEXING       : 5
SPECTRAL INDEXING      : 5
 1: CARTESIAN, NATURAL
 2: CARTESIAN, TRANSPOSED
 3: MORTON, NATURAL
 4: MORTON, TRANSPOSED
PROJECTION BLOCK SIZE      : 128
BACKPROJECTION BLOCK SIZE  : 128
PROJECTION BUFFER SIZE      : 8 KB
BACKPROJECTION BUFFER SIZE  : 8 KB

SINOGRAM FILE : /home/ccuser/MemXCT/MemXCT_datasets/CDS2_sinogram.bin
   THETA FILE : /home/ccuser/MemXCT/MemXCT_datasets/CDS2_theta.bin
  OUTPUT FILE : /home/ccuser/MemXCT/recon_CDS2.bin


PLACE TILES
lspat 32 lspatdim 32
lspec 32 lspecdim 32
MPI PARTITIONING
proc: 0 numspats: 1024 numpixs: 1048576 numspecs: 384 numrays: 393216
maxnumpix: 1048576 maxnumray: 393216
FILL PIXELS AND RAYS
INPUT THETA DATA
DOMAIN PARTITIONING
myid 0 raynuminc 384000/384000 raynumout 384000/384000

CONSTRUCT PROJECTION MATRIX
CSR STORAGE: 470024162 (3.501953 GB) rownzmax 2046
RAY-TRACING TIME: 4.752451e+01
CONSTRUCT BACKPROJECTION MATRIX
CSR STORAGE: 470024162 (3.501953 GB) rownzmax 607
TRANSPOSITION TIME: 9.455254e+00

BLOCKING PROJECTION MATRIX
NUMBER OF BLOCKS: 3000 BUFFSIZE: 2048
NUMBER OF BUFFERS: 35674 AVERAGE BUFF/BLOCK: 11.891334 MAX BUFF/BLOCK: 22
BUFF MAP: 73060352 (0.272171 GB)
ELLPACK STORAGE: 649310848 (3.628307 GB) buffnzmax: 354 STORAGE EFFICIENCY: 1.085822 DATA REUSE: 6.710654
BLOCKING TIME: 2.304050e+01
BLOCKING BACKPROJECTION MATRIX
NUMBER OF BLOCKS: 8192 BUFFSIZE: 2048
NUMBER OF BUFFERS: 23450 AVERAGE BUFF/BLOCK: 2.862549 MAX BUFF/BLOCK: 3
BUFF MAP: 48025600 (0.178909 GB)
ELLPACK STORAGE: 532339456 (2.974679 GB) buffnzmax: 426 STORAGE EFFICIENCY: 1.324411 DATA REUSE: 10.666677
BLOCKING TIME: 1.694716e+01

FILL PROJECTION MATRIX
TIME: 2.866915e+01
FILL BACKPROJECTION MATRIX
TIME: 2.902318e+01
REDUCTION MAPPINGS
PREPROCESSING TIME: 1.546637e+02
myid: 0 device: 0

Device Count: 2
Device 0 name: -1981873472
Computational Capabilities: 6, 0
Maximum global memory size: 17071734784
Maximum constant memory size: 65536
Maximum shared memory size per block: 49152
Maximum block dimensions: 1024x1024x64
Maximum grid dimensions: 2147483647x65535x65535
Maximum threads per block: 1024
Warp size: 32

PROC 0 TOTAL GPU MEMORY: 9.937828 GB
INPUT MEASUREMENT DATA
INPUT ENDS
GRADIENT-DESCENT OPTIMIZATION
iter: 0 error: 5.498393e+04 gradnorm: 1.963865e+10
iter: 1 error: 3.375405e+03 gradnorm: 2.933229e+08
iter: 2 error: 1.127916e+03 gradnorm: 5.687504e+07
iter: 3 error: 4.702574e+02 gradnorm: 1.895912e+07
iter: 4 error: 3.071321e+02 gradnorm: 8.957466e+06
iter: 5 error: 2.100912e+02 gradnorm: 2.580080e+06
iter: 6 error: 1.482708e+02 gradnorm: 1.226123e+06
iter: 7 error: 1.195069e+02 gradnorm: 1.054432e+06
iter: 8 error: 9.850109e+01 gradnorm: 8.064575e+05
iter: 9 error: 8.906977e+01 gradnorm: 1.701427e+06
iter: 10 error: 7.636009e+01 gradnorm: 4.696713e+05
iter: 11 error: 6.296081e+01 gradnorm: 3.333716e+05
iter: 12 error: 5.227446e+01 gradnorm: 2.613947e+05
iter: 13 error: 4.614066e+01 gradnorm: 2.712805e+05
iter: 14 error: 4.013327e+01 gradnorm: 1.315165e+05
iter: 15 error: 3.558646e+01 gradnorm: 2.377968e+05
iter: 16 error: 3.358452e+01 gradnorm: 1.482519e+05
iter: 17 error: 3.124182e+01 gradnorm: 2.099656e+05
iter: 18 error: 3.018855e+01 gradnorm: 9.962686e+04
iter: 19 error: 2.746155e+01 gradnorm: 5.734519e+04
iter: 20 error: 2.613725e+01 gradnorm: 6.633770e+04
iter: 21 error: 2.479045e+01 gradnorm: 4.725970e+04
iter: 22 error: 2.394704e+01 gradnorm: 4.247314e+04
iter: 23 error: 2.318571e+01 gradnorm: 2.598233e+04
iter: 24 error: 2.231198e+01 gradnorm: 1.693646e+04
recon: 8.070392e-01 proj: 4.781913e-01 (4.235065e-01 2.799206e-02 7.602841e-03) backproj: 1.963738e-01 (4.349953e-03 1.438072e-02 1.689273e-01) ctime: 1.322392e-01 wtime: 1.824990e-04
numproj: 49 numback: 25
proj: 4.235065e-01 s (108.764246 GFLOPS) backproj: 1.689273e-01 s (139.120251 GFLOPS) avGFLOPS: 117.419994 totGFLOPS: 117.419994
proj: 484.566840 GB/s back: 501.123735 GB/s av: 489.287893 GB/s tot: 489.287893 GB/s
Total Time: 1.717658e+02
NUM. THETA             : 375
NUM. RHO               : 1024
NUM. X PIXELS          : 1024
NUM. Y PIXELS          : 1024

NUM. OF PIXELS         : 1048576
NUM. OF RAYS           : 384000

NUM. ITERATIONS        : 24

SPATIAL TILE SIZE      : 32
SPECTRAL TILE SIZE     : 32

NUMBER OF X TILES      : 32
NUMBER OF Y TILES      : 32
NUM. OF THETA TILES    : 12
NUM. OF RHO TILES      : 32

NUM. SPATIAL TILES     : 1024
NUM. SPECTRAL TILES    : 384

NUM. OF X PIXELS (EXT) : 1024
NUM. OF Y PIXELS (EXT) : 1024
NUM. OF ANGLES (EXT)   : 384
NUM. OF RHOS (EXT)     : 1024

NUM. OF PIXELS (EXT)   : 1048576
NUM. OF RAYS (EXT)     : 393216

NUMBER OF PROCESSES    : 1
NUMBER OF THRD./PROC.  : 32

INTEGER: 4, FLOAT: 4, LONG: 8, SHORT: 2, POINTER: 8
APPROX. MEMORY     TOTAL: 8.789062e+00 GB
APPROX. MEMORY PER PROC.: 8.789062e+00 GB

X START       : -5.120000e+02
Y START       : -5.120000e+02
PIXEL SIZE    : 1.000000e+00
RHO START     : -5.120000e+02
RAY LENGTH    : 2.048000e+03

SPATIAL INDEXING       : 5
SPECTRAL INDEXING      : 5
 1: CARTESIAN, NATURAL
 2: CARTESIAN, TRANSPOSED
 3: MORTON, NATURAL
 4: MORTON, TRANSPOSED
PROJECTION BLOCK SIZE      : 128
BACKPROJECTION BLOCK SIZE  : 128
PROJECTION BUFFER SIZE      : 8 KB
BACKPROJECTION BUFFER SIZE  : 8 KB

SINOGRAM FILE : /home/ccuser/MemXCT/MemXCT_datasets/CDS2_sinogram.bin
   THETA FILE : /home/ccuser/MemXCT/MemXCT_datasets/CDS2_theta.bin
  OUTPUT FILE : /home/ccuser/MemXCT/recon_CDS2.bin


PLACE TILES
lspat 32 lspatdim 32
lspec 32 lspecdim 32
MPI PARTITIONING
proc: 0 numspats: 1024 numpixs: 1048576 numspecs: 384 numrays: 393216
maxnumpix: 1048576 maxnumray: 393216
FILL PIXELS AND RAYS
INPUT THETA DATA
DOMAIN PARTITIONING
myid 0 raynuminc 384000/384000 raynumout 384000/384000

CONSTRUCT PROJECTION MATRIX
CSR STORAGE: 470024162 (3.501953 GB) rownzmax 2046
RAY-TRACING TIME: 4.747508e+01
CONSTRUCT BACKPROJECTION MATRIX
CSR STORAGE: 470024162 (3.501953 GB) rownzmax 607
TRANSPOSITION TIME: 9.478794e+00

BLOCKING PROJECTION MATRIX
NUMBER OF BLOCKS: 3000 BUFFSIZE: 2048
NUMBER OF BUFFERS: 35674 AVERAGE BUFF/BLOCK: 11.891334 MAX BUFF/BLOCK: 22
BUFF MAP: 73060352 (0.272171 GB)
ELLPACK STORAGE: 649310848 (3.628307 GB) buffnzmax: 354 STORAGE EFFICIENCY: 1.085822 DATA REUSE: 6.710654
BLOCKING TIME: 2.290644e+01
BLOCKING BACKPROJECTION MATRIX
NUMBER OF BLOCKS: 8192 BUFFSIZE: 2048
NUMBER OF BUFFERS: 23450 AVERAGE BUFF/BLOCK: 2.862549 MAX BUFF/BLOCK: 3
BUFF MAP: 48025600 (0.178909 GB)
ELLPACK STORAGE: 532339456 (2.974679 GB) buffnzmax: 426 STORAGE EFFICIENCY: 1.324411 DATA REUSE: 10.666677
BLOCKING TIME: 1.696890e+01

FILL PROJECTION MATRIX
TIME: 2.866022e+01
FILL BACKPROJECTION MATRIX
TIME: 2.904986e+01
REDUCTION MAPPINGS
PREPROCESSING TIME: 1.545433e+02
myid: 0 device: 0

Device Count: 2
Device 0 name: -549882016
Computational Capabilities: 6, 0
Maximum global memory size: 17071734784
Maximum constant memory size: 65536
Maximum shared memory size per block: 49152
Maximum block dimensions: 1024x1024x64
Maximum grid dimensions: 2147483647x65535x65535
Maximum threads per block: 1024
Warp size: 32

PROC 0 TOTAL GPU MEMORY: 9.937828 GB
INPUT MEASUREMENT DATA
INPUT ENDS
GRADIENT-DESCENT OPTIMIZATION
iter: 0 error: 5.498392e+04 gradnorm: 1.963865e+10
iter: 1 error: 3.375405e+03 gradnorm: 2.933228e+08
iter: 2 error: 1.127916e+03 gradnorm: 5.687499e+07
iter: 3 error: 4.702574e+02 gradnorm: 1.895912e+07
iter: 4 error: 3.071320e+02 gradnorm: 8.957470e+06
iter: 5 error: 2.100911e+02 gradnorm: 2.580077e+06
iter: 6 error: 1.482707e+02 gradnorm: 1.226071e+06
iter: 7 error: 1.194981e+02 gradnorm: 1.051710e+06
iter: 8 error: 9.818224e+01 gradnorm: 7.089086e+05
iter: 9 error: 8.257153e+01 gradnorm: 1.397822e+06
iter: 10 error: 7.611259e+01 gradnorm: 5.456872e+05
iter: 11 error: 6.295939e+01 gradnorm: 3.338335e+05
iter: 12 error: 5.227480e+01 gradnorm: 2.614515e+05
iter: 13 error: 4.614545e+01 gradnorm: 2.719175e+05
iter: 14 error: 4.018116e+01 gradnorm: 1.403789e+05
iter: 15 error: 3.684772e+01 gradnorm: 3.191782e+05
iter: 16 error: 3.372523e+01 gradnorm: 1.173457e+05
iter: 17 error: 3.071999e+01 gradnorm: 8.551258e+04
iter: 18 error: 2.912312e+01 gradnorm: 2.776336e+05
iter: 19 error: 2.744818e+01 gradnorm: 5.894354e+04
iter: 20 error: 2.610058e+01 gradnorm: 6.495018e+04
iter: 21 error: 2.473562e+01 gradnorm: 4.435841e+04
iter: 22 error: 2.387853e+01 gradnorm: 4.362518e+04
iter: 23 error: 2.317757e+01 gradnorm: 2.685163e+04
iter: 24 error: 2.231302e+01 gradnorm: 1.739095e+04
recon: 8.219701e-01 proj: 4.797147e-01 (4.234090e-01 2.915337e-02 7.562753e-03) backproj: 1.963959e-01 (4.273659e-03 1.452044e-02 1.689097e-01) ctime: 1.455608e-01 wtime: 2.460890e-04
numproj: 49 numback: 25
proj: 4.234090e-01 s (108.789308 GFLOPS) backproj: 1.689097e-01 s (139.134777 GFLOPS) avGFLOPS: 117.442831 totGFLOPS: 117.442831
proj: 484.678497 GB/s back: 501.176057 GB/s av: 489.383055 GB/s tot: 489.383055 GB/s
Total Time: 1.717126e+02
NUM. THETA             : 375
NUM. RHO               : 1024
NUM. X PIXELS          : 1024
NUM. Y PIXELS          : 1024

NUM. OF PIXELS         : 1048576
NUM. OF RAYS           : 384000

NUM. ITERATIONS        : 24

SPATIAL TILE SIZE      : 32
SPECTRAL TILE SIZE     : 32

NUMBER OF X TILES      : 32
NUMBER OF Y TILES      : 32
NUM. OF THETA TILES    : 12
NUM. OF RHO TILES      : 32

NUM. SPATIAL TILES     : 1024
NUM. SPECTRAL TILES    : 384

NUM. OF X PIXELS (EXT) : 1024
NUM. OF Y PIXELS (EXT) : 1024
NUM. OF ANGLES (EXT)   : 384
NUM. OF RHOS (EXT)     : 1024

NUM. OF PIXELS (EXT)   : 1048576
NUM. OF RAYS (EXT)     : 393216

NUMBER OF PROCESSES    : 1
NUMBER OF THRD./PROC.  : 32

INTEGER: 4, FLOAT: 4, LONG: 8, SHORT: 2, POINTER: 8
APPROX. MEMORY     TOTAL: 8.789062e+00 GB
APPROX. MEMORY PER PROC.: 8.789062e+00 GB

X START       : -5.120000e+02
Y START       : -5.120000e+02
PIXEL SIZE    : 1.000000e+00
RHO START     : -5.120000e+02
RAY LENGTH    : 2.048000e+03

SPATIAL INDEXING       : 5
SPECTRAL INDEXING      : 5
 1: CARTESIAN, NATURAL
 2: CARTESIAN, TRANSPOSED
 3: MORTON, NATURAL
 4: MORTON, TRANSPOSED
PROJECTION BLOCK SIZE      : 128
BACKPROJECTION BLOCK SIZE  : 128
PROJECTION BUFFER SIZE      : 8 KB
BACKPROJECTION BUFFER SIZE  : 8 KB

SINOGRAM FILE : /home/ccuser/MemXCT/MemXCT_datasets/CDS2_sinogram.bin
   THETA FILE : /home/ccuser/MemXCT/MemXCT_datasets/CDS2_theta.bin
  OUTPUT FILE : /home/ccuser/MemXCT/recon_CDS2.bin


PLACE TILES
lspat 32 lspatdim 32
lspec 32 lspecdim 32
MPI PARTITIONING
proc: 0 numspats: 1024 numpixs: 1048576 numspecs: 384 numrays: 393216
maxnumpix: 1048576 maxnumray: 393216
FILL PIXELS AND RAYS
INPUT THETA DATA
DOMAIN PARTITIONING
myid 0 raynuminc 384000/384000 raynumout 384000/384000

CONSTRUCT PROJECTION MATRIX
CSR STORAGE: 470024162 (3.501953 GB) rownzmax 2046
RAY-TRACING TIME: 4.755637e+01
CONSTRUCT BACKPROJECTION MATRIX
CSR STORAGE: 470024162 (3.501953 GB) rownzmax 607
TRANSPOSITION TIME: 9.480857e+00

BLOCKING PROJECTION MATRIX
NUMBER OF BLOCKS: 3000 BUFFSIZE: 2048
NUMBER OF BUFFERS: 35674 AVERAGE BUFF/BLOCK: 11.891334 MAX BUFF/BLOCK: 22
BUFF MAP: 73060352 (0.272171 GB)
ELLPACK STORAGE: 649310848 (3.628307 GB) buffnzmax: 354 STORAGE EFFICIENCY: 1.085822 DATA REUSE: 6.710654
BLOCKING TIME: 2.285742e+01
BLOCKING BACKPROJECTION MATRIX
NUMBER OF BLOCKS: 8192 BUFFSIZE: 2048
NUMBER OF BUFFERS: 23450 AVERAGE BUFF/BLOCK: 2.862549 MAX BUFF/BLOCK: 3
BUFF MAP: 48025600 (0.178909 GB)
ELLPACK STORAGE: 532339456 (2.974679 GB) buffnzmax: 426 STORAGE EFFICIENCY: 1.324411 DATA REUSE: 10.666677
BLOCKING TIME: 1.694378e+01

FILL PROJECTION MATRIX
TIME: 2.874908e+01
FILL BACKPROJECTION MATRIX
TIME: 2.925078e+01
REDUCTION MAPPINGS
PREPROCESSING TIME: 1.548422e+02
myid: 0 device: 0

Device Count: 2
Device 0 name: -1040115584
Computational Capabilities: 6, 0
Maximum global memory size: 17071734784
Maximum constant memory size: 65536
Maximum shared memory size per block: 49152
Maximum block dimensions: 1024x1024x64
Maximum grid dimensions: 2147483647x65535x65535
Maximum threads per block: 1024
Warp size: 32

PROC 0 TOTAL GPU MEMORY: 9.937828 GB
INPUT MEASUREMENT DATA
INPUT ENDS
GRADIENT-DESCENT OPTIMIZATION
iter: 0 error: 5.498392e+04 gradnorm: 1.963865e+10
iter: 1 error: 3.375404e+03 gradnorm: 2.933229e+08
iter: 2 error: 1.127916e+03 gradnorm: 5.687500e+07
iter: 3 error: 4.702574e+02 gradnorm: 1.895912e+07
iter: 4 error: 3.071320e+02 gradnorm: 8.957465e+06
iter: 5 error: 2.100912e+02 gradnorm: 2.580079e+06
iter: 6 error: 1.482708e+02 gradnorm: 1.226090e+06
iter: 7 error: 1.195015e+02 gradnorm: 1.052746e+06
iter: 8 error: 9.830513e+01 gradnorm: 7.469682e+05
iter: 9 error: 8.635251e+01 gradnorm: 1.791188e+06
iter: 10 error: 7.630910e+01 gradnorm: 4.856362e+05
iter: 11 error: 6.296052e+01 gradnorm: 3.334676e+05
iter: 12 error: 5.227500e+01 gradnorm: 2.614902e+05
iter: 13 error: 4.614899e+01 gradnorm: 2.723936e+05
iter: 14 error: 4.021622e+01 gradnorm: 1.467436e+05
iter: 15 error: 3.730851e+01 gradnorm: 3.126514e+05
iter: 16 error: 3.375571e+01 gradnorm: 1.173088e+05
iter: 17 error: 3.125384e+01 gradnorm: 2.213749e+05
iter: 18 error: 3.020619e+01 gradnorm: 9.707754e+04
iter: 19 error: 2.746383e+01 gradnorm: 5.755564e+04
iter: 20 error: 2.614928e+01 gradnorm: 6.673956e+04
iter: 21 error: 2.480555e+01 gradnorm: 4.789621e+04
iter: 22 error: 2.396023e+01 gradnorm: 4.206106e+04
iter: 23 error: 2.318704e+01 gradnorm: 2.585498e+04
iter: 24 error: 2.231630e+01 gradnorm: 1.839518e+04
recon: 8.262331e-01 proj: 4.794100e-01 (4.231167e-01 2.952804e-02 7.571453e-03) backproj: 1.958245e-01 (4.308059e-03 1.392885e-02 1.688906e-01) ctime: 1.506510e-01 wtime: 2.948940e-04
numproj: 49 numback: 25
proj: 4.231167e-01 s (108.864444 GFLOPS) backproj: 1.688906e-01 s (139.150488 GFLOPS) avGFLOPS: 117.504587 totGFLOPS: 117.504587
proj: 485.013241 GB/s back: 501.232650 GB/s av: 489.640389 GB/s tot: 489.640389 GB/s
Total Time: 1.719944e+02
NUM. THETA             : 375
NUM. RHO               : 1024
NUM. X PIXELS          : 1024
NUM. Y PIXELS          : 1024

NUM. OF PIXELS         : 1048576
NUM. OF RAYS           : 384000

NUM. ITERATIONS        : 24

SPATIAL TILE SIZE      : 32
SPECTRAL TILE SIZE     : 32

NUMBER OF X TILES      : 32
NUMBER OF Y TILES      : 32
NUM. OF THETA TILES    : 12
NUM. OF RHO TILES      : 32

NUM. SPATIAL TILES     : 1024
NUM. SPECTRAL TILES    : 384

NUM. OF X PIXELS (EXT) : 1024
NUM. OF Y PIXELS (EXT) : 1024
NUM. OF ANGLES (EXT)   : 384
NUM. OF RHOS (EXT)     : 1024

NUM. OF PIXELS (EXT)   : 1048576
NUM. OF RAYS (EXT)     : 393216

NUMBER OF PROCESSES    : 1
NUMBER OF THRD./PROC.  : 32

INTEGER: 4, FLOAT: 4, LONG: 8, SHORT: 2, POINTER: 8
APPROX. MEMORY     TOTAL: 8.789062e+00 GB
APPROX. MEMORY PER PROC.: 8.789062e+00 GB

X START       : -5.120000e+02
Y START       : -5.120000e+02
PIXEL SIZE    : 1.000000e+00
RHO START     : -5.120000e+02
RAY LENGTH    : 2.048000e+03

SPATIAL INDEXING       : 5
SPECTRAL INDEXING      : 5
 1: CARTESIAN, NATURAL
 2: CARTESIAN, TRANSPOSED
 3: MORTON, NATURAL
 4: MORTON, TRANSPOSED
PROJECTION BLOCK SIZE      : 128
BACKPROJECTION BLOCK SIZE  : 128
PROJECTION BUFFER SIZE      : 8 KB
BACKPROJECTION BUFFER SIZE  : 8 KB

SINOGRAM FILE : /home/ccuser/MemXCT/MemXCT_datasets/CDS2_sinogram.bin
   THETA FILE : /home/ccuser/MemXCT/MemXCT_datasets/CDS2_theta.bin
  OUTPUT FILE : /home/ccuser/MemXCT/recon_CDS2.bin


PLACE TILES
lspat 32 lspatdim 32
lspec 32 lspecdim 32
MPI PARTITIONING
proc: 0 numspats: 1024 numpixs: 1048576 numspecs: 384 numrays: 393216
maxnumpix: 1048576 maxnumray: 393216
FILL PIXELS AND RAYS
INPUT THETA DATA
DOMAIN PARTITIONING
myid 0 raynuminc 384000/384000 raynumout 384000/384000

CONSTRUCT PROJECTION MATRIX
CSR STORAGE: 470024162 (3.501953 GB) rownzmax 2046
RAY-TRACING TIME: 4.746785e+01
CONSTRUCT BACKPROJECTION MATRIX
CSR STORAGE: 470024162 (3.501953 GB) rownzmax 607
TRANSPOSITION TIME: 9.502105e+00

BLOCKING PROJECTION MATRIX
NUMBER OF BLOCKS: 3000 BUFFSIZE: 2048
NUMBER OF BUFFERS: 35674 AVERAGE BUFF/BLOCK: 11.891334 MAX BUFF/BLOCK: 22
BUFF MAP: 73060352 (0.272171 GB)
ELLPACK STORAGE: 649310848 (3.628307 GB) buffnzmax: 354 STORAGE EFFICIENCY: 1.085822 DATA REUSE: 6.710654
BLOCKING TIME: 2.289859e+01
BLOCKING BACKPROJECTION MATRIX
NUMBER OF BLOCKS: 8192 BUFFSIZE: 2048
NUMBER OF BUFFERS: 23450 AVERAGE BUFF/BLOCK: 2.862549 MAX BUFF/BLOCK: 3
BUFF MAP: 48025600 (0.178909 GB)
ELLPACK STORAGE: 532339456 (2.974679 GB) buffnzmax: 426 STORAGE EFFICIENCY: 1.324411 DATA REUSE: 10.666677
BLOCKING TIME: 1.711076e+01

FILL PROJECTION MATRIX
TIME: 2.882037e+01
FILL BACKPROJECTION MATRIX
TIME: 2.914232e+01
REDUCTION MAPPINGS
PREPROCESSING TIME: 1.549460e+02
myid: 0 device: 0

Device Count: 2
Device 0 name: 1053712096
Computational Capabilities: 6, 0
Maximum global memory size: 17071734784
Maximum constant memory size: 65536
Maximum shared memory size per block: 49152
Maximum block dimensions: 1024x1024x64
Maximum grid dimensions: 2147483647x65535x65535
Maximum threads per block: 1024
Warp size: 32

PROC 0 TOTAL GPU MEMORY: 9.937828 GB
INPUT MEASUREMENT DATA
INPUT ENDS
GRADIENT-DESCENT OPTIMIZATION
iter: 0 error: 5.498392e+04 gradnorm: 1.963865e+10
iter: 1 error: 3.375404e+03 gradnorm: 2.933228e+08
iter: 2 error: 1.127916e+03 gradnorm: 5.687500e+07
iter: 3 error: 4.702574e+02 gradnorm: 1.895913e+07
iter: 4 error: 3.071319e+02 gradnorm: 8.957471e+06
iter: 5 error: 2.100911e+02 gradnorm: 2.580078e+06
iter: 6 error: 1.482706e+02 gradnorm: 1.226061e+06
iter: 7 error: 1.194967e+02 gradnorm: 1.051235e+06
iter: 8 error: 9.812556e+01 gradnorm: 6.911669e+05
iter: 9 error: 7.930174e+01 gradnorm: 5.713551e+05
iter: 10 error: 7.303487e+01 gradnorm: 1.202098e+06
iter: 11 error: 6.293449e+01 gradnorm: 3.418387e+05
iter: 12 error: 5.227486e+01 gradnorm: 2.615420e+05
iter: 13 error: 4.614952e+01 gradnorm: 2.724669e+05
iter: 14 error: 4.022147e+01 gradnorm: 1.476742e+05
iter: 15 error: 3.735889e+01 gradnorm: 3.102137e+05
iter: 16 error: 3.374707e+01 gradnorm: 1.139481e+05
iter: 17 error: 3.072586e+01 gradnorm: 8.683420e+04
iter: 18 error: 2.923745e+01 gradnorm: 2.723406e+05
iter: 19 error: 2.746211e+01 gradnorm: 6.035511e+04
iter: 20 error: 2.618147e+01 gradnorm: 6.775942e+04
iter: 21 error: 2.484112e+01 gradnorm: 4.912247e+04
iter: 22 error: 2.398548e+01 gradnorm: 4.109885e+04
iter: 23 error: 2.318929e+01 gradnorm: 2.559889e+04
iter: 24 error: 2.231256e+01 gradnorm: 1.710433e+04
recon: 8.313201e-01 proj: 4.795636e-01 (4.234604e-01 2.931115e-02 7.607858e-03) backproj: 1.989479e-01 (4.293466e-03 1.400815e-02 1.688748e-01) ctime: 1.524731e-01 wtime: 2.730920e-04
numproj: 49 numback: 25
proj: 4.234604e-01 s (108.776090 GFLOPS) backproj: 1.688748e-01 s (139.163539 GFLOPS) avGFLOPS: 117.439551 totGFLOPS: 117.439551
proj: 484.619605 GB/s back: 501.279661 GB/s av: 489.369387 GB/s tot: 489.369387 GB/s
Total Time: 1.721051e+02
