NUM. THETA             : 750
NUM. RHO               : 512
NUM. X PIXELS          : 512
NUM. Y PIXELS          : 512

NUM. OF PIXELS         : 262144
NUM. OF RAYS           : 384000

NUM. ITERATIONS        : 24

SPATIAL TILE SIZE      : 32
SPECTRAL TILE SIZE     : 32

NUMBER OF X TILES      : 16
NUMBER OF Y TILES      : 16
NUM. OF THETA TILES    : 24
NUM. OF RHO TILES      : 16

NUM. SPATIAL TILES     : 256
NUM. SPECTRAL TILES    : 384

NUM. OF X PIXELS (EXT) : 512
NUM. OF Y PIXELS (EXT) : 512
NUM. OF ANGLES (EXT)   : 768
NUM. OF RHOS (EXT)     : 512

NUM. OF PIXELS (EXT)   : 262144
NUM. OF RAYS (EXT)     : 393216

NUMBER OF PROCESSES    : 1
NUMBER OF THRD./PROC.  : 32

INTEGER: 4, FLOAT: 4, LONG: 8, SHORT: 2, POINTER: 8
APPROX. MEMORY     TOTAL: 4.394531e+00 GB
APPROX. MEMORY PER PROC.: 4.394531e+00 GB

X START       : -2.560000e+02
Y START       : -2.560000e+02
PIXEL SIZE    : 1.000000e+00
RHO START     : -2.560000e+02
RAY LENGTH    : 1.024000e+03

SPATIAL INDEXING       : 5
SPECTRAL INDEXING      : 5
 1: CARTESIAN, NATURAL
 2: CARTESIAN, TRANSPOSED
 3: MORTON, NATURAL
 4: MORTON, TRANSPOSED
PROJECTION BLOCK SIZE      : 128
BACKPROJECTION BLOCK SIZE  : 128
PROJECTION BUFFER SIZE      : 8 KB
BACKPROJECTION BUFFER SIZE  : 8 KB

SINOGRAM FILE : /home/ccuser/MemXCT/MemXCT_datasets/CDS1_sinogram.bin
   THETA FILE : /home/ccuser/MemXCT/MemXCT_datasets/CDS1_theta.bin
  OUTPUT FILE : /home/ccuser/MemXCT/recon_CDS1.bin


PLACE TILES
lspat 16 lspatdim 16
lspec 24 lspecdim 32
MPI PARTITIONING
proc: 0 numspats: 256 numpixs: 262144 numspecs: 384 numrays: 393216
maxnumpix: 262144 maxnumray: 393216
FILL PIXELS AND RAYS
INPUT THETA DATA
DOMAIN PARTITIONING
myid 0 raynuminc 384000/384000 raynumout 384000/384000

CONSTRUCT PROJECTION MATRIX
CSR STORAGE: 235011239 (1.750970 GB) rownzmax 1022
RAY-TRACING TIME: 1.607610e+01
CONSTRUCT BACKPROJECTION MATRIX
CSR STORAGE: 235011239 (1.750970 GB) rownzmax 1092
TRANSPOSITION TIME: 3.631011e+00

BLOCKING PROJECTION MATRIX
NUMBER OF BLOCKS: 3000 BUFFSIZE: 2048
NUMBER OF BUFFERS: 14528 AVERAGE BUFF/BLOCK: 4.842667 MAX BUFF/BLOCK: 8
BUFF MAP: 29753344 (0.110840 GB)
ELLPACK STORAGE: 289671040 (1.618663 GB) buffnzmax: 313 STORAGE EFFICIENCY: 1.216956 DATA REUSE: 8.914956
BLOCKING TIME: 6.183429e+00
BLOCKING BACKPROJECTION MATRIX
NUMBER OF BLOCKS: 2048 BUFFSIZE: 2048
NUMBER OF BUFFERS: 11662 AVERAGE BUFF/BLOCK: 5.694336 MAX BUFF/BLOCK: 6
BUFF MAP: 23883776 (0.088974 GB)
ELLPACK STORAGE: 275149312 (1.537517 GB) buffnzmax: 455 STORAGE EFFICIENCY: 1.281184 DATA REUSE: 10.667490
BLOCKING TIME: 7.298683e+00

FILL PROJECTION MATRIX
TIME: 1.327297e+01
FILL BACKPROJECTION MATRIX
TIME: 1.523226e+01
REDUCTION MAPPINGS
PREPROCESSING TIME: 6.169860e+01
myid: 0 device: 0

Device Count: 2
Device 0 name: -661959936
Computational Capabilities: 7, 0
Maximum global memory size: 16945512448
Maximum constant memory size: 65536
Maximum shared memory size per block: 49152
Maximum block dimensions: 1024x1024x64
Maximum grid dimensions: 2147483647x65535x65535
Maximum threads per block: 1024
Warp size: 32

PROC 0 TOTAL GPU MEMORY: 4.733236 GB
INPUT MEASUREMENT DATA
INPUT ENDS
GRADIENT-DESCENT OPTIMIZATION
iter: 0 error: 4.959043e+04 gradnorm: 1.560967e+10
iter: 1 error: 5.316521e+03 gradnorm: 4.760838e+08
iter: 2 error: 5.074594e+02 gradnorm: 1.604490e+07
iter: 3 error: 2.940097e+02 gradnorm: 8.082406e+06
iter: 4 error: 1.716273e+02 gradnorm: 1.353847e+06
iter: 5 error: 1.154529e+02 gradnorm: 6.253236e+05
iter: 6 error: 8.898489e+01 gradnorm: 6.378037e+05
iter: 7 error: 7.430556e+01 gradnorm: 4.765892e+05
iter: 8 error: 6.763921e+01 gradnorm: 1.223504e+06
iter: 9 error: 5.776990e+01 gradnorm: 2.301952e+05
iter: 10 error: 4.873885e+01 gradnorm: 1.924720e+05
iter: 11 error: 4.171444e+01 gradnorm: 1.086284e+05
iter: 12 error: 3.749566e+01 gradnorm: 1.864049e+05
iter: 13 error: 3.463511e+01 gradnorm: 1.063048e+05
iter: 14 error: 3.152492e+01 gradnorm: 7.888238e+04
iter: 15 error: 3.073827e+01 gradnorm: 1.617585e+05
iter: 16 error: 2.842372e+01 gradnorm: 5.519492e+04
iter: 17 error: 2.682884e+01 gradnorm: 4.563074e+04
iter: 18 error: 2.524187e+01 gradnorm: 2.666364e+04
iter: 19 error: 2.394847e+01 gradnorm: 2.563739e+04
iter: 20 error: 2.288830e+01 gradnorm: 1.507149e+04
iter: 21 error: 2.202000e+01 gradnorm: 3.184986e+04
iter: 22 error: 2.187290e+01 gradnorm: 1.710551e+04
iter: 23 error: 2.120788e+01 gradnorm: 9.572377e+03
iter: 24 error: 2.073535e+01 gradnorm: 1.378544e+04
recon: 3.165980e-01 proj: 1.608405e-01 (1.125586e-01 3.287600e-02 8.529612e-03) backproj: 8.171447e-02 (4.883543e-03 2.002903e-02 5.368093e-02) ctime: 7.381813e-02 wtime: 1.839950e-04
numproj: 49 numback: 25
proj: 1.125586e-01 s (204.614336 GFLOPS) backproj: 5.368093e-02 s (218.896400 GFLOPS) avGFLOPS: 209.226202 totGFLOPS: 209.226202
proj: 808.422885 GB/s back: 813.338664 GB/s av: 810.010255 GB/s tot: 810.010255 GB/s
Total Time: 6.657186e+01
NUM. THETA             : 750
NUM. RHO               : 512
NUM. X PIXELS          : 512
NUM. Y PIXELS          : 512

NUM. OF PIXELS         : 262144
NUM. OF RAYS           : 384000

NUM. ITERATIONS        : 24

SPATIAL TILE SIZE      : 32
SPECTRAL TILE SIZE     : 32

NUMBER OF X TILES      : 16
NUMBER OF Y TILES      : 16
NUM. OF THETA TILES    : 24
NUM. OF RHO TILES      : 16

NUM. SPATIAL TILES     : 256
NUM. SPECTRAL TILES    : 384

NUM. OF X PIXELS (EXT) : 512
NUM. OF Y PIXELS (EXT) : 512
NUM. OF ANGLES (EXT)   : 768
NUM. OF RHOS (EXT)     : 512

NUM. OF PIXELS (EXT)   : 262144
NUM. OF RAYS (EXT)     : 393216

NUMBER OF PROCESSES    : 1
NUMBER OF THRD./PROC.  : 32

INTEGER: 4, FLOAT: 4, LONG: 8, SHORT: 2, POINTER: 8
APPROX. MEMORY     TOTAL: 4.394531e+00 GB
APPROX. MEMORY PER PROC.: 4.394531e+00 GB

X START       : -2.560000e+02
Y START       : -2.560000e+02
PIXEL SIZE    : 1.000000e+00
RHO START     : -2.560000e+02
RAY LENGTH    : 1.024000e+03

SPATIAL INDEXING       : 5
SPECTRAL INDEXING      : 5
 1: CARTESIAN, NATURAL
 2: CARTESIAN, TRANSPOSED
 3: MORTON, NATURAL
 4: MORTON, TRANSPOSED
PROJECTION BLOCK SIZE      : 128
BACKPROJECTION BLOCK SIZE  : 128
PROJECTION BUFFER SIZE      : 8 KB
BACKPROJECTION BUFFER SIZE  : 8 KB

SINOGRAM FILE : /home/ccuser/MemXCT/MemXCT_datasets/CDS1_sinogram.bin
   THETA FILE : /home/ccuser/MemXCT/MemXCT_datasets/CDS1_theta.bin
  OUTPUT FILE : /home/ccuser/MemXCT/recon_CDS1.bin


PLACE TILES
lspat 16 lspatdim 16
lspec 24 lspecdim 32
MPI PARTITIONING
proc: 0 numspats: 256 numpixs: 262144 numspecs: 384 numrays: 393216
maxnumpix: 262144 maxnumray: 393216
FILL PIXELS AND RAYS
INPUT THETA DATA
DOMAIN PARTITIONING
myid 0 raynuminc 384000/384000 raynumout 384000/384000

CONSTRUCT PROJECTION MATRIX
CSR STORAGE: 235011239 (1.750970 GB) rownzmax 1022
RAY-TRACING TIME: 1.605225e+01
CONSTRUCT BACKPROJECTION MATRIX
CSR STORAGE: 235011239 (1.750970 GB) rownzmax 1092
TRANSPOSITION TIME: 3.837711e+00

BLOCKING PROJECTION MATRIX
NUMBER OF BLOCKS: 3000 BUFFSIZE: 2048
NUMBER OF BUFFERS: 14528 AVERAGE BUFF/BLOCK: 4.842667 MAX BUFF/BLOCK: 8
BUFF MAP: 29753344 (0.110840 GB)
ELLPACK STORAGE: 289671040 (1.618663 GB) buffnzmax: 313 STORAGE EFFICIENCY: 1.216956 DATA REUSE: 8.914956
BLOCKING TIME: 6.160331e+00
BLOCKING BACKPROJECTION MATRIX
NUMBER OF BLOCKS: 2048 BUFFSIZE: 2048
NUMBER OF BUFFERS: 11662 AVERAGE BUFF/BLOCK: 5.694336 MAX BUFF/BLOCK: 6
BUFF MAP: 23883776 (0.088974 GB)
ELLPACK STORAGE: 275149312 (1.537517 GB) buffnzmax: 455 STORAGE EFFICIENCY: 1.281184 DATA REUSE: 10.667490
BLOCKING TIME: 7.368376e+00

FILL PROJECTION MATRIX
TIME: 1.336342e+01
FILL BACKPROJECTION MATRIX
TIME: 1.527488e+01
REDUCTION MAPPINGS
PREPROCESSING TIME: 6.206072e+01
myid: 0 device: 0

Device Count: 2
Device 0 name: -1827921632
Computational Capabilities: 7, 0
Maximum global memory size: 16945512448
Maximum constant memory size: 65536
Maximum shared memory size per block: 49152
Maximum block dimensions: 1024x1024x64
Maximum grid dimensions: 2147483647x65535x65535
Maximum threads per block: 1024
Warp size: 32

PROC 0 TOTAL GPU MEMORY: 4.733236 GB
INPUT MEASUREMENT DATA
INPUT ENDS
GRADIENT-DESCENT OPTIMIZATION
iter: 0 error: 4.959043e+04 gradnorm: 1.560967e+10
iter: 1 error: 5.316521e+03 gradnorm: 4.760838e+08
iter: 2 error: 5.074595e+02 gradnorm: 1.604490e+07
iter: 3 error: 2.940098e+02 gradnorm: 8.082412e+06
iter: 4 error: 1.716273e+02 gradnorm: 1.353847e+06
iter: 5 error: 1.154530e+02 gradnorm: 6.253798e+05
iter: 6 error: 8.901699e+01 gradnorm: 6.479174e+05
iter: 7 error: 7.563604e+01 gradnorm: 8.207502e+05
iter: 8 error: 7.095269e+01 gradnorm: 6.085191e+05
iter: 9 error: 5.778285e+01 gradnorm: 2.261366e+05
iter: 10 error: 4.873888e+01 gradnorm: 1.924546e+05
iter: 11 error: 4.171453e+01 gradnorm: 1.086387e+05
iter: 12 error: 3.749727e+01 gradnorm: 1.864929e+05
iter: 13 error: 3.463674e+01 gradnorm: 1.066188e+05
iter: 14 error: 3.160964e+01 gradnorm: 1.043232e+05
iter: 15 error: 3.095351e+01 gradnorm: 1.088243e+05
iter: 16 error: 2.842490e+01 gradnorm: 5.485033e+04
iter: 17 error: 2.682887e+01 gradnorm: 4.562737e+04
iter: 18 error: 2.524189e+01 gradnorm: 2.666364e+04
iter: 19 error: 2.394851e+01 gradnorm: 2.563971e+04
iter: 20 error: 2.288955e+01 gradnorm: 1.549393e+04
iter: 21 error: 2.231278e+01 gradnorm: 8.267116e+04
iter: 22 error: 2.188698e+01 gradnorm: 1.258180e+04
iter: 23 error: 2.120801e+01 gradnorm: 9.577671e+03
iter: 24 error: 2.073905e+01 gradnorm: 1.409141e+04
recon: 3.177515e-01 proj: 1.617680e-01 (1.125547e-01 3.359158e-02 8.705509e-03) backproj: 8.139277e-02 (4.826337e-03 1.981004e-02 5.360586e-02) ctime: 7.435681e-02 wtime: 1.847950e-04
numproj: 49 numback: 25
proj: 1.125547e-01 s (204.621432 GFLOPS) backproj: 5.360586e-02 s (219.202952 GFLOPS) avGFLOPS: 209.325647 totGFLOPS: 209.325647
proj: 808.450923 GB/s back: 814.477696 GB/s av: 810.395249 GB/s tot: 810.395249 GB/s
Total Time: 6.691572e+01
NUM. THETA             : 750
NUM. RHO               : 512
NUM. X PIXELS          : 512
NUM. Y PIXELS          : 512

NUM. OF PIXELS         : 262144
NUM. OF RAYS           : 384000

NUM. ITERATIONS        : 24

SPATIAL TILE SIZE      : 32
SPECTRAL TILE SIZE     : 32

NUMBER OF X TILES      : 16
NUMBER OF Y TILES      : 16
NUM. OF THETA TILES    : 24
NUM. OF RHO TILES      : 16

NUM. SPATIAL TILES     : 256
NUM. SPECTRAL TILES    : 384

NUM. OF X PIXELS (EXT) : 512
NUM. OF Y PIXELS (EXT) : 512
NUM. OF ANGLES (EXT)   : 768
NUM. OF RHOS (EXT)     : 512

NUM. OF PIXELS (EXT)   : 262144
NUM. OF RAYS (EXT)     : 393216

NUMBER OF PROCESSES    : 1
NUMBER OF THRD./PROC.  : 32

INTEGER: 4, FLOAT: 4, LONG: 8, SHORT: 2, POINTER: 8
APPROX. MEMORY     TOTAL: 4.394531e+00 GB
APPROX. MEMORY PER PROC.: 4.394531e+00 GB

X START       : -2.560000e+02
Y START       : -2.560000e+02
PIXEL SIZE    : 1.000000e+00
RHO START     : -2.560000e+02
RAY LENGTH    : 1.024000e+03

SPATIAL INDEXING       : 5
SPECTRAL INDEXING      : 5
 1: CARTESIAN, NATURAL
 2: CARTESIAN, TRANSPOSED
 3: MORTON, NATURAL
 4: MORTON, TRANSPOSED
PROJECTION BLOCK SIZE      : 128
BACKPROJECTION BLOCK SIZE  : 128
PROJECTION BUFFER SIZE      : 8 KB
BACKPROJECTION BUFFER SIZE  : 8 KB

SINOGRAM FILE : /home/ccuser/MemXCT/MemXCT_datasets/CDS1_sinogram.bin
   THETA FILE : /home/ccuser/MemXCT/MemXCT_datasets/CDS1_theta.bin
  OUTPUT FILE : /home/ccuser/MemXCT/recon_CDS1.bin


PLACE TILES
lspat 16 lspatdim 16
lspec 24 lspecdim 32
MPI PARTITIONING
proc: 0 numspats: 256 numpixs: 262144 numspecs: 384 numrays: 393216
maxnumpix: 262144 maxnumray: 393216
FILL PIXELS AND RAYS
INPUT THETA DATA
DOMAIN PARTITIONING
myid 0 raynuminc 384000/384000 raynumout 384000/384000

CONSTRUCT PROJECTION MATRIX
CSR STORAGE: 235011239 (1.750970 GB) rownzmax 1022
RAY-TRACING TIME: 1.609276e+01
CONSTRUCT BACKPROJECTION MATRIX
CSR STORAGE: 235011239 (1.750970 GB) rownzmax 1092
TRANSPOSITION TIME: 3.908538e+00

BLOCKING PROJECTION MATRIX
NUMBER OF BLOCKS: 3000 BUFFSIZE: 2048
NUMBER OF BUFFERS: 14528 AVERAGE BUFF/BLOCK: 4.842667 MAX BUFF/BLOCK: 8
BUFF MAP: 29753344 (0.110840 GB)
ELLPACK STORAGE: 289671040 (1.618663 GB) buffnzmax: 313 STORAGE EFFICIENCY: 1.216956 DATA REUSE: 8.914956
BLOCKING TIME: 6.279642e+00
BLOCKING BACKPROJECTION MATRIX
NUMBER OF BLOCKS: 2048 BUFFSIZE: 2048
NUMBER OF BUFFERS: 11662 AVERAGE BUFF/BLOCK: 5.694336 MAX BUFF/BLOCK: 6
BUFF MAP: 23883776 (0.088974 GB)
ELLPACK STORAGE: 275149312 (1.537517 GB) buffnzmax: 455 STORAGE EFFICIENCY: 1.281184 DATA REUSE: 10.667490
BLOCKING TIME: 7.428195e+00

FILL PROJECTION MATRIX
TIME: 1.348563e+01
FILL BACKPROJECTION MATRIX
TIME: 1.540848e+01
REDUCTION MAPPINGS
PREPROCESSING TIME: 6.260705e+01
myid: 0 device: 0

Device Count: 2
Device 0 name: -1632412512
Computational Capabilities: 7, 0
Maximum global memory size: 16945512448
Maximum constant memory size: 65536
Maximum shared memory size per block: 49152
Maximum block dimensions: 1024x1024x64
Maximum grid dimensions: 2147483647x65535x65535
Maximum threads per block: 1024
Warp size: 32

PROC 0 TOTAL GPU MEMORY: 4.733236 GB
INPUT MEASUREMENT DATA
INPUT ENDS
GRADIENT-DESCENT OPTIMIZATION
iter: 0 error: 4.959043e+04 gradnorm: 1.560967e+10
iter: 1 error: 5.316521e+03 gradnorm: 4.760839e+08
iter: 2 error: 5.074595e+02 gradnorm: 1.604489e+07
iter: 3 error: 2.940097e+02 gradnorm: 8.082413e+06
iter: 4 error: 1.716272e+02 gradnorm: 1.353846e+06
iter: 5 error: 1.154529e+02 gradnorm: 6.253184e+05
iter: 6 error: 8.898224e+01 gradnorm: 6.369473e+05
iter: 7 error: 7.417638e+01 gradnorm: 4.383066e+05
iter: 8 error: 6.475595e+01 gradnorm: 1.303331e+06
iter: 9 error: 5.774632e+01 gradnorm: 2.375462e+05
iter: 10 error: 4.873872e+01 gradnorm: 1.925062e+05
iter: 11 error: 4.171463e+01 gradnorm: 1.086478e+05
iter: 12 error: 3.749857e+01 gradnorm: 1.865163e+05
iter: 13 error: 3.463509e+01 gradnorm: 1.060495e+05
iter: 14 error: 3.147175e+01 gradnorm: 6.201814e+04
iter: 15 error: 2.941393e+01 gradnorm: 2.101769e+05
iter: 16 error: 2.839965e+01 gradnorm: 6.207997e+04
iter: 17 error: 2.682861e+01 gradnorm: 4.569580e+04
iter: 18 error: 2.524188e+01 gradnorm: 2.666391e+04
iter: 19 error: 2.394848e+01 gradnorm: 2.563732e+04
iter: 20 error: 2.288825e+01 gradnorm: 1.505292e+04
iter: 21 error: 2.199898e+01 gradnorm: 2.557618e+04
iter: 22 error: 2.186446e+01 gradnorm: 1.970860e+04
iter: 23 error: 2.120758e+01 gradnorm: 9.542088e+03
iter: 24 error: 2.072531e+01 gradnorm: 1.290874e+04
recon: 3.212320e-01 proj: 1.635790e-01 (1.124863e-01 3.483943e-02 8.623114e-03) backproj: 8.126198e-02 (4.889236e-03 1.942735e-02 5.368918e-02) ctime: 7.618044e-02 wtime: 1.720950e-04
numproj: 49 numback: 25
proj: 1.124863e-01 s (204.745886 GFLOPS) backproj: 5.368918e-02 s (218.862743 GFLOPS) avGFLOPS: 209.306863 totGFLOPS: 209.306863
proj: 808.942633 GB/s back: 813.213605 GB/s av: 810.322530 GB/s tot: 810.322530 GB/s
Total Time: 6.743950e+01
NUM. THETA             : 750
NUM. RHO               : 512
NUM. X PIXELS          : 512
NUM. Y PIXELS          : 512

NUM. OF PIXELS         : 262144
NUM. OF RAYS           : 384000

NUM. ITERATIONS        : 24

SPATIAL TILE SIZE      : 32
SPECTRAL TILE SIZE     : 32

NUMBER OF X TILES      : 16
NUMBER OF Y TILES      : 16
NUM. OF THETA TILES    : 24
NUM. OF RHO TILES      : 16

NUM. SPATIAL TILES     : 256
NUM. SPECTRAL TILES    : 384

NUM. OF X PIXELS (EXT) : 512
NUM. OF Y PIXELS (EXT) : 512
NUM. OF ANGLES (EXT)   : 768
NUM. OF RHOS (EXT)     : 512

NUM. OF PIXELS (EXT)   : 262144
NUM. OF RAYS (EXT)     : 393216

NUMBER OF PROCESSES    : 1
NUMBER OF THRD./PROC.  : 32

INTEGER: 4, FLOAT: 4, LONG: 8, SHORT: 2, POINTER: 8
APPROX. MEMORY     TOTAL: 4.394531e+00 GB
APPROX. MEMORY PER PROC.: 4.394531e+00 GB

X START       : -2.560000e+02
Y START       : -2.560000e+02
PIXEL SIZE    : 1.000000e+00
RHO START     : -2.560000e+02
RAY LENGTH    : 1.024000e+03

SPATIAL INDEXING       : 5
SPECTRAL INDEXING      : 5
 1: CARTESIAN, NATURAL
 2: CARTESIAN, TRANSPOSED
 3: MORTON, NATURAL
 4: MORTON, TRANSPOSED
PROJECTION BLOCK SIZE      : 128
BACKPROJECTION BLOCK SIZE  : 128
PROJECTION BUFFER SIZE      : 8 KB
BACKPROJECTION BUFFER SIZE  : 8 KB

SINOGRAM FILE : /home/ccuser/MemXCT/MemXCT_datasets/CDS1_sinogram.bin
   THETA FILE : /home/ccuser/MemXCT/MemXCT_datasets/CDS1_theta.bin
  OUTPUT FILE : /home/ccuser/MemXCT/recon_CDS1.bin


PLACE TILES
lspat 16 lspatdim 16
lspec 24 lspecdim 32
MPI PARTITIONING
proc: 0 numspats: 256 numpixs: 262144 numspecs: 384 numrays: 393216
maxnumpix: 262144 maxnumray: 393216
FILL PIXELS AND RAYS
INPUT THETA DATA
DOMAIN PARTITIONING
myid 0 raynuminc 384000/384000 raynumout 384000/384000

CONSTRUCT PROJECTION MATRIX
CSR STORAGE: 235011239 (1.750970 GB) rownzmax 1022
RAY-TRACING TIME: 1.611730e+01
CONSTRUCT BACKPROJECTION MATRIX
CSR STORAGE: 235011239 (1.750970 GB) rownzmax 1092
TRANSPOSITION TIME: 3.727250e+00

BLOCKING PROJECTION MATRIX
NUMBER OF BLOCKS: 3000 BUFFSIZE: 2048
NUMBER OF BUFFERS: 14528 AVERAGE BUFF/BLOCK: 4.842667 MAX BUFF/BLOCK: 8
BUFF MAP: 29753344 (0.110840 GB)
ELLPACK STORAGE: 289671040 (1.618663 GB) buffnzmax: 313 STORAGE EFFICIENCY: 1.216956 DATA REUSE: 8.914956
BLOCKING TIME: 6.222394e+00
BLOCKING BACKPROJECTION MATRIX
NUMBER OF BLOCKS: 2048 BUFFSIZE: 2048
NUMBER OF BUFFERS: 11662 AVERAGE BUFF/BLOCK: 5.694336 MAX BUFF/BLOCK: 6
BUFF MAP: 23883776 (0.088974 GB)
ELLPACK STORAGE: 275149312 (1.537517 GB) buffnzmax: 455 STORAGE EFFICIENCY: 1.281184 DATA REUSE: 10.667490
BLOCKING TIME: 7.375428e+00

FILL PROJECTION MATRIX
TIME: 1.334808e+01
FILL BACKPROJECTION MATRIX
TIME: 1.524967e+01
REDUCTION MAPPINGS
PREPROCESSING TIME: 6.204376e+01
myid: 0 device: 0

Device Count: 2
Device 0 name: -2120629856
Computational Capabilities: 7, 0
Maximum global memory size: 16945512448
Maximum constant memory size: 65536
Maximum shared memory size per block: 49152
Maximum block dimensions: 1024x1024x64
Maximum grid dimensions: 2147483647x65535x65535
Maximum threads per block: 1024
Warp size: 32

PROC 0 TOTAL GPU MEMORY: 4.733236 GB
INPUT MEASUREMENT DATA
INPUT ENDS
GRADIENT-DESCENT OPTIMIZATION
iter: 0 error: 4.959043e+04 gradnorm: 1.560967e+10
iter: 1 error: 5.316522e+03 gradnorm: 4.760838e+08
iter: 2 error: 5.074595e+02 gradnorm: 1.604490e+07
iter: 3 error: 2.940098e+02 gradnorm: 8.082412e+06
iter: 4 error: 1.716273e+02 gradnorm: 1.353847e+06
iter: 5 error: 1.154530e+02 gradnorm: 6.253827e+05
iter: 6 error: 8.901852e+01 gradnorm: 6.483913e+05
iter: 7 error: 7.569062e+01 gradnorm: 8.329313e+05
iter: 8 error: 7.097765e+01 gradnorm: 6.017382e+05
iter: 9 error: 5.778291e+01 gradnorm: 2.261144e+05
iter: 10 error: 4.873888e+01 gradnorm: 1.924546e+05
iter: 11 error: 4.171455e+01 gradnorm: 1.086417e+05
iter: 12 error: 3.749789e+01 gradnorm: 1.865831e+05
iter: 13 error: 3.464106e+01 gradnorm: 1.077755e+05
iter: 14 error: 3.185988e+01 gradnorm: 1.692315e+05
iter: 15 error: 3.106186e+01 gradnorm: 7.740756e+04
iter: 16 error: 2.842543e+01 gradnorm: 5.470066e+04
iter: 17 error: 2.682886e+01 gradnorm: 4.562614e+04
iter: 18 error: 2.524190e+01 gradnorm: 2.666403e+04
iter: 19 error: 2.394886e+01 gradnorm: 2.575960e+04
iter: 20 error: 2.295043e+01 gradnorm: 3.461763e+04
iter: 21 error: 2.277901e+01 gradnorm: 2.266232e+04
iter: 22 error: 2.188883e+01 gradnorm: 1.202095e+04
iter: 23 error: 2.121239e+01 gradnorm: 1.007648e+04
iter: 24 error: 2.083370e+01 gradnorm: 1.904193e+04
recon: 3.193698e-01 proj: 1.635532e-01 (1.126876e-01 3.357598e-02 8.635912e-03) backproj: 8.154417e-02 (4.884735e-03 1.979224e-02 5.369962e-02) ctime: 7.404462e-02 wtime: 1.861930e-04
numproj: 49 numback: 25
proj: 1.126876e-01 s (204.380057 GFLOPS) backproj: 5.369962e-02 s (218.820223 GFLOPS) avGFLOPS: 209.040459 totGFLOPS: 209.040459
proj: 807.497259 GB/s back: 813.055615 GB/s av: 809.291156 GB/s tot: 809.291156 GB/s
Total Time: 6.687350e+01
NUM. THETA             : 750
NUM. RHO               : 512
NUM. X PIXELS          : 512
NUM. Y PIXELS          : 512

NUM. OF PIXELS         : 262144
NUM. OF RAYS           : 384000

NUM. ITERATIONS        : 24

SPATIAL TILE SIZE      : 32
SPECTRAL TILE SIZE     : 32

NUMBER OF X TILES      : 16
NUMBER OF Y TILES      : 16
NUM. OF THETA TILES    : 24
NUM. OF RHO TILES      : 16

NUM. SPATIAL TILES     : 256
NUM. SPECTRAL TILES    : 384

NUM. OF X PIXELS (EXT) : 512
NUM. OF Y PIXELS (EXT) : 512
NUM. OF ANGLES (EXT)   : 768
NUM. OF RHOS (EXT)     : 512

NUM. OF PIXELS (EXT)   : 262144
NUM. OF RAYS (EXT)     : 393216

NUMBER OF PROCESSES    : 1
NUMBER OF THRD./PROC.  : 32

INTEGER: 4, FLOAT: 4, LONG: 8, SHORT: 2, POINTER: 8
APPROX. MEMORY     TOTAL: 4.394531e+00 GB
APPROX. MEMORY PER PROC.: 4.394531e+00 GB

X START       : -2.560000e+02
Y START       : -2.560000e+02
PIXEL SIZE    : 1.000000e+00
RHO START     : -2.560000e+02
RAY LENGTH    : 1.024000e+03

SPATIAL INDEXING       : 5
SPECTRAL INDEXING      : 5
 1: CARTESIAN, NATURAL
 2: CARTESIAN, TRANSPOSED
 3: MORTON, NATURAL
 4: MORTON, TRANSPOSED
PROJECTION BLOCK SIZE      : 128
BACKPROJECTION BLOCK SIZE  : 128
PROJECTION BUFFER SIZE      : 8 KB
BACKPROJECTION BUFFER SIZE  : 8 KB

SINOGRAM FILE : /home/ccuser/MemXCT/MemXCT_datasets/CDS1_sinogram.bin
   THETA FILE : /home/ccuser/MemXCT/MemXCT_datasets/CDS1_theta.bin
  OUTPUT FILE : /home/ccuser/MemXCT/recon_CDS1.bin


PLACE TILES
lspat 16 lspatdim 16
lspec 24 lspecdim 32
MPI PARTITIONING
proc: 0 numspats: 256 numpixs: 262144 numspecs: 384 numrays: 393216
maxnumpix: 262144 maxnumray: 393216
FILL PIXELS AND RAYS
INPUT THETA DATA
DOMAIN PARTITIONING
myid 0 raynuminc 384000/384000 raynumout 384000/384000

CONSTRUCT PROJECTION MATRIX
CSR STORAGE: 235011239 (1.750970 GB) rownzmax 1022
RAY-TRACING TIME: 1.617702e+01
CONSTRUCT BACKPROJECTION MATRIX
CSR STORAGE: 235011239 (1.750970 GB) rownzmax 1092
TRANSPOSITION TIME: 3.737225e+00

BLOCKING PROJECTION MATRIX
NUMBER OF BLOCKS: 3000 BUFFSIZE: 2048
NUMBER OF BUFFERS: 14528 AVERAGE BUFF/BLOCK: 4.842667 MAX BUFF/BLOCK: 8
BUFF MAP: 29753344 (0.110840 GB)
ELLPACK STORAGE: 289671040 (1.618663 GB) buffnzmax: 313 STORAGE EFFICIENCY: 1.216956 DATA REUSE: 8.914956
BLOCKING TIME: 6.273793e+00
BLOCKING BACKPROJECTION MATRIX
NUMBER OF BLOCKS: 2048 BUFFSIZE: 2048
NUMBER OF BUFFERS: 11662 AVERAGE BUFF/BLOCK: 5.694336 MAX BUFF/BLOCK: 6
BUFF MAP: 23883776 (0.088974 GB)
ELLPACK STORAGE: 275149312 (1.537517 GB) buffnzmax: 455 STORAGE EFFICIENCY: 1.281184 DATA REUSE: 10.667490
BLOCKING TIME: 7.402763e+00

FILL PROJECTION MATRIX
TIME: 1.337867e+01
FILL BACKPROJECTION MATRIX
TIME: 1.540683e+01
REDUCTION MAPPINGS
PREPROCESSING TIME: 6.238014e+01
myid: 0 device: 0

Device Count: 2
Device 0 name: 586971488
Computational Capabilities: 7, 0
Maximum global memory size: 16945512448
Maximum constant memory size: 65536
Maximum shared memory size per block: 49152
Maximum block dimensions: 1024x1024x64
Maximum grid dimensions: 2147483647x65535x65535
Maximum threads per block: 1024
Warp size: 32

PROC 0 TOTAL GPU MEMORY: 4.733236 GB
INPUT MEASUREMENT DATA
INPUT ENDS
GRADIENT-DESCENT OPTIMIZATION
iter: 0 error: 4.959043e+04 gradnorm: 1.560967e+10
iter: 1 error: 5.316522e+03 gradnorm: 4.760837e+08
iter: 2 error: 5.074594e+02 gradnorm: 1.604490e+07
iter: 3 error: 2.940096e+02 gradnorm: 8.082411e+06
iter: 4 error: 1.716272e+02 gradnorm: 1.353850e+06
iter: 5 error: 1.154533e+02 gradnorm: 6.254871e+05
iter: 6 error: 8.907843e+01 gradnorm: 6.671919e+05
iter: 7 error: 7.746287e+01 gradnorm: 1.144665e+06
iter: 8 error: 7.136247e+01 gradnorm: 4.935669e+05
iter: 9 error: 5.778396e+01 gradnorm: 2.257859e+05
iter: 10 error: 4.873884e+01 gradnorm: 1.924520e+05
iter: 11 error: 4.171444e+01 gradnorm: 1.086284e+05
iter: 12 error: 3.749611e+01 gradnorm: 1.865798e+05
iter: 13 error: 3.464531e+01 gradnorm: 1.091028e+05
iter: 14 error: 3.208321e+01 gradnorm: 2.142553e+05
iter: 15 error: 3.108551e+01 gradnorm: 7.011792e+04
iter: 16 error: 2.842551e+01 gradnorm: 5.466929e+04
iter: 17 error: 2.682886e+01 gradnorm: 4.562615e+04
iter: 18 error: 2.524190e+01 gradnorm: 2.666458e+04
iter: 19 error: 2.394921e+01 gradnorm: 2.586894e+04
iter: 20 error: 2.299939e+01 gradnorm: 4.808011e+04
iter: 21 error: 2.279016e+01 gradnorm: 1.910607e+04
iter: 22 error: 2.188873e+01 gradnorm: 1.200098e+04
iter: 23 error: 2.120735e+01 gradnorm: 9.494457e+03
iter: 24 error: 2.071519e+01 gradnorm: 1.195235e+04
recon: 3.188919e-01 proj: 1.620624e-01 (1.125318e-01 3.384186e-02 8.631713e-03) backproj: 8.166446e-02 (4.928438e-03 1.985793e-02 5.371958e-02) ctime: 7.494639e-02 wtime: 1.782930e-04
numproj: 49 numback: 25
proj: 1.125318e-01 s (204.662978 GFLOPS) backproj: 5.371958e-02 s (218.738886 GFLOPS) avGFLOPS: 209.211221 totGFLOPS: 209.211221
proj: 808.615068 GB/s back: 812.753399 GB/s av: 809.952256 GB/s tot: 809.952256 GB/s
Total Time: 6.722953e+01
NUM. THETA             : 375
NUM. RHO               : 1024
NUM. X PIXELS          : 1024
NUM. Y PIXELS          : 1024

NUM. OF PIXELS         : 1048576
NUM. OF RAYS           : 384000

NUM. ITERATIONS        : 24

SPATIAL TILE SIZE      : 32
SPECTRAL TILE SIZE     : 32

NUMBER OF X TILES      : 32
NUMBER OF Y TILES      : 32
NUM. OF THETA TILES    : 12
NUM. OF RHO TILES      : 32

NUM. SPATIAL TILES     : 1024
NUM. SPECTRAL TILES    : 384

NUM. OF X PIXELS (EXT) : 1024
NUM. OF Y PIXELS (EXT) : 1024
NUM. OF ANGLES (EXT)   : 384
NUM. OF RHOS (EXT)     : 1024

NUM. OF PIXELS (EXT)   : 1048576
NUM. OF RAYS (EXT)     : 393216

NUMBER OF PROCESSES    : 1
NUMBER OF THRD./PROC.  : 32

INTEGER: 4, FLOAT: 4, LONG: 8, SHORT: 2, POINTER: 8
APPROX. MEMORY     TOTAL: 8.789062e+00 GB
APPROX. MEMORY PER PROC.: 8.789062e+00 GB

X START       : -5.120000e+02
Y START       : -5.120000e+02
PIXEL SIZE    : 1.000000e+00
RHO START     : -5.120000e+02
RAY LENGTH    : 2.048000e+03

SPATIAL INDEXING       : 5
SPECTRAL INDEXING      : 5
 1: CARTESIAN, NATURAL
 2: CARTESIAN, TRANSPOSED
 3: MORTON, NATURAL
 4: MORTON, TRANSPOSED
PROJECTION BLOCK SIZE      : 128
BACKPROJECTION BLOCK SIZE  : 128
PROJECTION BUFFER SIZE      : 8 KB
BACKPROJECTION BUFFER SIZE  : 8 KB

SINOGRAM FILE : /home/ccuser/MemXCT/MemXCT_datasets/CDS2_sinogram.bin
   THETA FILE : /home/ccuser/MemXCT/MemXCT_datasets/CDS2_theta.bin
  OUTPUT FILE : /home/ccuser/MemXCT/recon_CDS2.bin


PLACE TILES
lspat 32 lspatdim 32
lspec 32 lspecdim 32
MPI PARTITIONING
proc: 0 numspats: 1024 numpixs: 1048576 numspecs: 384 numrays: 393216
maxnumpix: 1048576 maxnumray: 393216
FILL PIXELS AND RAYS
INPUT THETA DATA
DOMAIN PARTITIONING
myid 0 raynuminc 384000/384000 raynumout 384000/384000

CONSTRUCT PROJECTION MATRIX
CSR STORAGE: 470024162 (3.501953 GB) rownzmax 2046
RAY-TRACING TIME: 4.761995e+01
CONSTRUCT BACKPROJECTION MATRIX
CSR STORAGE: 470024162 (3.501953 GB) rownzmax 607
TRANSPOSITION TIME: 8.469563e+00

BLOCKING PROJECTION MATRIX
NUMBER OF BLOCKS: 3000 BUFFSIZE: 2048
NUMBER OF BUFFERS: 35674 AVERAGE BUFF/BLOCK: 11.891334 MAX BUFF/BLOCK: 22
BUFF MAP: 73060352 (0.272171 GB)
ELLPACK STORAGE: 649310848 (3.628307 GB) buffnzmax: 354 STORAGE EFFICIENCY: 1.085822 DATA REUSE: 6.710654
BLOCKING TIME: 2.247498e+01
BLOCKING BACKPROJECTION MATRIX
NUMBER OF BLOCKS: 8192 BUFFSIZE: 2048
NUMBER OF BUFFERS: 23450 AVERAGE BUFF/BLOCK: 2.862549 MAX BUFF/BLOCK: 3
BUFF MAP: 48025600 (0.178909 GB)
ELLPACK STORAGE: 532339456 (2.974679 GB) buffnzmax: 426 STORAGE EFFICIENCY: 1.324411 DATA REUSE: 10.666677
BLOCKING TIME: 1.670875e+01

FILL PROJECTION MATRIX
TIME: 2.825633e+01
FILL BACKPROJECTION MATRIX
TIME: 2.856844e+01
REDUCTION MAPPINGS
PREPROCESSING TIME: 1.521018e+02
myid: 0 device: 0

Device Count: 2
Device 0 name: 1572413808
Computational Capabilities: 7, 0
Maximum global memory size: 16945512448
Maximum constant memory size: 65536
Maximum shared memory size per block: 49152
Maximum block dimensions: 1024x1024x64
Maximum grid dimensions: 2147483647x65535x65535
Maximum threads per block: 1024
Warp size: 32

PROC 0 TOTAL GPU MEMORY: 9.937828 GB
INPUT MEASUREMENT DATA
INPUT ENDS
GRADIENT-DESCENT OPTIMIZATION
iter: 0 error: 5.498392e+04 gradnorm: 1.963865e+10
iter: 1 error: 3.375404e+03 gradnorm: 2.933228e+08
iter: 2 error: 1.127916e+03 gradnorm: 5.687500e+07
iter: 3 error: 4.702574e+02 gradnorm: 1.895913e+07
iter: 4 error: 3.071320e+02 gradnorm: 8.957471e+06
iter: 5 error: 2.100911e+02 gradnorm: 2.580080e+06
iter: 6 error: 1.482706e+02 gradnorm: 1.226062e+06
iter: 7 error: 1.194967e+02 gradnorm: 1.051236e+06
iter: 8 error: 9.812556e+01 gradnorm: 6.911766e+05
iter: 9 error: 7.930393e+01 gradnorm: 5.720699e+05
iter: 10 error: 7.305346e+01 gradnorm: 1.199743e+06
iter: 11 error: 6.293471e+01 gradnorm: 3.417756e+05
iter: 12 error: 5.227529e+01 gradnorm: 2.616148e+05
iter: 13 error: 4.615594e+01 gradnorm: 2.733238e+05
iter: 14 error: 4.028277e+01 gradnorm: 1.584800e+05
iter: 15 error: 3.779448e+01 gradnorm: 2.832545e+05
iter: 16 error: 3.376069e+01 gradnorm: 1.122000e+05
iter: 17 error: 3.079159e+01 gradnorm: 1.074444e+05
iter: 18 error: 2.988583e+01 gradnorm: 1.837498e+05
iter: 19 error: 2.747193e+01 gradnorm: 5.926664e+04
iter: 20 error: 2.620294e+01 gradnorm: 6.819561e+04
iter: 21 error: 2.486092e+01 gradnorm: 4.963562e+04
iter: 22 error: 2.399684e+01 gradnorm: 4.059323e+04
iter: 23 error: 2.319027e+01 gradnorm: 2.550735e+04
iter: 24 error: 2.231695e+01 gradnorm: 1.858684e+04
recon: 5.824608e-01 proj: 3.236730e-01 (2.548520e-01 3.371759e-02 8.819754e-03) backproj: 1.361866e-01 (4.911209e-03 1.979743e-02 1.007185e-01) ctime: 1.223354e-01 wtime: 2.078950e-04
numproj: 49 numback: 25
proj: 2.548520e-01 s (180.741660 GFLOPS) backproj: 1.007185e-01 s (233.335501 GFLOPS) avGFLOPS: 195.639336 totGFLOPS: 195.639336
proj: 805.240859 GB/s back: 840.495591 GB/s av: 815.227077 GB/s tot: 815.227077 GB/s
Total Time: 1.688881e+02
NUM. THETA             : 375
NUM. RHO               : 1024
NUM. X PIXELS          : 1024
NUM. Y PIXELS          : 1024

NUM. OF PIXELS         : 1048576
NUM. OF RAYS           : 384000

NUM. ITERATIONS        : 24

SPATIAL TILE SIZE      : 32
SPECTRAL TILE SIZE     : 32

NUMBER OF X TILES      : 32
NUMBER OF Y TILES      : 32
NUM. OF THETA TILES    : 12
NUM. OF RHO TILES      : 32

NUM. SPATIAL TILES     : 1024
NUM. SPECTRAL TILES    : 384

NUM. OF X PIXELS (EXT) : 1024
NUM. OF Y PIXELS (EXT) : 1024
NUM. OF ANGLES (EXT)   : 384
NUM. OF RHOS (EXT)     : 1024

NUM. OF PIXELS (EXT)   : 1048576
NUM. OF RAYS (EXT)     : 393216

NUMBER OF PROCESSES    : 1
NUMBER OF THRD./PROC.  : 32

INTEGER: 4, FLOAT: 4, LONG: 8, SHORT: 2, POINTER: 8
APPROX. MEMORY     TOTAL: 8.789062e+00 GB
APPROX. MEMORY PER PROC.: 8.789062e+00 GB

X START       : -5.120000e+02
Y START       : -5.120000e+02
PIXEL SIZE    : 1.000000e+00
RHO START     : -5.120000e+02
RAY LENGTH    : 2.048000e+03

SPATIAL INDEXING       : 5
SPECTRAL INDEXING      : 5
 1: CARTESIAN, NATURAL
 2: CARTESIAN, TRANSPOSED
 3: MORTON, NATURAL
 4: MORTON, TRANSPOSED
PROJECTION BLOCK SIZE      : 128
BACKPROJECTION BLOCK SIZE  : 128
PROJECTION BUFFER SIZE      : 8 KB
BACKPROJECTION BUFFER SIZE  : 8 KB

SINOGRAM FILE : /home/ccuser/MemXCT/MemXCT_datasets/CDS2_sinogram.bin
   THETA FILE : /home/ccuser/MemXCT/MemXCT_datasets/CDS2_theta.bin
  OUTPUT FILE : /home/ccuser/MemXCT/recon_CDS2.bin


PLACE TILES
lspat 32 lspatdim 32
lspec 32 lspecdim 32
MPI PARTITIONING
proc: 0 numspats: 1024 numpixs: 1048576 numspecs: 384 numrays: 393216
maxnumpix: 1048576 maxnumray: 393216
FILL PIXELS AND RAYS
INPUT THETA DATA
DOMAIN PARTITIONING
myid 0 raynuminc 384000/384000 raynumout 384000/384000

CONSTRUCT PROJECTION MATRIX
CSR STORAGE: 470024162 (3.501953 GB) rownzmax 2046
RAY-TRACING TIME: 4.802258e+01
CONSTRUCT BACKPROJECTION MATRIX
CSR STORAGE: 470024162 (3.501953 GB) rownzmax 607
TRANSPOSITION TIME: 8.339740e+00

BLOCKING PROJECTION MATRIX
NUMBER OF BLOCKS: 3000 BUFFSIZE: 2048
NUMBER OF BUFFERS: 35674 AVERAGE BUFF/BLOCK: 11.891334 MAX BUFF/BLOCK: 22
BUFF MAP: 73060352 (0.272171 GB)
ELLPACK STORAGE: 649310848 (3.628307 GB) buffnzmax: 354 STORAGE EFFICIENCY: 1.085822 DATA REUSE: 6.710654
BLOCKING TIME: 2.287551e+01
BLOCKING BACKPROJECTION MATRIX
NUMBER OF BLOCKS: 8192 BUFFSIZE: 2048
NUMBER OF BUFFERS: 23450 AVERAGE BUFF/BLOCK: 2.862549 MAX BUFF/BLOCK: 3
BUFF MAP: 48025600 (0.178909 GB)
ELLPACK STORAGE: 532339456 (2.974679 GB) buffnzmax: 426 STORAGE EFFICIENCY: 1.324411 DATA REUSE: 10.666677
BLOCKING TIME: 1.692089e+01

FILL PROJECTION MATRIX
TIME: 2.866063e+01
FILL BACKPROJECTION MATRIX
TIME: 2.896414e+01
REDUCTION MAPPINGS
PREPROCESSING TIME: 1.537878e+02
myid: 0 device: 0

Device Count: 2
Device 0 name: 1952573184
Computational Capabilities: 7, 0
Maximum global memory size: 16945512448
Maximum constant memory size: 65536
Maximum shared memory size per block: 49152
Maximum block dimensions: 1024x1024x64
Maximum grid dimensions: 2147483647x65535x65535
Maximum threads per block: 1024
Warp size: 32

PROC 0 TOTAL GPU MEMORY: 9.937828 GB
INPUT MEASUREMENT DATA
INPUT ENDS
GRADIENT-DESCENT OPTIMIZATION
iter: 0 error: 5.498392e+04 gradnorm: 1.963865e+10
iter: 1 error: 3.375404e+03 gradnorm: 2.933229e+08
iter: 2 error: 1.127916e+03 gradnorm: 5.687500e+07
iter: 3 error: 4.702575e+02 gradnorm: 1.895911e+07
iter: 4 error: 3.071320e+02 gradnorm: 8.957471e+06
iter: 5 error: 2.100912e+02 gradnorm: 2.580080e+06
iter: 6 error: 1.482708e+02 gradnorm: 1.226091e+06
iter: 7 error: 1.195015e+02 gradnorm: 1.052742e+06
iter: 8 error: 9.830476e+01 gradnorm: 7.468545e+05
iter: 9 error: 8.634476e+01 gradnorm: 1.790998e+06
iter: 10 error: 7.630891e+01 gradnorm: 4.856974e+05
iter: 11 error: 6.296053e+01 gradnorm: 3.334691e+05
iter: 12 error: 5.227513e+01 gradnorm: 2.615151e+05
iter: 13 error: 4.615118e+01 gradnorm: 2.726880e+05
iter: 14 error: 4.023766e+01 gradnorm: 1.506061e+05
iter: 15 error: 3.750789e+01 gradnorm: 3.043975e+05
iter: 16 error: 3.378759e+01 gradnorm: 1.239123e+05
iter: 17 error: 3.193949e+01 gradnorm: 2.864831e+05
iter: 18 error: 3.024594e+01 gradnorm: 8.426016e+04
iter: 19 error: 2.745575e+01 gradnorm: 5.646475e+04
iter: 20 error: 2.609596e+01 gradnorm: 6.467150e+04
iter: 21 error: 2.472715e+01 gradnorm: 4.382861e+04
iter: 22 error: 2.386376e+01 gradnorm: 4.368201e+04
iter: 23 error: 2.317712e+01 gradnorm: 2.758710e+04
iter: 24 error: 2.244953e+01 gradnorm: 5.574800e+04
recon: 5.890065e-01 proj: 3.268181e-01 (2.550310e-01 3.905430e-02 8.838557e-03) backproj: 1.358019e-01 (4.901412e-03 1.949835e-02 1.006741e-01) ctime: 1.261189e-01 wtime: 2.183910e-04
numproj: 49 numback: 25
proj: 2.550310e-01 s (180.614773 GFLOPS) backproj: 1.006741e-01 s (233.438445 GFLOPS) avGFLOPS: 195.565292 totGFLOPS: 195.565292
proj: 804.675551 GB/s back: 840.866404 GB/s av: 814.918535 GB/s tot: 814.918535 GB/s
Total Time: 1.705755e+02
NUM. THETA             : 375
NUM. RHO               : 1024
NUM. X PIXELS          : 1024
NUM. Y PIXELS          : 1024

NUM. OF PIXELS         : 1048576
NUM. OF RAYS           : 384000

NUM. ITERATIONS        : 24

SPATIAL TILE SIZE      : 32
SPECTRAL TILE SIZE     : 32

NUMBER OF X TILES      : 32
NUMBER OF Y TILES      : 32
NUM. OF THETA TILES    : 12
NUM. OF RHO TILES      : 32

NUM. SPATIAL TILES     : 1024
NUM. SPECTRAL TILES    : 384

NUM. OF X PIXELS (EXT) : 1024
NUM. OF Y PIXELS (EXT) : 1024
NUM. OF ANGLES (EXT)   : 384
NUM. OF RHOS (EXT)     : 1024

NUM. OF PIXELS (EXT)   : 1048576
NUM. OF RAYS (EXT)     : 393216

NUMBER OF PROCESSES    : 1
NUMBER OF THRD./PROC.  : 32

INTEGER: 4, FLOAT: 4, LONG: 8, SHORT: 2, POINTER: 8
APPROX. MEMORY     TOTAL: 8.789062e+00 GB
APPROX. MEMORY PER PROC.: 8.789062e+00 GB

X START       : -5.120000e+02
Y START       : -5.120000e+02
PIXEL SIZE    : 1.000000e+00
RHO START     : -5.120000e+02
RAY LENGTH    : 2.048000e+03

SPATIAL INDEXING       : 5
SPECTRAL INDEXING      : 5
 1: CARTESIAN, NATURAL
 2: CARTESIAN, TRANSPOSED
 3: MORTON, NATURAL
 4: MORTON, TRANSPOSED
PROJECTION BLOCK SIZE      : 128
BACKPROJECTION BLOCK SIZE  : 128
PROJECTION BUFFER SIZE      : 8 KB
BACKPROJECTION BUFFER SIZE  : 8 KB

SINOGRAM FILE : /home/ccuser/MemXCT/MemXCT_datasets/CDS2_sinogram.bin
   THETA FILE : /home/ccuser/MemXCT/MemXCT_datasets/CDS2_theta.bin
  OUTPUT FILE : /home/ccuser/MemXCT/recon_CDS2.bin


PLACE TILES
lspat 32 lspatdim 32
lspec 32 lspecdim 32
MPI PARTITIONING
proc: 0 numspats: 1024 numpixs: 1048576 numspecs: 384 numrays: 393216
maxnumpix: 1048576 maxnumray: 393216
FILL PIXELS AND RAYS
INPUT THETA DATA
DOMAIN PARTITIONING
myid 0 raynuminc 384000/384000 raynumout 384000/384000

CONSTRUCT PROJECTION MATRIX
CSR STORAGE: 470024162 (3.501953 GB) rownzmax 2046
RAY-TRACING TIME: 4.779564e+01
CONSTRUCT BACKPROJECTION MATRIX
CSR STORAGE: 470024162 (3.501953 GB) rownzmax 607
TRANSPOSITION TIME: 8.213003e+00

BLOCKING PROJECTION MATRIX
NUMBER OF BLOCKS: 3000 BUFFSIZE: 2048
NUMBER OF BUFFERS: 35674 AVERAGE BUFF/BLOCK: 11.891334 MAX BUFF/BLOCK: 22
BUFF MAP: 73060352 (0.272171 GB)
ELLPACK STORAGE: 649310848 (3.628307 GB) buffnzmax: 354 STORAGE EFFICIENCY: 1.085822 DATA REUSE: 6.710654
BLOCKING TIME: 2.281550e+01
BLOCKING BACKPROJECTION MATRIX
NUMBER OF BLOCKS: 8192 BUFFSIZE: 2048
NUMBER OF BUFFERS: 23450 AVERAGE BUFF/BLOCK: 2.862549 MAX BUFF/BLOCK: 3
BUFF MAP: 48025600 (0.178909 GB)
ELLPACK STORAGE: 532339456 (2.974679 GB) buffnzmax: 426 STORAGE EFFICIENCY: 1.324411 DATA REUSE: 10.666677
BLOCKING TIME: 1.693795e+01

FILL PROJECTION MATRIX
TIME: 2.910795e+01
FILL BACKPROJECTION MATRIX
TIME: 2.882950e+01
REDUCTION MAPPINGS
PREPROCESSING TIME: 1.537036e+02
myid: 0 device: 0

Device Count: 2
Device 0 name: -2115590384
Computational Capabilities: 7, 0
Maximum global memory size: 16945512448
Maximum constant memory size: 65536
Maximum shared memory size per block: 49152
Maximum block dimensions: 1024x1024x64
Maximum grid dimensions: 2147483647x65535x65535
Maximum threads per block: 1024
Warp size: 32

PROC 0 TOTAL GPU MEMORY: 9.937828 GB
INPUT MEASUREMENT DATA
INPUT ENDS
GRADIENT-DESCENT OPTIMIZATION
iter: 0 error: 5.498392e+04 gradnorm: 1.963865e+10
iter: 1 error: 3.375404e+03 gradnorm: 2.933229e+08
iter: 2 error: 1.127916e+03 gradnorm: 5.687500e+07
iter: 3 error: 4.702574e+02 gradnorm: 1.895911e+07
iter: 4 error: 3.071320e+02 gradnorm: 8.957469e+06
iter: 5 error: 2.100912e+02 gradnorm: 2.580079e+06
iter: 6 error: 1.482708e+02 gradnorm: 1.226090e+06
iter: 7 error: 1.195013e+02 gradnorm: 1.052698e+06
iter: 8 error: 9.829952e+01 gradnorm: 7.452468e+05
iter: 9 error: 8.623352e+01 gradnorm: 1.787998e+06
iter: 10 error: 7.630598e+01 gradnorm: 4.865996e+05
iter: 11 error: 6.296053e+01 gradnorm: 3.334740e+05
iter: 12 error: 5.227503e+01 gradnorm: 2.614995e+05
iter: 13 error: 4.614986e+01 gradnorm: 2.725113e+05
iter: 14 error: 4.022486e+01 gradnorm: 1.483027e+05
iter: 15 error: 3.739443e+01 gradnorm: 3.094410e+05
iter: 16 error: 3.376602e+01 gradnorm: 1.190581e+05
iter: 17 error: 3.151865e+01 gradnorm: 2.612077e+05
iter: 18 error: 3.022918e+01 gradnorm: 8.965468e+04
iter: 19 error: 2.745707e+01 gradnorm: 5.666308e+04
iter: 20 error: 2.610564e+01 gradnorm: 6.509470e+04
iter: 21 error: 2.474378e+01 gradnorm: 4.484780e+04
iter: 22 error: 2.389150e+01 gradnorm: 4.353600e+04
iter: 23 error: 2.317940e+01 gradnorm: 2.668884e+04
iter: 24 error: 2.232073e+01 gradnorm: 1.996304e+04
recon: 5.813286e-01 proj: 3.224586e-01 (2.549315e-01 3.383336e-02 8.769606e-03) backproj: 1.359180e-01 (4.883437e-03 1.971654e-02 1.006767e-01) ctime: 1.226679e-01 wtime: 1.969930e-04
numproj: 49 numback: 25
proj: 2.549315e-01 s (180.685307 GFLOPS) backproj: 1.006767e-01 s (233.432359 GFLOPS) avGFLOPS: 195.618599 totGFLOPS: 195.618599
proj: 804.989795 GB/s back: 840.844484 GB/s av: 815.140667 GB/s tot: 815.140667 GB/s
Total Time: 1.706079e+02
NUM. THETA             : 375
NUM. RHO               : 1024
NUM. X PIXELS          : 1024
NUM. Y PIXELS          : 1024

NUM. OF PIXELS         : 1048576
NUM. OF RAYS           : 384000

NUM. ITERATIONS        : 24

SPATIAL TILE SIZE      : 32
SPECTRAL TILE SIZE     : 32

NUMBER OF X TILES      : 32
NUMBER OF Y TILES      : 32
NUM. OF THETA TILES    : 12
NUM. OF RHO TILES      : 32

NUM. SPATIAL TILES     : 1024
NUM. SPECTRAL TILES    : 384

NUM. OF X PIXELS (EXT) : 1024
NUM. OF Y PIXELS (EXT) : 1024
NUM. OF ANGLES (EXT)   : 384
NUM. OF RHOS (EXT)     : 1024

NUM. OF PIXELS (EXT)   : 1048576
NUM. OF RAYS (EXT)     : 393216

NUMBER OF PROCESSES    : 1
NUMBER OF THRD./PROC.  : 32

INTEGER: 4, FLOAT: 4, LONG: 8, SHORT: 2, POINTER: 8
APPROX. MEMORY     TOTAL: 8.789062e+00 GB
APPROX. MEMORY PER PROC.: 8.789062e+00 GB

X START       : -5.120000e+02
Y START       : -5.120000e+02
PIXEL SIZE    : 1.000000e+00
RHO START     : -5.120000e+02
RAY LENGTH    : 2.048000e+03

SPATIAL INDEXING       : 5
SPECTRAL INDEXING      : 5
 1: CARTESIAN, NATURAL
 2: CARTESIAN, TRANSPOSED
 3: MORTON, NATURAL
 4: MORTON, TRANSPOSED
PROJECTION BLOCK SIZE      : 128
BACKPROJECTION BLOCK SIZE  : 128
PROJECTION BUFFER SIZE      : 8 KB
BACKPROJECTION BUFFER SIZE  : 8 KB

SINOGRAM FILE : /home/ccuser/MemXCT/MemXCT_datasets/CDS2_sinogram.bin
   THETA FILE : /home/ccuser/MemXCT/MemXCT_datasets/CDS2_theta.bin
  OUTPUT FILE : /home/ccuser/MemXCT/recon_CDS2.bin


PLACE TILES
lspat 32 lspatdim 32
lspec 32 lspecdim 32
MPI PARTITIONING
proc: 0 numspats: 1024 numpixs: 1048576 numspecs: 384 numrays: 393216
maxnumpix: 1048576 maxnumray: 393216
FILL PIXELS AND RAYS
INPUT THETA DATA
DOMAIN PARTITIONING
myid 0 raynuminc 384000/384000 raynumout 384000/384000

CONSTRUCT PROJECTION MATRIX
CSR STORAGE: 470024162 (3.501953 GB) rownzmax 2046
RAY-TRACING TIME: 4.809800e+01
CONSTRUCT BACKPROJECTION MATRIX
CSR STORAGE: 470024162 (3.501953 GB) rownzmax 607
TRANSPOSITION TIME: 8.275886e+00

BLOCKING PROJECTION MATRIX
NUMBER OF BLOCKS: 3000 BUFFSIZE: 2048
NUMBER OF BUFFERS: 35674 AVERAGE BUFF/BLOCK: 11.891334 MAX BUFF/BLOCK: 22
BUFF MAP: 73060352 (0.272171 GB)
ELLPACK STORAGE: 649310848 (3.628307 GB) buffnzmax: 354 STORAGE EFFICIENCY: 1.085822 DATA REUSE: 6.710654
BLOCKING TIME: 2.290088e+01
BLOCKING BACKPROJECTION MATRIX
NUMBER OF BLOCKS: 8192 BUFFSIZE: 2048
NUMBER OF BUFFERS: 23450 AVERAGE BUFF/BLOCK: 2.862549 MAX BUFF/BLOCK: 3
BUFF MAP: 48025600 (0.178909 GB)
ELLPACK STORAGE: 532339456 (2.974679 GB) buffnzmax: 426 STORAGE EFFICIENCY: 1.324411 DATA REUSE: 10.666677
BLOCKING TIME: 1.694128e+01

FILL PROJECTION MATRIX
TIME: 2.852863e+01
FILL BACKPROJECTION MATRIX
TIME: 2.897099e+01
REDUCTION MAPPINGS
PREPROCESSING TIME: 1.537196e+02
myid: 0 device: 0

Device Count: 2
Device 0 name: 812097520
Computational Capabilities: 7, 0
Maximum global memory size: 16945512448
Maximum constant memory size: 65536
Maximum shared memory size per block: 49152
Maximum block dimensions: 1024x1024x64
Maximum grid dimensions: 2147483647x65535x65535
Maximum threads per block: 1024
Warp size: 32

PROC 0 TOTAL GPU MEMORY: 9.937828 GB
INPUT MEASUREMENT DATA
INPUT ENDS
GRADIENT-DESCENT OPTIMIZATION
iter: 0 error: 5.498391e+04 gradnorm: 1.963865e+10
iter: 1 error: 3.375405e+03 gradnorm: 2.933230e+08
iter: 2 error: 1.127916e+03 gradnorm: 5.687502e+07
iter: 3 error: 4.702573e+02 gradnorm: 1.895911e+07
iter: 4 error: 3.071320e+02 gradnorm: 8.957474e+06
iter: 5 error: 2.100911e+02 gradnorm: 2.580077e+06
iter: 6 error: 1.482710e+02 gradnorm: 1.226161e+06
iter: 7 error: 1.195133e+02 gradnorm: 1.056372e+06
iter: 8 error: 9.872090e+01 gradnorm: 8.714392e+05
iter: 9 error: 9.053437e+01 gradnorm: 1.523857e+06
iter: 10 error: 7.637779e+01 gradnorm: 4.641229e+05
iter: 11 error: 6.296091e+01 gradnorm: 3.333390e+05
iter: 12 error: 5.227446e+01 gradnorm: 2.613839e+05
iter: 13 error: 4.613977e+01 gradnorm: 2.711597e+05
iter: 14 error: 4.012511e+01 gradnorm: 1.303075e+05
iter: 15 error: 3.543341e+01 gradnorm: 2.648998e+05
iter: 16 error: 3.400619e+01 gradnorm: 1.750625e+05
iter: 17 error: 3.166923e+01 gradnorm: 1.747668e+05
iter: 18 error: 3.017079e+01 gradnorm: 9.521069e+04
iter: 19 error: 2.745422e+01 gradnorm: 5.659299e+04
iter: 20 error: 2.609411e+01 gradnorm: 6.461439e+04
iter: 21 error: 2.472409e+01 gradnorm: 4.363285e+04
iter: 22 error: 2.385796e+01 gradnorm: 4.367171e+04
iter: 23 error: 2.317613e+01 gradnorm: 2.765428e+04
iter: 24 error: 2.244276e+01 gradnorm: 5.426510e+04
recon: 5.791698e-01 proj: 3.201780e-01 (2.549693e-01 3.322399e-02 8.772804e-03) backproj: 1.357555e-01 (4.910339e-03 1.975823e-02 1.006123e-01) ctime: 1.229862e-01 wtime: 1.976890e-04
numproj: 49 numback: 25
proj: 2.549693e-01 s (180.658479 GFLOPS) backproj: 1.006123e-01 s (233.581887 GFLOPS) avGFLOPS: 195.633228 totGFLOPS: 195.633228
proj: 804.870269 GB/s back: 841.383097 GB/s av: 815.201623 GB/s tot: 815.201623 GB/s
Total Time: 1.704780e+02
NUM. THETA             : 375
NUM. RHO               : 1024
NUM. X PIXELS          : 1024
NUM. Y PIXELS          : 1024

NUM. OF PIXELS         : 1048576
NUM. OF RAYS           : 384000

NUM. ITERATIONS        : 24

SPATIAL TILE SIZE      : 32
SPECTRAL TILE SIZE     : 32

NUMBER OF X TILES      : 32
NUMBER OF Y TILES      : 32
NUM. OF THETA TILES    : 12
NUM. OF RHO TILES      : 32

NUM. SPATIAL TILES     : 1024
NUM. SPECTRAL TILES    : 384

NUM. OF X PIXELS (EXT) : 1024
NUM. OF Y PIXELS (EXT) : 1024
NUM. OF ANGLES (EXT)   : 384
NUM. OF RHOS (EXT)     : 1024

NUM. OF PIXELS (EXT)   : 1048576
NUM. OF RAYS (EXT)     : 393216

NUMBER OF PROCESSES    : 1
NUMBER OF THRD./PROC.  : 32

INTEGER: 4, FLOAT: 4, LONG: 8, SHORT: 2, POINTER: 8
APPROX. MEMORY     TOTAL: 8.789062e+00 GB
APPROX. MEMORY PER PROC.: 8.789062e+00 GB

X START       : -5.120000e+02
Y START       : -5.120000e+02
PIXEL SIZE    : 1.000000e+00
RHO START     : -5.120000e+02
RAY LENGTH    : 2.048000e+03

SPATIAL INDEXING       : 5
SPECTRAL INDEXING      : 5
 1: CARTESIAN, NATURAL
 2: CARTESIAN, TRANSPOSED
 3: MORTON, NATURAL
 4: MORTON, TRANSPOSED
PROJECTION BLOCK SIZE      : 128
BACKPROJECTION BLOCK SIZE  : 128
PROJECTION BUFFER SIZE      : 8 KB
BACKPROJECTION BUFFER SIZE  : 8 KB

SINOGRAM FILE : /home/ccuser/MemXCT/MemXCT_datasets/CDS2_sinogram.bin
   THETA FILE : /home/ccuser/MemXCT/MemXCT_datasets/CDS2_theta.bin
  OUTPUT FILE : /home/ccuser/MemXCT/recon_CDS2.bin


PLACE TILES
lspat 32 lspatdim 32
lspec 32 lspecdim 32
MPI PARTITIONING
proc: 0 numspats: 1024 numpixs: 1048576 numspecs: 384 numrays: 393216
maxnumpix: 1048576 maxnumray: 393216
FILL PIXELS AND RAYS
INPUT THETA DATA
DOMAIN PARTITIONING
myid 0 raynuminc 384000/384000 raynumout 384000/384000

CONSTRUCT PROJECTION MATRIX
CSR STORAGE: 470024162 (3.501953 GB) rownzmax 2046
RAY-TRACING TIME: 4.761535e+01
CONSTRUCT BACKPROJECTION MATRIX
CSR STORAGE: 470024162 (3.501953 GB) rownzmax 607
TRANSPOSITION TIME: 8.194662e+00

BLOCKING PROJECTION MATRIX
NUMBER OF BLOCKS: 3000 BUFFSIZE: 2048
NUMBER OF BUFFERS: 35674 AVERAGE BUFF/BLOCK: 11.891334 MAX BUFF/BLOCK: 22
BUFF MAP: 73060352 (0.272171 GB)
ELLPACK STORAGE: 649310848 (3.628307 GB) buffnzmax: 354 STORAGE EFFICIENCY: 1.085822 DATA REUSE: 6.710654
BLOCKING TIME: 2.252344e+01
BLOCKING BACKPROJECTION MATRIX
NUMBER OF BLOCKS: 8192 BUFFSIZE: 2048
NUMBER OF BUFFERS: 23450 AVERAGE BUFF/BLOCK: 2.862549 MAX BUFF/BLOCK: 3
BUFF MAP: 48025600 (0.178909 GB)
ELLPACK STORAGE: 532339456 (2.974679 GB) buffnzmax: 426 STORAGE EFFICIENCY: 1.324411 DATA REUSE: 10.666677
BLOCKING TIME: 1.679888e+01

FILL PROJECTION MATRIX
TIME: 2.816647e+01
FILL BACKPROJECTION MATRIX
TIME: 2.850069e+01
REDUCTION MAPPINGS
PREPROCESSING TIME: 1.518034e+02
myid: 0 device: 0

Device Count: 2
Device 0 name: 435046608
Computational Capabilities: 7, 0
Maximum global memory size: 16945512448
Maximum constant memory size: 65536
Maximum shared memory size per block: 49152
Maximum block dimensions: 1024x1024x64
Maximum grid dimensions: 2147483647x65535x65535
Maximum threads per block: 1024
Warp size: 32

PROC 0 TOTAL GPU MEMORY: 9.937828 GB
INPUT MEASUREMENT DATA
INPUT ENDS
GRADIENT-DESCENT OPTIMIZATION
iter: 0 error: 5.498391e+04 gradnorm: 1.963865e+10
iter: 1 error: 3.375404e+03 gradnorm: 2.933229e+08
iter: 2 error: 1.127916e+03 gradnorm: 5.687502e+07
iter: 3 error: 4.702574e+02 gradnorm: 1.895911e+07
iter: 4 error: 3.071321e+02 gradnorm: 8.957468e+06
iter: 5 error: 2.100912e+02 gradnorm: 2.580082e+06
iter: 6 error: 1.482708e+02 gradnorm: 1.226122e+06
iter: 7 error: 1.195068e+02 gradnorm: 1.054368e+06
iter: 8 error: 9.849387e+01 gradnorm: 8.042859e+05
iter: 9 error: 8.900245e+01 gradnorm: 1.707411e+06
iter: 10 error: 7.635918e+01 gradnorm: 4.699645e+05
iter: 11 error: 6.296080e+01 gradnorm: 3.333730e+05
iter: 12 error: 5.227453e+01 gradnorm: 2.614052e+05
iter: 13 error: 4.614162e+01 gradnorm: 2.714066e+05
iter: 14 error: 4.014314e+01 gradnorm: 1.334684e+05
iter: 15 error: 3.600729e+01 gradnorm: 2.931433e+05
iter: 16 error: 3.382073e+01 gradnorm: 1.616035e+05
iter: 17 error: 3.227066e+01 gradnorm: 2.382487e+05
iter: 18 error: 3.024476e+01 gradnorm: 8.300848e+04
iter: 19 error: 2.745809e+01 gradnorm: 5.678996e+04
iter: 20 error: 2.611291e+01 gradnorm: 6.540057e+04
iter: 21 error: 2.475549e+01 gradnorm: 4.551986e+04
iter: 22 error: 2.390853e+01 gradnorm: 4.344933e+04
iter: 23 error: 2.319019e+01 gradnorm: 2.902894e+04
iter: 24 error: 2.272009e+01 gradnorm: 8.112962e+04
recon: 5.810749e-01 proj: 3.208221e-01 (2.550264e-01 3.433965e-02 8.339420e-03) backproj: 1.368389e-01 (4.897739e-03 1.969444e-02 1.006730e-01) ctime: 1.231582e-01 wtime: 2.044960e-04
numproj: 49 numback: 25
proj: 2.550264e-01 s (180.618014 GFLOPS) backproj: 1.006730e-01 s (233.441043 GFLOPS) avGFLOPS: 195.568424 totGFLOPS: 195.568424
proj: 804.689993 GB/s back: 840.875762 GB/s av: 814.931588 GB/s tot: 814.931588 GB/s
Total Time: 1.685772e+02
